<?xml version="1.0" encoding="UTF-8"?>
<!-- Generated by org.testng.reporters.JUnitXMLReporter -->
<testsuite hostname="LAPTOP-JB3M8V7H" ignored="60" name="Default test" tests="1" failures="0" timestamp="16 feb 2018 18:32:45 GMT" time="163.575" errors="0">
  <testcase name="TS94716_Ventas_VentasGestiones_Visualizar_un_historico_de_gestiones_realizadas" time="91.019" classname="Tests.Sales2"/>
  <testcase name="TS95515_Alta_de_Cuenta_Business_Visualizar_los_campos_de_documentacion_impositiva_abajo" time="0.0" classname="Tests.Sales2">
    <ignored/>
  </testcase> <!-- TS95515_Alta_de_Cuenta_Business_Visualizar_los_campos_de_documentacion_impositiva_abajo -->
  <testcase name="TS94503_Alta_Linea_Configurar_Nueva_Linea_Visualizar_lineas_pre_asignadas_automaticamente_XX" time="0.0" classname="Tests.Sales2">
    <ignored/>
  </testcase> <!-- TS94503_Alta_Linea_Configurar_Nueva_Linea_Visualizar_lineas_pre_asignadas_automaticamente_XX -->
  <testcase name="TS94590_Alta_de_Contacto_Persona_Fisica_Verificar_campos_inhabilitados_hasta_la_validacion_existosa_del_contacto_XX" time="0.0" classname="Tests.Sales2">
    <ignored/>
  </testcase> <!-- TS94590_Alta_de_Contacto_Persona_Fisica_Verificar_campos_inhabilitados_hasta_la_validacion_existosa_del_contacto_XX -->
  <testcase name="TS94505_Alta_Linea_Configurar_Nueva_Linea_Visualizar_misma_cantidad_de_lineas_que_planes_XX" time="0.0" classname="Tests.Sales2">
    <ignored/>
  </testcase> <!-- TS94505_Alta_Linea_Configurar_Nueva_Linea_Visualizar_misma_cantidad_de_lineas_que_planes_XX -->
  <testcase name="TS94501_Alta_Linea_Configurar_Nueva_Linea_Visualizar_filtros_de_localidad_y_provincia_al_modificar_linea_XX" time="0.0" classname="Tests.Sales2">
    <ignored/>
  </testcase> <!-- TS94501_Alta_Linea_Configurar_Nueva_Linea_Visualizar_filtros_de_localidad_y_provincia_al_modificar_linea_XX -->
  <testcase name="TS95111_Ventas_General_Verificar_Que_No_Se_Puede_Seleccionar_Una_Linea_Decisora_ProcesoVenta" time="0.0" classname="Tests.Sales2">
    <ignored/>
  </testcase> <!-- TS95111_Ventas_General_Verificar_Que_No_Se_Puede_Seleccionar_Una_Linea_Decisora_ProcesoVenta -->
  <testcase name="TS94714_Ventas_BuscarCliente_Verificar_Solo_Clientes_No_Activos" time="0.0" classname="Tests.Sales2">
    <ignored/>
  </testcase> <!-- TS94714_Ventas_BuscarCliente_Verificar_Solo_Clientes_No_Activos -->
  <testcase name="TS94646_Ventas_NumeroOrden_Verificar_Orden_de_Venta_Abierta_Medio_de_Pago" time="0.0" classname="Tests.Sales2">
    <ignored/>
  </testcase> <!-- TS94646_Ventas_NumeroOrden_Verificar_Orden_de_Venta_Abierta_Medio_de_Pago -->
  <testcase name="TS94691_Nueva_Venta_Modo_de_Entrega_Verificar_que_no_se_puede_cambiar_el_Modo_de_Entrega_Store_Pick_Up" time="0.0" classname="Tests.Sales2">
    <ignored/>
  </testcase> <!-- TS94691_Nueva_Venta_Modo_de_Entrega_Verificar_que_no_se_puede_cambiar_el_Modo_de_Entrega_Store_Pick_Up -->
  <testcase name="TS94611_Alta_Linea_Nueva_Venta_Verificar_acceso_a_Nueva_Venta_desde_vista_360" time="0.0" classname="Tests.Sales2">
    <ignored/>
  </testcase> <!-- TS94611_Alta_Linea_Nueva_Venta_Verificar_acceso_a_Nueva_Venta_desde_vista_360 -->
  <testcase name="TS94779_Ventas_Entregas_General_Store_Pickup_Consulta_stock_por_PDV_Visualizar_el_campo_LOCALIDAD_con_un_desplegable_que_permita_seleccionar_una" time="0.0" classname="Tests.Sales2">
    <ignored/>
  </testcase> <!-- TS94779_Ventas_Entregas_General_Store_Pickup_Consulta_stock_por_PDV_Visualizar_el_campo_LOCALIDAD_con_un_desplegable_que_permita_seleccionar_una -->
  <testcase name="TS94641_Ventas_NumeroOrden_Verificar_Orden_de_Venta_Abierta_Nueva_Venta" time="0.0" classname="Tests.Sales2">
    <ignored/>
  </testcase> <!-- TS94641_Ventas_NumeroOrden_Verificar_Orden_de_Venta_Abierta_Nueva_Venta -->
  <testcase name="TS94497_Alta_Linea_Configurar_Nueva_Linea_Intentar_pasar_al_siguiente_paso_lineas_incompletas_XX" time="0.0" classname="Tests.Sales2">
    <ignored/>
  </testcase> <!-- TS94497_Alta_Linea_Configurar_Nueva_Linea_Intentar_pasar_al_siguiente_paso_lineas_incompletas_XX -->
  <testcase name="TS94903_Venta_Medio_de_pago_Verificar_LOV_para_canal_Presencial_Oficinas_Comerciales_POC" time="0.0" classname="Tests.Sales2">
    <ignored/>
  </testcase> <!-- TS94903_Venta_Medio_de_pago_Verificar_LOV_para_canal_Presencial_Oficinas_Comerciales_POC -->
  <testcase name="TS94496_Alta_Linea_Configurar_Nueva_Linea_Desplegar_desde_la_descripcion_del_plan_todas_las_lineas_XX" time="0.0" classname="Tests.Sales2">
    <ignored/>
  </testcase> <!-- TS94496_Alta_Linea_Configurar_Nueva_Linea_Desplegar_desde_la_descripcion_del_plan_todas_las_lineas_XX -->
  <testcase name="TS94637_Ventas_Nueva_Venta_Verificar_creacion_orden_de_venta_Usuario" time="0.0" classname="Tests.Sales2">
    <ignored/>
  </testcase> <!-- TS94637_Ventas_Nueva_Venta_Verificar_creacion_orden_de_venta_Usuario -->
  <testcase name="TS94935_Ventas_Modo_De_Pago_Tarjeta_Verificar_Campos_Opcionales_Medio_De_Pago_TC" time="0.0" classname="Tests.Sales2">
    <ignored/>
  </testcase> <!-- TS94935_Ventas_Modo_De_Pago_Tarjeta_Verificar_Campos_Opcionales_Medio_De_Pago_TC -->
  <testcase name="TS94807_Configuracion_Verificar_Asignacion_De_Seriales_AgentePresencial" time="0.0" classname="Tests.Sales2">
    <ignored/>
  </testcase> <!-- TS94807_Configuracion_Verificar_Asignacion_De_Seriales_AgentePresencial -->
  <testcase name="TS94777_Ventas_Entregas_General_Store_Pickup_Consulta_stock_por_PDV_Visualizar_campos_filtro_de_la_consulta" time="0.0" classname="Tests.Sales2">
    <ignored/>
  </testcase> <!-- TS94777_Ventas_Entregas_General_Store_Pickup_Consulta_stock_por_PDV_Visualizar_campos_filtro_de_la_consulta -->
  <testcase name="TS94698_Nueva_Venta_Modo_de_Entrega_Verificar_Solicitud_de_Domicilio_de_envio_Envio_Estandar" time="0.0" classname="Tests.Sales2">
    <ignored/>
  </testcase> <!-- TS94698_Nueva_Venta_Modo_de_Entrega_Verificar_Solicitud_de_Domicilio_de_envio_Envio_Estandar -->
  <testcase name="TS94785_Ventas_Entregas_General_Verificar_que_se_pueda_seleccionar_ModEntrega_Tangible" time="0.0" classname="Tests.Sales2">
    <ignored/>
  </testcase> <!-- TS94785_Ventas_Entregas_General_Verificar_que_se_pueda_seleccionar_ModEntrega_Tangible -->
  <testcase name="TS94508_Alta_Linea_Modo_de_Entrega_Seleccionar_modo_de_entrega_presencial_Producto_Tangible_52" time="0.0" classname="Tests.Sales2">
    <ignored/>
  </testcase> <!-- TS94508_Alta_Linea_Modo_de_Entrega_Seleccionar_modo_de_entrega_presencial_Producto_Tangible_52 -->
  <testcase name="TS94529_Alta_de_Contacto_Persona_Fisica_Confirmar_direccion_de_email_existente_30" time="0.0" classname="Tests.Sales2">
    <ignored/>
  </testcase> <!-- TS94529_Alta_de_Contacto_Persona_Fisica_Confirmar_direccion_de_email_existente_30 -->
  <testcase name="TS94502_Alta_Linea_Configurar_Nueva_Linea_Visualizar_home_de_la_linea_pre_asignada_correspondiente_a_direccion_de_facturacion_XX" time="0.0" classname="Tests.Sales2">
    <ignored/>
  </testcase> <!-- TS94502_Alta_Linea_Configurar_Nueva_Linea_Visualizar_home_de_la_linea_pre_asignada_correspondiente_a_direccion_de_facturacion_XX -->
  <testcase name="TS94530_Alta_de_Contacto_Persona_Fisica_Dar_de_alta_un_contacto_nuevo_48" time="0.0" classname="Tests.Sales2">
    <ignored/>
  </testcase> <!-- TS94530_Alta_de_Contacto_Persona_Fisica_Dar_de_alta_un_contacto_nuevo_48 -->
  <testcase name="TS94778_Ventas_Entregas_General_Store_Pickup_Consulta_stock_por_PDV_Visualizar_el_campo_PROVINCIA_con_un_desplegable_que_permita_seleccionar_una" time="0.0" classname="Tests.Sales2">
    <ignored/>
  </testcase> <!-- TS94778_Ventas_Entregas_General_Store_Pickup_Consulta_stock_por_PDV_Visualizar_el_campo_PROVINCIA_con_un_desplegable_que_permita_seleccionar_una -->
  <testcase name="TS94639_Ventas_Nueva_Venta_Verificar_creacion_orden_de_venta_desde_un_Asset_Usuario" time="0.0" classname="Tests.Sales2">
    <ignored/>
  </testcase> <!-- TS94639_Ventas_Nueva_Venta_Verificar_creacion_orden_de_venta_desde_un_Asset_Usuario -->
  <testcase name="TS94647_Ventas_NumeroOrden_Visualizar_Orden_de_Venta_Abierta_ICCID" time="0.0" classname="Tests.Sales2">
    <ignored/>
  </testcase> <!-- TS94647_Ventas_NumeroOrden_Visualizar_Orden_de_Venta_Abierta_ICCID -->
  <testcase name="TS94495_Alta_Linea_Configurar_Nueva_Linea_Cancelar_la_venta_al_no_tener_lineas_disponibles_XX" time="0.0" classname="Tests.Sales2">
    <ignored/>
  </testcase> <!-- TS94495_Alta_Linea_Configurar_Nueva_Linea_Cancelar_la_venta_al_no_tener_lineas_disponibles_XX -->
  <testcase name="TS94494_Alta_Linea_Configurar_Nueva_Linea_Buscar_nuevo_lote_de_lineas_pre_asignadas_XX" time="0.0" classname="Tests.Sales2">
    <ignored/>
  </testcase> <!-- TS94494_Alta_Linea_Configurar_Nueva_Linea_Buscar_nuevo_lote_de_lineas_pre_asignadas_XX -->
  <testcase name="TS94762_Ventas_Modo_De_Pago_General_Verificar_LOV_Modalidad_De_Pago" time="0.0" classname="Tests.Sales2">
    <ignored/>
  </testcase> <!-- TS94762_Ventas_Modo_De_Pago_General_Verificar_LOV_Modalidad_De_Pago -->
  <testcase name="TS94696_Nueva_Venta_Modo_de_Entrega_Verificar_LOV_Tipo_de_Delivery" time="0.0" classname="Tests.Sales2">
    <ignored/>
  </testcase> <!-- TS94696_Nueva_Venta_Modo_de_Entrega_Verificar_LOV_Tipo_de_Delivery -->
  <testcase name="TS94590_Alta_De_Contacto_Persona_Fisica_Verificar_Categoria_Impositiva_Por_Default" time="0.0" classname="Tests.Sales2">
    <ignored/>
  </testcase> <!-- TS94590_Alta_De_Contacto_Persona_Fisica_Verificar_Categoria_Impositiva_Por_Default -->
  <testcase name="TS94782_Ventas_Entregas_General_Store_Pickup_Consulta_stock_por_PDV_Verificar_que_se_hablilite_solo_las_localidades_con_punto_de_venta_para_Store_Pickup" time="0.0" classname="Tests.Sales2">
    <ignored/>
  </testcase> <!-- TS94782_Ventas_Entregas_General_Store_Pickup_Consulta_stock_por_PDV_Verificar_que_se_hablilite_solo_las_localidades_con_punto_de_venta_para_Store_Pickup -->
  <testcase name="TS94913_Ventas_General_Verificar_Completitud_Pendiente_para_cada_estado" time="0.0" classname="Tests.Sales2">
    <ignored/>
  </testcase> <!-- TS94913_Ventas_General_Verificar_Completitud_Pendiente_para_cada_estado -->
  <testcase name="TS94947_Alta_de_Contacto_Busqueda_Verificar_boton_3_sobre_contactos" time="0.0" classname="Tests.Sales2">
    <ignored/>
  </testcase> <!-- TS94947_Alta_de_Contacto_Busqueda_Verificar_boton_3_sobre_contactos -->
  <testcase name="TS94651_Ventas_NumeroOrden_Verificar_Orden_de_Venta_Abierta_Seleccion_de_Linea" time="0.0" classname="Tests.Sales2">
    <ignored/>
  </testcase> <!-- TS94651_Ventas_NumeroOrden_Verificar_Orden_de_Venta_Abierta_Seleccion_de_Linea -->
  <testcase name="TS94730_Alta_De_Linea_Verificar_LOV_De_Modalidad_Entrega_Para_Canal_Presencial_Agentes" time="0.0" classname="Tests.Sales2">
    <ignored/>
  </testcase> <!-- TS94730_Alta_De_Linea_Verificar_LOV_De_Modalidad_Entrega_Para_Canal_Presencial_Agentes -->
  <testcase name="TS94566_Alta_De_Contacto_Persona_Fisica_Verificar_Mascara_Del_Campo_CUIT" time="0.0" classname="Tests.Sales2">
    <ignored/>
  </testcase> <!-- TS94566_Alta_De_Contacto_Persona_Fisica_Verificar_Mascara_Del_Campo_CUIT -->
  <testcase name="TS94650_Ventas_NumeroOrden_Verificar_Orden_de_Venta_Abierta_Seleccionar_un_producto" time="0.0" classname="Tests.Sales2">
    <ignored/>
  </testcase> <!-- TS94650_Ventas_NumeroOrden_Verificar_Orden_de_Venta_Abierta_Seleccionar_un_producto -->
  <testcase name="TS94504_Alta_Linea_Configurar_Nueva_Linea_Visualizar_mensaje_y_opciones_de_lineas_no_disponibles_XX" time="0.0" classname="Tests.Sales2">
    <ignored/>
  </testcase> <!-- TS94504_Alta_Linea_Configurar_Nueva_Linea_Visualizar_mensaje_y_opciones_de_lineas_no_disponibles_XX -->
  <testcase name="TS94498_Alta_Linea_Configurar_Nueva_Linea_Modificar_linea_pre_asignada_ultimos_cuatro_digitos_XX" time="0.0" classname="Tests.Sales2">
    <ignored/>
  </testcase> <!-- TS94498_Alta_Linea_Configurar_Nueva_Linea_Modificar_linea_pre_asignada_ultimos_cuatro_digitos_XX -->
  <testcase name="TS94499_Alta_Linea_Configurar_Nueva_Linea_Presionar_el_boton_Buscar_XX" time="0.0" classname="Tests.Sales2">
    <ignored/>
  </testcase> <!-- TS94499_Alta_Linea_Configurar_Nueva_Linea_Presionar_el_boton_Buscar_XX -->
  <testcase name="TS94625_Alta_Linea_Asignar_SIMCARD_Verificar_que_se_agrege_la_seleccion_al_carrito" time="0.0" classname="Tests.Sales2">
    <ignored/>
  </testcase> <!-- TS94625_Alta_Linea_Asignar_SIMCARD_Verificar_que_se_agrege_la_seleccion_al_carrito -->
  <testcase name="TS94642_Ventas_NumeroOrden_Visualizar_Orden_de_Venta_Abierta_Seleccionar_un_producto" time="0.0" classname="Tests.Sales2">
    <ignored/>
  </testcase> <!-- TS94642_Ventas_NumeroOrden_Visualizar_Orden_de_Venta_Abierta_Seleccionar_un_producto -->
  <testcase name="TS94582_Alta_de_Contacto_Persona_Fisica_Verificar_confirmacion_de_adjunto_exitoso_XX" time="0.0" classname="Tests.Sales2">
    <ignored/>
  </testcase> <!-- TS94582_Alta_de_Contacto_Persona_Fisica_Verificar_confirmacion_de_adjunto_exitoso_XX -->
  <testcase name="TS95208_Alta_de_Cuenta_Usuario_Verificar_datos_para_la_creacion_de_usuarios" time="0.0" classname="Tests.Sales2">
    <ignored/>
  </testcase> <!-- TS95208_Alta_de_Cuenta_Usuario_Verificar_datos_para_la_creacion_de_usuarios -->
  <testcase name="TS94644_Ventas_NumeroOrden_Visualizar_Orden_de_Venta_Abierta_Modo_de_Entrega" time="0.0" classname="Tests.Sales2">
    <ignored/>
  </testcase> <!-- TS94644_Ventas_NumeroOrden_Visualizar_Orden_de_Venta_Abierta_Modo_de_Entrega -->
  <testcase name="TS94690_Nueva_Venta_Modo_de_Entrega_Verificar_que_no_se_puede_cambiar_el_Modo_de_Entrega_Delivery" time="0.0" classname="Tests.Sales2">
    <ignored/>
  </testcase> <!-- TS94690_Nueva_Venta_Modo_de_Entrega_Verificar_que_no_se_puede_cambiar_el_Modo_de_Entrega_Delivery -->
  <testcase name="TS94880_Alta_De_Contacto_Busqueda_Verificar_Accion_De_Ver_Detalle_De_Contacto" time="0.0" classname="Tests.Sales2">
    <ignored/>
  </testcase> <!-- TS94880_Alta_De_Contacto_Busqueda_Verificar_Accion_De_Ver_Detalle_De_Contacto -->
  <testcase name="TS94733_Alta_De_Linea_Verificar_Default_De_Modalidad_Entrega_Para_Canal_Presencial_Agentes" time="0.0" classname="Tests.Sales2">
    <ignored/>
  </testcase> <!-- TS94733_Alta_De_Linea_Verificar_Default_De_Modalidad_Entrega_Para_Canal_Presencial_Agentes -->
  <testcase name="TS94699_Nueva_Venta_Modo_de_Entrega_Verificar_Solicitud_de_Domicilio_de_envio_Envio_Express" time="0.0" classname="Tests.Sales2">
    <ignored/>
  </testcase> <!-- TS94699_Nueva_Venta_Modo_de_Entrega_Verificar_Solicitud_de_Domicilio_de_envio_Envio_Express -->
  <testcase name="TS94694_Nueva_Venta_Modo_de_Entrega_Verificar_que_se_habilite_Tipo_de_Delivery" time="0.0" classname="Tests.Sales2">
    <ignored/>
  </testcase> <!-- TS94694_Nueva_Venta_Modo_de_Entrega_Verificar_que_se_habilite_Tipo_de_Delivery -->
  <testcase name="TS94763_Ventas_Entregas_General_Modificar_el_lugar_de_entrega" time="0.0" classname="Tests.Sales2">
    <ignored/>
  </testcase> <!-- TS94763_Ventas_Entregas_General_Modificar_el_lugar_de_entrega -->
  <testcase name="TS94972_Alta_Cuenta_Busqueda_Verificar_flujo_de_cuenta_Clonada" time="0.0" classname="Tests.Sales2">
    <ignored/>
  </testcase> <!-- TS94972_Alta_Cuenta_Busqueda_Verificar_flujo_de_cuenta_Clonada -->
  <testcase name="TS94652_Ventas_NumeroOrden_Verificar_Orden_de_Venta_Abierta_Modo_de_Entrega" time="0.0" classname="Tests.Sales2">
    <ignored/>
  </testcase> <!-- TS94652_Ventas_NumeroOrden_Verificar_Orden_de_Venta_Abierta_Modo_de_Entrega -->
  <testcase name="TS95207_Alta_de_Cuenta_Usuario_Verificar_usuario_del_asset_por_default" time="0.0" classname="Tests.Sales2">
    <ignored/>
  </testcase> <!-- TS95207_Alta_de_Cuenta_Usuario_Verificar_usuario_del_asset_por_default -->
  <testcase name="TS94643_Ventas_NumeroOrden_Verificar_Orden_de_Venta_Abierta_Seleccion_de_Linea" time="0.0" classname="Tests.Sales2">
    <ignored/>
  </testcase> <!-- TS94643_Ventas_NumeroOrden_Verificar_Orden_de_Venta_Abierta_Seleccion_de_Linea -->
  <testcase name="TS94936_Ventas_Modo_De_Pago_Tarjeta_Verificar_Campos_requeridos_Medio_De_Pago_TC" time="0.0" classname="Tests.Sales2">
    <ignored/>
  </testcase> <!-- TS94936_Ventas_Modo_De_Pago_Tarjeta_Verificar_Campos_requeridos_Medio_De_Pago_TC -->
  <testcase name="TS94554_Alta_De_Contacto_Persona_Fisica_Verificar_Campo_Tipo_De_Documento_Por_Default" time="0.0" classname="Tests.Sales2">
    <ignored/>
  </testcase> <!-- TS94554_Alta_De_Contacto_Persona_Fisica_Verificar_Campo_Tipo_De_Documento_Por_Default -->
</testsuite> <!-- Default test -->
