<?xml version="1.0" encoding="UTF-8"?>
<!-- Generated by org.testng.reporters.JUnitXMLReporter -->
<testsuite hostname="LAPTOP-ADMPVVC9" ignored="0" name="Test" tests="278" failures="119" timestamp="01 dic 2017 04:20:55 GMT" time="8513.436" errors="0">
  <testcase name="@BeforeMethod setUp" time="47.782" classname="Tests.testRegistroEventoMasico">
    <failure type="org.openqa.selenium.NoSuchElementException" message="no such element: Unable to locate element: {&amp;quot;method&amp;quot;:&amp;quot;xpath&amp;quot;,&amp;quot;selector&amp;quot;:&amp;quot;//a[text()=&amp;quot;TechCare/Massive Event - Create Case&amp;quot;]&amp;quot;}
  (Session info: chrome=62.0.3202.94)
  (Driver info: chromedriver=2.30.477700 (0057494ad8732195794a7b32078424f92a5fce41),platform=Windows NT 10.0.15063 x86_64) (WARNING: The server did not provide any stacktrace information)
Command duration or timeout: 65 milliseconds
For documentation on this error, please visit: http://seleniumhq.org/exceptions/no_such_element.html
Build info: version: &amp;apos;3.4.0&amp;apos;, revision: &amp;apos;unknown&amp;apos;, time: &amp;apos;unknown&amp;apos;
System info: host: &amp;apos;LAPTOP-ADMPVVC9&amp;apos;, ip: &amp;apos;10.112.4.196&amp;apos;, os.name: &amp;apos;Windows 10&amp;apos;, os.arch: &amp;apos;amd64&amp;apos;, os.version: &amp;apos;10.0&amp;apos;, java.version: &amp;apos;1.8.0_131&amp;apos;
Driver info: org.openqa.selenium.chrome.ChromeDriver
Capabilities [{applicationCacheEnabled=false, rotatable=false, mobileEmulationEnabled=false, networkConnectionEnabled=false, chrome={chromedriverVersion=2.30.477700 (0057494ad8732195794a7b32078424f92a5fce41), userDataDir=C:\Users\pablo\AppData\Local\Temp\scoped_dir14392_10592}, takesHeapSnapshot=true, pageLoadStrategy=normal, databaseEnabled=false, handlesAlerts=true, hasTouchScreen=false, version=62.0.3202.94, platform=XP, browserConnectionEnabled=false, nativeEvents=true, acceptSslCerts=true, locationContextEnabled=true, webStorageEnabled=true, browserName=chrome, takesScreenshot=true, javascriptEnabled=true, cssSelectorsEnabled=true, unexpectedAlertBehaviour=}]
Session ID: 0080143f8638588851387a194c9c3bef
*** Element info: {Using=xpath, value=//a[text()=&amp;quot;TechCare/Massive Event - Create Case&amp;quot;]}">
      <![CDATA[org.openqa.selenium.NoSuchElementException: no such element: Unable to locate element: {"method":"xpath","selector":"//a[text()="TechCare/Massive Event - Create Case"]"}
  (Session info: chrome=62.0.3202.94)
  (Driver info: chromedriver=2.30.477700 (0057494ad8732195794a7b32078424f92a5fce41),platform=Windows NT 10.0.15063 x86_64) (WARNING: The server did not provide any stacktrace information)
Command duration or timeout: 65 milliseconds
For documentation on this error, please visit: http://seleniumhq.org/exceptions/no_such_element.html
Build info: version: '3.4.0', revision: 'unknown', time: 'unknown'
System info: host: 'LAPTOP-ADMPVVC9', ip: '10.112.4.196', os.name: 'Windows 10', os.arch: 'amd64', os.version: '10.0', java.version: '1.8.0_131'
Driver info: org.openqa.selenium.chrome.ChromeDriver
Capabilities [{applicationCacheEnabled=false, rotatable=false, mobileEmulationEnabled=false, networkConnectionEnabled=false, chrome={chromedriverVersion=2.30.477700 (0057494ad8732195794a7b32078424f92a5fce41), userDataDir=C:\Users\pablo\AppData\Local\Temp\scoped_dir14392_10592}, takesHeapSnapshot=true, pageLoadStrategy=normal, databaseEnabled=false, handlesAlerts=true, hasTouchScreen=false, version=62.0.3202.94, platform=XP, browserConnectionEnabled=false, nativeEvents=true, acceptSslCerts=true, locationContextEnabled=true, webStorageEnabled=true, browserName=chrome, takesScreenshot=true, javascriptEnabled=true, cssSelectorsEnabled=true, unexpectedAlertBehaviour=}]
Session ID: 0080143f8638588851387a194c9c3bef
*** Element info: {Using=xpath, value=//a[text()="TechCare/Massive Event - Create Case"]}
	at org.openqa.selenium.remote.ErrorHandler.createThrowable(ErrorHandler.java:215)
	at org.openqa.selenium.remote.ErrorHandler.throwIfResponseFailed(ErrorHandler.java:167)
	at org.openqa.selenium.remote.RemoteWebDriver.execute(RemoteWebDriver.java:671)
	at org.openqa.selenium.remote.RemoteWebDriver.findElement(RemoteWebDriver.java:410)
	at org.openqa.selenium.remote.RemoteWebDriver.findElementByXPath(RemoteWebDriver.java:509)
	at org.openqa.selenium.By$ByXPath.findElement(By.java:361)
	at org.openqa.selenium.remote.RemoteWebDriver.findElement(RemoteWebDriver.java:402)
	at Tests.testRegistroEventoMasico.setUp(testRegistroEventoMasico.java:85)
	at java.util.concurrent.ThreadPoolExecutor.runWorker(Unknown Source)
	at java.util.concurrent.ThreadPoolExecutor$Worker.run(Unknown Source)
	at java.lang.Thread.run(Unknown Source)
... Removed 15 stack frames]]>
    </failure>
  </testcase> <!-- @BeforeMethod setUp -->
  <testcase name="@BeforeMethod setUp" time="0.0" classname="Tests.testRegistroEventoMasico">
    <skipped/>
  </testcase> <!-- @BeforeMethod setUp -->
  <testcase name="@BeforeMethod setUp" time="0.0" classname="Tests.testRegistroEventoMasico">
    <skipped/>
  </testcase> <!-- @BeforeMethod setUp -->
  <testcase name="@BeforeMethod setUp" time="0.0" classname="Tests.testRegistroEventoMasico">
    <skipped/>
  </testcase> <!-- @BeforeMethod setUp -->
  <testcase name="@BeforeMethod setUp" time="0.0" classname="Tests.testRegistroEventoMasico">
    <skipped/>
  </testcase> <!-- @BeforeMethod setUp -->
  <testcase name="@BeforeMethod setUp" time="0.0" classname="Tests.testRegistroEventoMasico">
    <skipped/>
  </testcase> <!-- @BeforeMethod setUp -->
  <testcase name="@BeforeMethod setUp" time="0.0" classname="Tests.testRegistroEventoMasico">
    <skipped/>
  </testcase> <!-- @BeforeMethod setUp -->
  <testcase name="@BeforeMethod setUp" time="0.0" classname="Tests.testRegistroEventoMasico">
    <skipped/>
  </testcase> <!-- @BeforeMethod setUp -->
  <testcase name="@BeforeMethod setUp" time="0.0" classname="Tests.testRegistroEventoMasico">
    <skipped/>
  </testcase> <!-- @BeforeMethod setUp -->
  <testcase name="@BeforeMethod setUp" time="0.0" classname="Tests.testRegistroEventoMasico">
    <skipped/>
  </testcase> <!-- @BeforeMethod setUp -->
  <testcase name="@BeforeMethod setUp" time="0.0" classname="Tests.testRegistroEventoMasico">
    <skipped/>
  </testcase> <!-- @BeforeMethod setUp -->
  <testcase name="@BeforeMethod setUp" time="0.0" classname="Tests.testRegistroEventoMasico">
    <skipped/>
  </testcase> <!-- @BeforeMethod setUp -->
  <testcase name="@BeforeMethod setUp" time="0.0" classname="Tests.testRegistroEventoMasico">
    <skipped/>
  </testcase> <!-- @BeforeMethod setUp -->
  <testcase name="@AfterClass tearDown" time="0.0" classname="Tests.testRegistroEventoMasico">
    <skipped/>
  </testcase> <!-- @AfterClass tearDown -->
  <testcase name="@BeforeMethod setUp" time="47.113" classname="Tests.TechnicalCareCSRSTTVista1">
    <failure type="org.openqa.selenium.InvalidElementStateException" message="invalid element state: Element is not currently interactable and may not be manipulated
  (Session info: chrome=62.0.3202.94)
  (Driver info: chromedriver=2.30.477700 (0057494ad8732195794a7b32078424f92a5fce41),platform=Windows NT 10.0.15063 x86_64) (WARNING: The server did not provide any stacktrace information)
Command duration or timeout: 24 milliseconds
Build info: version: &amp;apos;3.4.0&amp;apos;, revision: &amp;apos;unknown&amp;apos;, time: &amp;apos;unknown&amp;apos;
System info: host: &amp;apos;LAPTOP-ADMPVVC9&amp;apos;, ip: &amp;apos;10.112.4.196&amp;apos;, os.name: &amp;apos;Windows 10&amp;apos;, os.arch: &amp;apos;amd64&amp;apos;, os.version: &amp;apos;10.0&amp;apos;, java.version: &amp;apos;1.8.0_131&amp;apos;
Driver info: org.openqa.selenium.chrome.ChromeDriver
Capabilities [{applicationCacheEnabled=false, rotatable=false, mobileEmulationEnabled=false, networkConnectionEnabled=false, chrome={chromedriverVersion=2.30.477700 (0057494ad8732195794a7b32078424f92a5fce41), userDataDir=C:\Users\pablo\AppData\Local\Temp\scoped_dir2552_654}, takesHeapSnapshot=true, pageLoadStrategy=normal, databaseEnabled=false, handlesAlerts=true, hasTouchScreen=false, version=62.0.3202.94, platform=XP, browserConnectionEnabled=false, nativeEvents=true, acceptSslCerts=true, locationContextEnabled=true, webStorageEnabled=true, browserName=chrome, takesScreenshot=true, javascriptEnabled=true, cssSelectorsEnabled=true, unexpectedAlertBehaviour=}]
Session ID: 72bfe979e1b39871b4bbf84f074f1545">
      <![CDATA[org.openqa.selenium.InvalidElementStateException: invalid element state: Element is not currently interactable and may not be manipulated
  (Session info: chrome=62.0.3202.94)
  (Driver info: chromedriver=2.30.477700 (0057494ad8732195794a7b32078424f92a5fce41),platform=Windows NT 10.0.15063 x86_64) (WARNING: The server did not provide any stacktrace information)
Command duration or timeout: 24 milliseconds
Build info: version: '3.4.0', revision: 'unknown', time: 'unknown'
System info: host: 'LAPTOP-ADMPVVC9', ip: '10.112.4.196', os.name: 'Windows 10', os.arch: 'amd64', os.version: '10.0', java.version: '1.8.0_131'
Driver info: org.openqa.selenium.chrome.ChromeDriver
Capabilities [{applicationCacheEnabled=false, rotatable=false, mobileEmulationEnabled=false, networkConnectionEnabled=false, chrome={chromedriverVersion=2.30.477700 (0057494ad8732195794a7b32078424f92a5fce41), userDataDir=C:\Users\pablo\AppData\Local\Temp\scoped_dir2552_654}, takesHeapSnapshot=true, pageLoadStrategy=normal, databaseEnabled=false, handlesAlerts=true, hasTouchScreen=false, version=62.0.3202.94, platform=XP, browserConnectionEnabled=false, nativeEvents=true, acceptSslCerts=true, locationContextEnabled=true, webStorageEnabled=true, browserName=chrome, takesScreenshot=true, javascriptEnabled=true, cssSelectorsEnabled=true, unexpectedAlertBehaviour=}]
Session ID: 72bfe979e1b39871b4bbf84f074f1545
	at org.openqa.selenium.remote.ErrorHandler.createThrowable(ErrorHandler.java:215)
	at org.openqa.selenium.remote.ErrorHandler.throwIfResponseFailed(ErrorHandler.java:167)
	at org.openqa.selenium.remote.RemoteWebDriver.execute(RemoteWebDriver.java:671)
	at org.openqa.selenium.remote.RemoteWebElement.execute(RemoteWebElement.java:272)
	at org.openqa.selenium.remote.RemoteWebElement.clear(RemoteWebElement.java:114)
	at Pages.Accounts.findAndClickButton(Accounts.java:167)
	at Tests.TechnicalCareCSRSTTVista1.setUp(TechnicalCareCSRSTTVista1.java:71)
	at java.util.concurrent.ThreadPoolExecutor.runWorker(Unknown Source)
	at java.util.concurrent.ThreadPoolExecutor$Worker.run(Unknown Source)
	at java.lang.Thread.run(Unknown Source)
... Removed 16 stack frames]]>
    </failure>
  </testcase> <!-- @BeforeMethod setUp -->
  <testcase name="@BeforeMethod setUp" time="0.0" classname="Tests.TechnicalCareCSRSTTVista1">
    <skipped/>
  </testcase> <!-- @BeforeMethod setUp -->
  <testcase name="@BeforeMethod setUp" time="0.0" classname="Tests.TechnicalCareCSRSTTVista1">
    <skipped/>
  </testcase> <!-- @BeforeMethod setUp -->
  <testcase name="@BeforeMethod setUp" time="0.0" classname="Tests.TechnicalCareCSRSTTVista1">
    <skipped/>
  </testcase> <!-- @BeforeMethod setUp -->
  <testcase name="@BeforeMethod setUp" time="0.0" classname="Tests.TechnicalCareCSRSTTVista1">
    <skipped/>
  </testcase> <!-- @BeforeMethod setUp -->
  <testcase name="@BeforeMethod setUp" time="0.0" classname="Tests.TechnicalCareCSRSTTVista1">
    <skipped/>
  </testcase> <!-- @BeforeMethod setUp -->
  <testcase name="@BeforeMethod setUp" time="0.0" classname="Tests.TechnicalCareCSRSTTVista1">
    <skipped/>
  </testcase> <!-- @BeforeMethod setUp -->
  <testcase name="@BeforeMethod setUp" time="0.0" classname="Tests.TechnicalCareCSRSTTVista1">
    <skipped/>
  </testcase> <!-- @BeforeMethod setUp -->
  <testcase name="@BeforeMethod setUp" time="0.0" classname="Tests.TechnicalCareCSRSTTVista1">
    <skipped/>
  </testcase> <!-- @BeforeMethod setUp -->
  <testcase name="@BeforeMethod setUp" time="0.0" classname="Tests.TechnicalCareCSRSTTVista1">
    <skipped/>
  </testcase> <!-- @BeforeMethod setUp -->
  <testcase name="@BeforeMethod setUp" time="0.0" classname="Tests.TechnicalCareCSRSTTVista1">
    <skipped/>
  </testcase> <!-- @BeforeMethod setUp -->
  <testcase name="@BeforeMethod setUp" time="0.0" classname="Tests.TechnicalCareCSRSTTVista1">
    <skipped/>
  </testcase> <!-- @BeforeMethod setUp -->
  <testcase name="@BeforeMethod setUp" time="0.0" classname="Tests.TechnicalCareCSRSTTVista1">
    <skipped/>
  </testcase> <!-- @BeforeMethod setUp -->
  <testcase name="@BeforeMethod setUp" time="0.0" classname="Tests.TechnicalCareCSRSTTVista1">
    <skipped/>
  </testcase> <!-- @BeforeMethod setUp -->
  <testcase name="@BeforeMethod setUp" time="0.0" classname="Tests.TechnicalCareCSRSTTVista1">
    <skipped/>
  </testcase> <!-- @BeforeMethod setUp -->
  <testcase name="@BeforeMethod setUp" time="0.0" classname="Tests.TechnicalCareCSRSTTVista1">
    <skipped/>
  </testcase> <!-- @BeforeMethod setUp -->
  <testcase name="@BeforeMethod setUp" time="0.0" classname="Tests.TechnicalCareCSRSTTVista1">
    <skipped/>
  </testcase> <!-- @BeforeMethod setUp -->
  <testcase name="@BeforeMethod setUp" time="0.0" classname="Tests.TechnicalCareCSRSTTVista1">
    <skipped/>
  </testcase> <!-- @BeforeMethod setUp -->
  <testcase name="@BeforeMethod setUp" time="0.0" classname="Tests.TechnicalCareCSRSTTVista1">
    <skipped/>
  </testcase> <!-- @BeforeMethod setUp -->
  <testcase name="@BeforeMethod setUp" time="0.0" classname="Tests.TechnicalCareCSRSTTVista1">
    <skipped/>
  </testcase> <!-- @BeforeMethod setUp -->
  <testcase name="@BeforeMethod setUp" time="0.0" classname="Tests.TechnicalCareCSRSTTVista1">
    <skipped/>
  </testcase> <!-- @BeforeMethod setUp -->
  <testcase name="@BeforeMethod setUp" time="0.0" classname="Tests.TechnicalCareCSRSTTVista1">
    <skipped/>
  </testcase> <!-- @BeforeMethod setUp -->
  <testcase name="@AfterClass tearDown" time="0.0" classname="Tests.TechnicalCareCSRSTTVista1">
    <skipped/>
  </testcase> <!-- @AfterClass tearDown -->
  <testcase name="@BeforeMethod setUp" time="34.716" classname="Tests.TechnicalCareCSRSTT2">
    <failure type="org.openqa.selenium.InvalidElementStateException" message="invalid element state: Element is not currently interactable and may not be manipulated
  (Session info: chrome=62.0.3202.94)
  (Driver info: chromedriver=2.30.477700 (0057494ad8732195794a7b32078424f92a5fce41),platform=Windows NT 10.0.15063 x86_64) (WARNING: The server did not provide any stacktrace information)
Command duration or timeout: 45 milliseconds
Build info: version: &amp;apos;3.4.0&amp;apos;, revision: &amp;apos;unknown&amp;apos;, time: &amp;apos;unknown&amp;apos;
System info: host: &amp;apos;LAPTOP-ADMPVVC9&amp;apos;, ip: &amp;apos;10.112.4.196&amp;apos;, os.name: &amp;apos;Windows 10&amp;apos;, os.arch: &amp;apos;amd64&amp;apos;, os.version: &amp;apos;10.0&amp;apos;, java.version: &amp;apos;1.8.0_131&amp;apos;
Driver info: org.openqa.selenium.chrome.ChromeDriver
Capabilities [{applicationCacheEnabled=false, rotatable=false, mobileEmulationEnabled=false, networkConnectionEnabled=false, chrome={chromedriverVersion=2.30.477700 (0057494ad8732195794a7b32078424f92a5fce41), userDataDir=C:\Users\pablo\AppData\Local\Temp\scoped_dir13092_39}, takesHeapSnapshot=true, pageLoadStrategy=normal, databaseEnabled=false, handlesAlerts=true, hasTouchScreen=false, version=62.0.3202.94, platform=XP, browserConnectionEnabled=false, nativeEvents=true, acceptSslCerts=true, locationContextEnabled=true, webStorageEnabled=true, browserName=chrome, takesScreenshot=true, javascriptEnabled=true, cssSelectorsEnabled=true, unexpectedAlertBehaviour=}]
Session ID: 5c0725375ee58359a33ce7bf13956983">
      <![CDATA[org.openqa.selenium.InvalidElementStateException: invalid element state: Element is not currently interactable and may not be manipulated
  (Session info: chrome=62.0.3202.94)
  (Driver info: chromedriver=2.30.477700 (0057494ad8732195794a7b32078424f92a5fce41),platform=Windows NT 10.0.15063 x86_64) (WARNING: The server did not provide any stacktrace information)
Command duration or timeout: 45 milliseconds
Build info: version: '3.4.0', revision: 'unknown', time: 'unknown'
System info: host: 'LAPTOP-ADMPVVC9', ip: '10.112.4.196', os.name: 'Windows 10', os.arch: 'amd64', os.version: '10.0', java.version: '1.8.0_131'
Driver info: org.openqa.selenium.chrome.ChromeDriver
Capabilities [{applicationCacheEnabled=false, rotatable=false, mobileEmulationEnabled=false, networkConnectionEnabled=false, chrome={chromedriverVersion=2.30.477700 (0057494ad8732195794a7b32078424f92a5fce41), userDataDir=C:\Users\pablo\AppData\Local\Temp\scoped_dir13092_39}, takesHeapSnapshot=true, pageLoadStrategy=normal, databaseEnabled=false, handlesAlerts=true, hasTouchScreen=false, version=62.0.3202.94, platform=XP, browserConnectionEnabled=false, nativeEvents=true, acceptSslCerts=true, locationContextEnabled=true, webStorageEnabled=true, browserName=chrome, takesScreenshot=true, javascriptEnabled=true, cssSelectorsEnabled=true, unexpectedAlertBehaviour=}]
Session ID: 5c0725375ee58359a33ce7bf13956983
	at org.openqa.selenium.remote.ErrorHandler.createThrowable(ErrorHandler.java:215)
	at org.openqa.selenium.remote.ErrorHandler.throwIfResponseFailed(ErrorHandler.java:167)
	at org.openqa.selenium.remote.RemoteWebDriver.execute(RemoteWebDriver.java:671)
	at org.openqa.selenium.remote.RemoteWebElement.execute(RemoteWebElement.java:272)
	at org.openqa.selenium.remote.RemoteWebElement.clear(RemoteWebElement.java:114)
	at Pages.Accounts.findAndClickButton(Accounts.java:167)
	at Tests.TechnicalCareCSRSTT2.setUp(TechnicalCareCSRSTT2.java:67)
	at java.util.concurrent.ThreadPoolExecutor.runWorker(Unknown Source)
	at java.util.concurrent.ThreadPoolExecutor$Worker.run(Unknown Source)
	at java.lang.Thread.run(Unknown Source)
... Removed 16 stack frames]]>
    </failure>
  </testcase> <!-- @BeforeMethod setUp -->
  <testcase name="@BeforeMethod setUp" time="0.0" classname="Tests.TechnicalCareCSRSTT2">
    <skipped/>
  </testcase> <!-- @BeforeMethod setUp -->
  <testcase name="@BeforeMethod setUp" time="0.0" classname="Tests.TechnicalCareCSRSTT2">
    <skipped/>
  </testcase> <!-- @BeforeMethod setUp -->
  <testcase name="@BeforeMethod setUp" time="0.0" classname="Tests.TechnicalCareCSRSTT2">
    <skipped/>
  </testcase> <!-- @BeforeMethod setUp -->
  <testcase name="@BeforeMethod setUp" time="0.0" classname="Tests.TechnicalCareCSRSTT2">
    <skipped/>
  </testcase> <!-- @BeforeMethod setUp -->
  <testcase name="@BeforeMethod setUp" time="0.0" classname="Tests.TechnicalCareCSRSTT2">
    <skipped/>
  </testcase> <!-- @BeforeMethod setUp -->
  <testcase name="@BeforeMethod setUp" time="0.0" classname="Tests.TechnicalCareCSRSTT2">
    <skipped/>
  </testcase> <!-- @BeforeMethod setUp -->
  <testcase name="@AfterClass tearDown" time="0.0" classname="Tests.TechnicalCareCSRSTT2">
    <skipped/>
  </testcase> <!-- @AfterClass tearDown -->
  <testcase name="@BeforeMethod setUp" time="7.681" classname="Tests.TechnicalCareCSRDiagnostico">
    <failure type="org.openqa.selenium.NoSuchElementException" message="no such element: Unable to locate element: {&amp;quot;method&amp;quot;:&amp;quot;class name&amp;quot;,&amp;quot;selector&amp;quot;:&amp;quot;x-btn-split&amp;quot;}
  (Session info: chrome=62.0.3202.94)
  (Driver info: chromedriver=2.30.477700 (0057494ad8732195794a7b32078424f92a5fce41),platform=Windows NT 10.0.15063 x86_64) (WARNING: The server did not provide any stacktrace information)
Command duration or timeout: 10 milliseconds
For documentation on this error, please visit: http://seleniumhq.org/exceptions/no_such_element.html
Build info: version: &amp;apos;3.4.0&amp;apos;, revision: &amp;apos;unknown&amp;apos;, time: &amp;apos;unknown&amp;apos;
System info: host: &amp;apos;LAPTOP-ADMPVVC9&amp;apos;, ip: &amp;apos;10.112.4.196&amp;apos;, os.name: &amp;apos;Windows 10&amp;apos;, os.arch: &amp;apos;amd64&amp;apos;, os.version: &amp;apos;10.0&amp;apos;, java.version: &amp;apos;1.8.0_131&amp;apos;
Driver info: org.openqa.selenium.chrome.ChromeDriver
Capabilities [{applicationCacheEnabled=false, rotatable=false, mobileEmulationEnabled=false, networkConnectionEnabled=false, chrome={chromedriverVersion=2.30.477700 (0057494ad8732195794a7b32078424f92a5fce41), userDataDir=C:\Users\pablo\AppData\Local\Temp\scoped_dir14640_19861}, takesHeapSnapshot=true, pageLoadStrategy=normal, databaseEnabled=false, handlesAlerts=true, hasTouchScreen=false, version=62.0.3202.94, platform=XP, browserConnectionEnabled=false, nativeEvents=true, acceptSslCerts=true, locationContextEnabled=true, webStorageEnabled=true, browserName=chrome, takesScreenshot=true, javascriptEnabled=true, cssSelectorsEnabled=true, unexpectedAlertBehaviour=}]
Session ID: d411ca753695373abf409d92c64f52f4
*** Element info: {Using=class name, value=x-btn-split}">
      <![CDATA[org.openqa.selenium.NoSuchElementException: no such element: Unable to locate element: {"method":"class name","selector":"x-btn-split"}
  (Session info: chrome=62.0.3202.94)
  (Driver info: chromedriver=2.30.477700 (0057494ad8732195794a7b32078424f92a5fce41),platform=Windows NT 10.0.15063 x86_64) (WARNING: The server did not provide any stacktrace information)
Command duration or timeout: 10 milliseconds
For documentation on this error, please visit: http://seleniumhq.org/exceptions/no_such_element.html
Build info: version: '3.4.0', revision: 'unknown', time: 'unknown'
System info: host: 'LAPTOP-ADMPVVC9', ip: '10.112.4.196', os.name: 'Windows 10', os.arch: 'amd64', os.version: '10.0', java.version: '1.8.0_131'
Driver info: org.openqa.selenium.chrome.ChromeDriver
Capabilities [{applicationCacheEnabled=false, rotatable=false, mobileEmulationEnabled=false, networkConnectionEnabled=false, chrome={chromedriverVersion=2.30.477700 (0057494ad8732195794a7b32078424f92a5fce41), userDataDir=C:\Users\pablo\AppData\Local\Temp\scoped_dir14640_19861}, takesHeapSnapshot=true, pageLoadStrategy=normal, databaseEnabled=false, handlesAlerts=true, hasTouchScreen=false, version=62.0.3202.94, platform=XP, browserConnectionEnabled=false, nativeEvents=true, acceptSslCerts=true, locationContextEnabled=true, webStorageEnabled=true, browserName=chrome, takesScreenshot=true, javascriptEnabled=true, cssSelectorsEnabled=true, unexpectedAlertBehaviour=}]
Session ID: d411ca753695373abf409d92c64f52f4
*** Element info: {Using=class name, value=x-btn-split}
	at org.openqa.selenium.remote.ErrorHandler.createThrowable(ErrorHandler.java:215)
	at org.openqa.selenium.remote.ErrorHandler.throwIfResponseFailed(ErrorHandler.java:167)
	at org.openqa.selenium.remote.RemoteWebDriver.execute(RemoteWebDriver.java:671)
	at org.openqa.selenium.remote.RemoteWebDriver.findElement(RemoteWebDriver.java:410)
	at org.openqa.selenium.remote.RemoteWebDriver.findElementByClassName(RemoteWebDriver.java:493)
	at org.openqa.selenium.By$ByClassName.findElement(By.java:391)
	at org.openqa.selenium.remote.RemoteWebDriver.findElement(RemoteWebDriver.java:402)
	at Tests.TestBase.goToLeftPanel2(TestBase.java:70)
	at Tests.TechnicalCareCSRDiagnostico.setUp(TechnicalCareCSRDiagnostico.java:41)
	at java.util.concurrent.ThreadPoolExecutor.runWorker(Unknown Source)
	at java.util.concurrent.ThreadPoolExecutor$Worker.run(Unknown Source)
	at java.lang.Thread.run(Unknown Source)
... Removed 15 stack frames]]>
    </failure>
  </testcase> <!-- @BeforeMethod setUp -->
  <testcase name="@BeforeMethod setUp" time="0.0" classname="Tests.TechnicalCareCSRDiagnostico">
    <skipped/>
  </testcase> <!-- @BeforeMethod setUp -->
  <testcase name="@BeforeMethod setUp" time="0.0" classname="Tests.TechnicalCareCSRDiagnostico">
    <skipped/>
  </testcase> <!-- @BeforeMethod setUp -->
  <testcase name="@BeforeMethod setUp" time="0.0" classname="Tests.TechnicalCareCSRDiagnostico">
    <skipped/>
  </testcase> <!-- @BeforeMethod setUp -->
  <testcase name="@AfterClass tearDown" time="0.0" classname="Tests.TechnicalCareCSRDiagnostico">
    <skipped/>
  </testcase> <!-- @AfterClass tearDown -->
  <testcase name="TS7083_ValidateDueTimeLogic" time="10.301" classname="Tests.CustomerCareCaseManagement">
    <failure type="org.openqa.selenium.NoSuchElementException" message="no such element: Unable to locate element: {&amp;quot;method&amp;quot;:&amp;quot;id&amp;quot;,&amp;quot;selector&amp;quot;:&amp;quot;00Nc0000001pWcs&amp;quot;}
  (Session info: chrome=62.0.3202.94)
  (Driver info: chromedriver=2.30.477700 (0057494ad8732195794a7b32078424f92a5fce41),platform=Windows NT 10.0.15063 x86_64) (WARNING: The server did not provide any stacktrace information)
Command duration or timeout: 19 milliseconds
For documentation on this error, please visit: http://seleniumhq.org/exceptions/no_such_element.html
Build info: version: &amp;apos;3.4.0&amp;apos;, revision: &amp;apos;unknown&amp;apos;, time: &amp;apos;unknown&amp;apos;
System info: host: &amp;apos;LAPTOP-ADMPVVC9&amp;apos;, ip: &amp;apos;10.112.4.196&amp;apos;, os.name: &amp;apos;Windows 10&amp;apos;, os.arch: &amp;apos;amd64&amp;apos;, os.version: &amp;apos;10.0&amp;apos;, java.version: &amp;apos;1.8.0_131&amp;apos;
Driver info: org.openqa.selenium.chrome.ChromeDriver
Capabilities [{applicationCacheEnabled=false, rotatable=false, mobileEmulationEnabled=false, networkConnectionEnabled=false, chrome={chromedriverVersion=2.30.477700 (0057494ad8732195794a7b32078424f92a5fce41), userDataDir=C:\Users\pablo\AppData\Local\Temp\scoped_dir1280_20351}, takesHeapSnapshot=true, pageLoadStrategy=normal, databaseEnabled=false, handlesAlerts=true, hasTouchScreen=false, version=62.0.3202.94, platform=XP, browserConnectionEnabled=false, nativeEvents=true, acceptSslCerts=true, locationContextEnabled=true, webStorageEnabled=true, browserName=chrome, takesScreenshot=true, javascriptEnabled=true, cssSelectorsEnabled=true, unexpectedAlertBehaviour=}]
Session ID: 0021f33795f039e345a6f653d605deda
*** Element info: {Using=id, value=00Nc0000001pWcs}">
      <![CDATA[org.openqa.selenium.NoSuchElementException: no such element: Unable to locate element: {"method":"id","selector":"00Nc0000001pWcs"}
  (Session info: chrome=62.0.3202.94)
  (Driver info: chromedriver=2.30.477700 (0057494ad8732195794a7b32078424f92a5fce41),platform=Windows NT 10.0.15063 x86_64) (WARNING: The server did not provide any stacktrace information)
Command duration or timeout: 19 milliseconds
For documentation on this error, please visit: http://seleniumhq.org/exceptions/no_such_element.html
Build info: version: '3.4.0', revision: 'unknown', time: 'unknown'
System info: host: 'LAPTOP-ADMPVVC9', ip: '10.112.4.196', os.name: 'Windows 10', os.arch: 'amd64', os.version: '10.0', java.version: '1.8.0_131'
Driver info: org.openqa.selenium.chrome.ChromeDriver
Capabilities [{applicationCacheEnabled=false, rotatable=false, mobileEmulationEnabled=false, networkConnectionEnabled=false, chrome={chromedriverVersion=2.30.477700 (0057494ad8732195794a7b32078424f92a5fce41), userDataDir=C:\Users\pablo\AppData\Local\Temp\scoped_dir1280_20351}, takesHeapSnapshot=true, pageLoadStrategy=normal, databaseEnabled=false, handlesAlerts=true, hasTouchScreen=false, version=62.0.3202.94, platform=XP, browserConnectionEnabled=false, nativeEvents=true, acceptSslCerts=true, locationContextEnabled=true, webStorageEnabled=true, browserName=chrome, takesScreenshot=true, javascriptEnabled=true, cssSelectorsEnabled=true, unexpectedAlertBehaviour=}]
Session ID: 0021f33795f039e345a6f653d605deda
*** Element info: {Using=id, value=00Nc0000001pWcs}
	at org.openqa.selenium.remote.ErrorHandler.createThrowable(ErrorHandler.java:215)
	at org.openqa.selenium.remote.ErrorHandler.throwIfResponseFailed(ErrorHandler.java:167)
	at org.openqa.selenium.remote.RemoteWebDriver.execute(RemoteWebDriver.java:671)
	at org.openqa.selenium.remote.RemoteWebDriver.findElement(RemoteWebDriver.java:410)
	at org.openqa.selenium.remote.RemoteWebDriver.findElementById(RemoteWebDriver.java:453)
	at org.openqa.selenium.By$ById.findElement(By.java:218)
	at org.openqa.selenium.remote.RemoteWebDriver.findElement(RemoteWebDriver.java:402)
	at org.openqa.selenium.support.pagefactory.DefaultElementLocator.findElement(DefaultElementLocator.java:69)
	at org.openqa.selenium.support.pagefactory.internal.LocatingElementHandler.invoke(LocatingElementHandler.java:38)
	at com.sun.proxy.$Proxy9.sendKeys(Unknown Source)
	at Pages.CasePage.setCaseDueDate(CasePage.java:324)
	at Tests.CustomerCareCaseManagement.TS7083_ValidateDueTimeLogic(CustomerCareCaseManagement.java:179)
	at java.util.concurrent.ThreadPoolExecutor.runWorker(Unknown Source)
	at java.util.concurrent.ThreadPoolExecutor$Worker.run(Unknown Source)
	at java.lang.Thread.run(Unknown Source)
... Removed 14 stack frames]]>
    </failure>
  </testcase> <!-- TS7083_ValidateDueTimeLogic -->
  <testcase name="TS7082_VisualizeDueDate" time="24.421" classname="Tests.CustomerCareCreatedCaseManagement"/>
  <testcase name="TS7085_DeleteCasesAdminRestrictedMessage" time="6.064" classname="Tests.CustomerCareCaseManagement">
    <failure type="java.lang.IndexOutOfBoundsException" message="Index: 6, Size: 0">
      <![CDATA[java.lang.IndexOutOfBoundsException: Index: 6, Size: 0
	at java.util.ArrayList.rangeCheck(Unknown Source)
	at java.util.ArrayList.get(Unknown Source)
	at Pages.CustomerCasesManager.getCase(CustomerCasesManager.java:55)
	at Tests.CustomerCareCaseManagement.TS7085_DeleteCasesAdminRestrictedMessage(CustomerCareCaseManagement.java:225)
	at java.util.concurrent.ThreadPoolExecutor.runWorker(Unknown Source)
	at java.util.concurrent.ThreadPoolExecutor$Worker.run(Unknown Source)
	at java.lang.Thread.run(Unknown Source)
... Removed 10 stack frames]]>
    </failure>
  </testcase> <!-- TS7085_DeleteCasesAdminRestrictedMessage -->
  <testcase name="TS7194_ValidatedCreationDate" time="26.425" classname="Tests.CustomerCareCreatedCaseManagement"/>
  <testcase name="TS7088_CaseRelatedFieldsValuesType" time="10.238" classname="Tests.CustomerCareCaseManagement"/>
  <testcase name="TS7202_CreatedAndDueTimeInHoursFormatCheck" time="24.162" classname="Tests.CustomerCareCreatedCaseManagement"/>
  <testcase name="TS7090_CaseRelatedFieldsValuesSubArea" time="10.303" classname="Tests.CustomerCareCaseManagement"/>
  <testcase name="TS7092_Case_Related_Field_Valores_del_Canal_de_inicio" time="10.067" classname="Tests.CustomerCareCaseManagement">
    <failure type="org.openqa.selenium.NoSuchElementException" message="no such element: Unable to locate element: {&amp;quot;method&amp;quot;:&amp;quot;id&amp;quot;,&amp;quot;selector&amp;quot;:&amp;quot;cas11&amp;quot;}
  (Session info: chrome=62.0.3202.94)
  (Driver info: chromedriver=2.30.477700 (0057494ad8732195794a7b32078424f92a5fce41),platform=Windows NT 10.0.15063 x86_64) (WARNING: The server did not provide any stacktrace information)
Command duration or timeout: 21 milliseconds
For documentation on this error, please visit: http://seleniumhq.org/exceptions/no_such_element.html
Build info: version: &amp;apos;3.4.0&amp;apos;, revision: &amp;apos;unknown&amp;apos;, time: &amp;apos;unknown&amp;apos;
System info: host: &amp;apos;LAPTOP-ADMPVVC9&amp;apos;, ip: &amp;apos;10.112.4.196&amp;apos;, os.name: &amp;apos;Windows 10&amp;apos;, os.arch: &amp;apos;amd64&amp;apos;, os.version: &amp;apos;10.0&amp;apos;, java.version: &amp;apos;1.8.0_131&amp;apos;
Driver info: org.openqa.selenium.chrome.ChromeDriver
Capabilities [{applicationCacheEnabled=false, rotatable=false, mobileEmulationEnabled=false, networkConnectionEnabled=false, chrome={chromedriverVersion=2.30.477700 (0057494ad8732195794a7b32078424f92a5fce41), userDataDir=C:\Users\pablo\AppData\Local\Temp\scoped_dir1280_20351}, takesHeapSnapshot=true, pageLoadStrategy=normal, databaseEnabled=false, handlesAlerts=true, hasTouchScreen=false, version=62.0.3202.94, platform=XP, browserConnectionEnabled=false, nativeEvents=true, acceptSslCerts=true, locationContextEnabled=true, webStorageEnabled=true, browserName=chrome, takesScreenshot=true, javascriptEnabled=true, cssSelectorsEnabled=true, unexpectedAlertBehaviour=}]
Session ID: 0021f33795f039e345a6f653d605deda
*** Element info: {Using=id, value=cas11}">
      <![CDATA[org.openqa.selenium.NoSuchElementException: no such element: Unable to locate element: {"method":"id","selector":"cas11"}
  (Session info: chrome=62.0.3202.94)
  (Driver info: chromedriver=2.30.477700 (0057494ad8732195794a7b32078424f92a5fce41),platform=Windows NT 10.0.15063 x86_64) (WARNING: The server did not provide any stacktrace information)
Command duration or timeout: 21 milliseconds
For documentation on this error, please visit: http://seleniumhq.org/exceptions/no_such_element.html
Build info: version: '3.4.0', revision: 'unknown', time: 'unknown'
System info: host: 'LAPTOP-ADMPVVC9', ip: '10.112.4.196', os.name: 'Windows 10', os.arch: 'amd64', os.version: '10.0', java.version: '1.8.0_131'
Driver info: org.openqa.selenium.chrome.ChromeDriver
Capabilities [{applicationCacheEnabled=false, rotatable=false, mobileEmulationEnabled=false, networkConnectionEnabled=false, chrome={chromedriverVersion=2.30.477700 (0057494ad8732195794a7b32078424f92a5fce41), userDataDir=C:\Users\pablo\AppData\Local\Temp\scoped_dir1280_20351}, takesHeapSnapshot=true, pageLoadStrategy=normal, databaseEnabled=false, handlesAlerts=true, hasTouchScreen=false, version=62.0.3202.94, platform=XP, browserConnectionEnabled=false, nativeEvents=true, acceptSslCerts=true, locationContextEnabled=true, webStorageEnabled=true, browserName=chrome, takesScreenshot=true, javascriptEnabled=true, cssSelectorsEnabled=true, unexpectedAlertBehaviour=}]
Session ID: 0021f33795f039e345a6f653d605deda
*** Element info: {Using=id, value=cas11}
	at org.openqa.selenium.remote.ErrorHandler.createThrowable(ErrorHandler.java:215)
	at org.openqa.selenium.remote.ErrorHandler.throwIfResponseFailed(ErrorHandler.java:167)
	at org.openqa.selenium.remote.RemoteWebDriver.execute(RemoteWebDriver.java:671)
	at org.openqa.selenium.remote.RemoteWebDriver.findElement(RemoteWebDriver.java:410)
	at org.openqa.selenium.remote.RemoteWebDriver.findElementById(RemoteWebDriver.java:453)
	at org.openqa.selenium.By$ById.findElement(By.java:218)
	at org.openqa.selenium.remote.RemoteWebDriver.findElement(RemoteWebDriver.java:402)
	at Pages.CasePage.FieldsValuesinicio(CasePage.java:317)
	at Tests.CustomerCareCaseManagement.TS7092_Case_Related_Field_Valores_del_Canal_de_inicio(CustomerCareCaseManagement.java:254)
	at java.util.concurrent.ThreadPoolExecutor.runWorker(Unknown Source)
	at java.util.concurrent.ThreadPoolExecutor$Worker.run(Unknown Source)
	at java.lang.Thread.run(Unknown Source)
... Removed 14 stack frames]]>
    </failure>
  </testcase> <!-- TS7092_Case_Related_Field_Valores_del_Canal_de_inicio -->
  <testcase name="TS7193_CaseRelatedFieldsValuesCanalClosing" time="10.103" classname="Tests.CustomerCareCaseManagement">
    <failure type="org.openqa.selenium.NoSuchElementException" message="no such element: Unable to locate element: {&amp;quot;method&amp;quot;:&amp;quot;id&amp;quot;,&amp;quot;selector&amp;quot;:&amp;quot;00Nc0000001pWcr&amp;quot;}
  (Session info: chrome=62.0.3202.94)
  (Driver info: chromedriver=2.30.477700 (0057494ad8732195794a7b32078424f92a5fce41),platform=Windows NT 10.0.15063 x86_64) (WARNING: The server did not provide any stacktrace information)
Command duration or timeout: 24 milliseconds
For documentation on this error, please visit: http://seleniumhq.org/exceptions/no_such_element.html
Build info: version: &amp;apos;3.4.0&amp;apos;, revision: &amp;apos;unknown&amp;apos;, time: &amp;apos;unknown&amp;apos;
System info: host: &amp;apos;LAPTOP-ADMPVVC9&amp;apos;, ip: &amp;apos;10.112.4.196&amp;apos;, os.name: &amp;apos;Windows 10&amp;apos;, os.arch: &amp;apos;amd64&amp;apos;, os.version: &amp;apos;10.0&amp;apos;, java.version: &amp;apos;1.8.0_131&amp;apos;
Driver info: org.openqa.selenium.chrome.ChromeDriver
Capabilities [{applicationCacheEnabled=false, rotatable=false, mobileEmulationEnabled=false, networkConnectionEnabled=false, chrome={chromedriverVersion=2.30.477700 (0057494ad8732195794a7b32078424f92a5fce41), userDataDir=C:\Users\pablo\AppData\Local\Temp\scoped_dir1280_20351}, takesHeapSnapshot=true, pageLoadStrategy=normal, databaseEnabled=false, handlesAlerts=true, hasTouchScreen=false, version=62.0.3202.94, platform=XP, browserConnectionEnabled=false, nativeEvents=true, acceptSslCerts=true, locationContextEnabled=true, webStorageEnabled=true, browserName=chrome, takesScreenshot=true, javascriptEnabled=true, cssSelectorsEnabled=true, unexpectedAlertBehaviour=}]
Session ID: 0021f33795f039e345a6f653d605deda
*** Element info: {Using=id, value=00Nc0000001pWcr}">
      <![CDATA[org.openqa.selenium.NoSuchElementException: no such element: Unable to locate element: {"method":"id","selector":"00Nc0000001pWcr"}
  (Session info: chrome=62.0.3202.94)
  (Driver info: chromedriver=2.30.477700 (0057494ad8732195794a7b32078424f92a5fce41),platform=Windows NT 10.0.15063 x86_64) (WARNING: The server did not provide any stacktrace information)
Command duration or timeout: 24 milliseconds
For documentation on this error, please visit: http://seleniumhq.org/exceptions/no_such_element.html
Build info: version: '3.4.0', revision: 'unknown', time: 'unknown'
System info: host: 'LAPTOP-ADMPVVC9', ip: '10.112.4.196', os.name: 'Windows 10', os.arch: 'amd64', os.version: '10.0', java.version: '1.8.0_131'
Driver info: org.openqa.selenium.chrome.ChromeDriver
Capabilities [{applicationCacheEnabled=false, rotatable=false, mobileEmulationEnabled=false, networkConnectionEnabled=false, chrome={chromedriverVersion=2.30.477700 (0057494ad8732195794a7b32078424f92a5fce41), userDataDir=C:\Users\pablo\AppData\Local\Temp\scoped_dir1280_20351}, takesHeapSnapshot=true, pageLoadStrategy=normal, databaseEnabled=false, handlesAlerts=true, hasTouchScreen=false, version=62.0.3202.94, platform=XP, browserConnectionEnabled=false, nativeEvents=true, acceptSslCerts=true, locationContextEnabled=true, webStorageEnabled=true, browserName=chrome, takesScreenshot=true, javascriptEnabled=true, cssSelectorsEnabled=true, unexpectedAlertBehaviour=}]
Session ID: 0021f33795f039e345a6f653d605deda
*** Element info: {Using=id, value=00Nc0000001pWcr}
	at org.openqa.selenium.remote.ErrorHandler.createThrowable(ErrorHandler.java:215)
	at org.openqa.selenium.remote.ErrorHandler.throwIfResponseFailed(ErrorHandler.java:167)
	at org.openqa.selenium.remote.RemoteWebDriver.execute(RemoteWebDriver.java:671)
	at org.openqa.selenium.remote.RemoteWebDriver.findElement(RemoteWebDriver.java:410)
	at org.openqa.selenium.remote.RemoteWebDriver.findElementById(RemoteWebDriver.java:453)
	at org.openqa.selenium.By$ById.findElement(By.java:218)
	at org.openqa.selenium.remote.RemoteWebDriver.findElement(RemoteWebDriver.java:402)
	at Pages.CasePage.ValidChannelClosing(CasePage.java:267)
	at Tests.CustomerCareCaseManagement.TS7193_CaseRelatedFieldsValuesCanalClosing(CustomerCareCaseManagement.java:129)
	at java.util.concurrent.ThreadPoolExecutor.runWorker(Unknown Source)
	at java.util.concurrent.ThreadPoolExecutor$Worker.run(Unknown Source)
	at java.lang.Thread.run(Unknown Source)
... Removed 13 stack frames]]>
    </failure>
  </testcase> <!-- TS7193_CaseRelatedFieldsValuesCanalClosing -->
  <testcase name="TS11620_SST_Servicio_Indiferente_Adjunto_Valido_doc" time="40.976" classname="Tests.TechnicalCare"/>
  <testcase name="TS7195_CaseRelatedCreateValuesCheck" time="10.23" classname="Tests.CustomerCareCaseManagement"/>
  <testcase name="TS11622_SST_Servicio_Indiferente_Adjunto_Formato_invalido" time="40.977" classname="Tests.TechnicalCare"/>
  <testcase name="TS7198_Estados_de_la_Entidad_Caso_Visualizar_picklist_Estado" time="10.14" classname="Tests.CustomerCareCaseManagement"/>
  <testcase name="TS7212_Case_Management_Detalles_del_caso_Descripcion" time="0.071" classname="Tests.CustomerCareCaseManagement"/>
  <testcase name="TS11631_SST_Servicio_Indiferente_Adjunto_Valido_docx" time="35.145" classname="Tests.TechnicalCare"/>
  <testcase name="TS16329_CRM_Fase_2_Technical_Care_Sistema_Incidentes_Masivos_Creación_de_Eventos_Masivos_Tipo_Obligatorio" time="0.0" classname="Tests.testRegistroEventoMasico">
    <skipped/>
  </testcase> <!-- TS16329_CRM_Fase_2_Technical_Care_Sistema_Incidentes_Masivos_Creación_de_Eventos_Masivos_Tipo_Obligatorio -->
  <testcase name="TS16330_CRM_Fase_2_Technical_Care_Sistema_Incidentes_Masivos_Creación_de_Eventos_Masivos_Subtipo_Obligatorio" time="0.0" classname="Tests.testRegistroEventoMasico">
    <skipped/>
  </testcase> <!-- TS16330_CRM_Fase_2_Technical_Care_Sistema_Incidentes_Masivos_Creación_de_Eventos_Masivos_Subtipo_Obligatorio -->
  <testcase name="TS16331_CRM_Fase_2_Technical_Care_Sistema_Incidentes_Masivos_Creación_de_Eventos_Masivos_Canal_Obligatorio" time="0.0" classname="Tests.testRegistroEventoMasico">
    <skipped/>
  </testcase> <!-- TS16331_CRM_Fase_2_Technical_Care_Sistema_Incidentes_Masivos_Creación_de_Eventos_Masivos_Canal_Obligatorio -->
  <testcase name="TS16332_CRM_Fase_2_Technical_Care_Sistema_Incidentes_Masivos_Creación_de_Eventos_Masivos_Incidente_Obligatorio" time="0.0" classname="Tests.testRegistroEventoMasico">
    <skipped/>
  </testcase> <!-- TS16332_CRM_Fase_2_Technical_Care_Sistema_Incidentes_Masivos_Creación_de_Eventos_Masivos_Incidente_Obligatorio -->
  <testcase name="TS16333_CRM_Fase_2_Technical_Care_Sistema_Incidentes_Masivos_Creación_de_Eventos_Masivos_Titulo_Obligatorio" time="0.0" classname="Tests.testRegistroEventoMasico">
    <skipped/>
  </testcase> <!-- TS16333_CRM_Fase_2_Technical_Care_Sistema_Incidentes_Masivos_Creación_de_Eventos_Masivos_Titulo_Obligatorio -->
  <testcase name="TS16334_CRM_Fase_2_Technical_Care_Sistema_Incidentes_Masivos_Creación_de_Eventos_Masivos_Impacto_Obligatorio" time="0.0" classname="Tests.testRegistroEventoMasico">
    <skipped/>
  </testcase> <!-- TS16334_CRM_Fase_2_Technical_Care_Sistema_Incidentes_Masivos_Creación_de_Eventos_Masivos_Impacto_Obligatorio -->
  <testcase name="TS16335_CRM_Fase_2_Technical_Care_Sistema_Incidentes_Masivos_Creación_de_Eventos_Masivos_Fecha_de_Inicio_Obligatorio" time="0.0" classname="Tests.testRegistroEventoMasico">
    <skipped/>
  </testcase> <!-- TS16335_CRM_Fase_2_Technical_Care_Sistema_Incidentes_Masivos_Creación_de_Eventos_Masivos_Fecha_de_Inicio_Obligatorio -->
  <testcase name="TS16336_CRM_Fase_2_Technical_Care_Sistema_Incidentes_Masivos_Creación_de_Eventos_Masivos_Fecha_Estimada_De_Cierre_No_Obligatorio" time="0.0" classname="Tests.testRegistroEventoMasico">
    <skipped/>
  </testcase> <!-- TS16336_CRM_Fase_2_Technical_Care_Sistema_Incidentes_Masivos_Creación_de_Eventos_Masivos_Fecha_Estimada_De_Cierre_No_Obligatorio -->
  <testcase name="TS16337_CRM_Fase_2_Technical_Care_Sistema_Incidentes_Masivos_Creación_de_Eventos_Masivos_Estado_Obligatorio" time="0.0" classname="Tests.testRegistroEventoMasico">
    <skipped/>
  </testcase> <!-- TS16337_CRM_Fase_2_Technical_Care_Sistema_Incidentes_Masivos_Creación_de_Eventos_Masivos_Estado_Obligatorio -->
  <testcase name="TS16338_CRM_Fase_2_Technical_Care_Sistema_Incidentes_Masivos_Creación_de_Eventos_Masivos_Detalle_del_Incidente_Obligatorio" time="0.0" classname="Tests.testRegistroEventoMasico">
    <skipped/>
  </testcase> <!-- TS16338_CRM_Fase_2_Technical_Care_Sistema_Incidentes_Masivos_Creación_de_Eventos_Masivos_Detalle_del_Incidente_Obligatorio -->
  <testcase name="TS16339_CRM_Fase_2_Technical_Care_Sistema_Incidentes_Masivos_Creación_de_Eventos_Masivos_Cliente_afectado_Obligatorio" time="0.0" classname="Tests.testRegistroEventoMasico">
    <skipped/>
  </testcase> <!-- TS16339_CRM_Fase_2_Technical_Care_Sistema_Incidentes_Masivos_Creación_de_Eventos_Masivos_Cliente_afectado_Obligatorio -->
  <testcase name="TS16340_CRM_Fase_2_Technical_Care_Sistema_Incidentes_Masivos_Creación_de_Eventos_Masivos_Cliente_Procedimiento_Obligatorio" time="0.0" classname="Tests.testRegistroEventoMasico">
    <skipped/>
  </testcase> <!-- TS16340_CRM_Fase_2_Technical_Care_Sistema_Incidentes_Masivos_Creación_de_Eventos_Masivos_Cliente_Procedimiento_Obligatorio -->
  <testcase name="TS16341_CRM_Fase_2_Technical_Care_Sistema_Incidentes_Masivos_Creación_de_Eventos_Masivos_Speech_Obligatorio" time="0.0" classname="Tests.testRegistroEventoMasico">
    <skipped/>
  </testcase> <!-- TS16341_CRM_Fase_2_Technical_Care_Sistema_Incidentes_Masivos_Creación_de_Eventos_Masivos_Speech_Obligatorio -->
  <testcase name="TS11634_SST_Servicio_Indiferente_Adjunto_Valido_jpg" time="35.037" classname="Tests.TechnicalCare"/>
  <testcase name="TS16230_CRM_Fase_2_Technical_Care_Sistema_Incidentes_Masivos_Creación_de_Eventos_Masivos_Ingreso_a_un_evento_masivo" time="7.451" classname="Tests.testEventosMasivos"/>
  <testcase name="TS11635_SST_Servicio_Indiferente_Adjunto_Valido_jpeg" time="34.965" classname="Tests.TechnicalCare"/>
  <testcase name="TS16231_CRM_Fase_2_Technical_Care_Representante_Incidentes_Eventos_Fecha_de_Inicio_Formato" time="7.418" classname="Tests.testEventosMasivos"/>
  <testcase name="TS16232_CRM_Fase_2_Technical_Care_Representante_Incidentes_Eventos_Fecha_de_Creacion_Formato" time="7.392" classname="Tests.testEventosMasivos"/>
  <testcase name="TS11636_SST_Servicio_Indiferente_Adjunto_Valido_pdf" time="34.855" classname="Tests.TechnicalCare"/>
  <testcase name="TS112559_CRM_SCP_Asignación_de_Value_Drivers_a_Oportunidades_Chatter_contextualizado_Escribir_comentario" time="3.001" classname="Tests.test_SCP_Base"/>
  <testcase name="TS16237_CRM_Fase_2_Technical_Care_Representante_Incidentes_Masivos_Eventos_Procedimiento_Link_a_maxima_cantidad_de_archivos" time="20.671" classname="Tests.testListaEventosMasivos"/>
  <testcase name="TS112560_CRM_SCP_Asignación_de_Value_Drivers_a_Oportunidades_Chatter_contextualizado_Leer_comentario_escrito_con_otro_usuario" time="3.047" classname="Tests.test_SCP_Base">
    <failure type="org.openqa.selenium.NoSuchElementException" message="no such element: Unable to locate element: {&amp;quot;method&amp;quot;:&amp;quot;css selector&amp;quot;,&amp;quot;selector&amp;quot;:&amp;quot;.feeditemcontent.cxfeeditemcontent&amp;quot;}
  (Session info: chrome=62.0.3202.94)
  (Driver info: chromedriver=2.30.477700 (0057494ad8732195794a7b32078424f92a5fce41),platform=Windows NT 10.0.15063 x86_64) (WARNING: The server did not provide any stacktrace information)
Command duration or timeout: 46 milliseconds
For documentation on this error, please visit: http://seleniumhq.org/exceptions/no_such_element.html
Build info: version: &amp;apos;3.4.0&amp;apos;, revision: &amp;apos;unknown&amp;apos;, time: &amp;apos;unknown&amp;apos;
System info: host: &amp;apos;LAPTOP-ADMPVVC9&amp;apos;, ip: &amp;apos;10.112.4.196&amp;apos;, os.name: &amp;apos;Windows 10&amp;apos;, os.arch: &amp;apos;amd64&amp;apos;, os.version: &amp;apos;10.0&amp;apos;, java.version: &amp;apos;1.8.0_131&amp;apos;
Driver info: org.openqa.selenium.chrome.ChromeDriver
Capabilities [{applicationCacheEnabled=false, rotatable=false, mobileEmulationEnabled=false, networkConnectionEnabled=false, chrome={chromedriverVersion=2.30.477700 (0057494ad8732195794a7b32078424f92a5fce41), userDataDir=C:\Users\pablo\AppData\Local\Temp\scoped_dir6152_26903}, takesHeapSnapshot=true, pageLoadStrategy=normal, databaseEnabled=false, handlesAlerts=true, hasTouchScreen=false, version=62.0.3202.94, platform=XP, browserConnectionEnabled=false, nativeEvents=true, acceptSslCerts=true, locationContextEnabled=true, webStorageEnabled=true, browserName=chrome, takesScreenshot=true, javascriptEnabled=true, cssSelectorsEnabled=true, unexpectedAlertBehaviour=}]
Session ID: 09bcbfdfe571a3ad4a56668d7bb8ba9a
*** Element info: {Using=css selector, value=.feeditemcontent.cxfeeditemcontent}">
      <![CDATA[org.openqa.selenium.NoSuchElementException: no such element: Unable to locate element: {"method":"css selector","selector":".feeditemcontent.cxfeeditemcontent"}
  (Session info: chrome=62.0.3202.94)
  (Driver info: chromedriver=2.30.477700 (0057494ad8732195794a7b32078424f92a5fce41),platform=Windows NT 10.0.15063 x86_64) (WARNING: The server did not provide any stacktrace information)
Command duration or timeout: 46 milliseconds
For documentation on this error, please visit: http://seleniumhq.org/exceptions/no_such_element.html
Build info: version: '3.4.0', revision: 'unknown', time: 'unknown'
System info: host: 'LAPTOP-ADMPVVC9', ip: '10.112.4.196', os.name: 'Windows 10', os.arch: 'amd64', os.version: '10.0', java.version: '1.8.0_131'
Driver info: org.openqa.selenium.chrome.ChromeDriver
Capabilities [{applicationCacheEnabled=false, rotatable=false, mobileEmulationEnabled=false, networkConnectionEnabled=false, chrome={chromedriverVersion=2.30.477700 (0057494ad8732195794a7b32078424f92a5fce41), userDataDir=C:\Users\pablo\AppData\Local\Temp\scoped_dir6152_26903}, takesHeapSnapshot=true, pageLoadStrategy=normal, databaseEnabled=false, handlesAlerts=true, hasTouchScreen=false, version=62.0.3202.94, platform=XP, browserConnectionEnabled=false, nativeEvents=true, acceptSslCerts=true, locationContextEnabled=true, webStorageEnabled=true, browserName=chrome, takesScreenshot=true, javascriptEnabled=true, cssSelectorsEnabled=true, unexpectedAlertBehaviour=}]
Session ID: 09bcbfdfe571a3ad4a56668d7bb8ba9a
*** Element info: {Using=css selector, value=.feeditemcontent.cxfeeditemcontent}
	at org.openqa.selenium.remote.ErrorHandler.createThrowable(ErrorHandler.java:215)
	at org.openqa.selenium.remote.ErrorHandler.throwIfResponseFailed(ErrorHandler.java:167)
	at org.openqa.selenium.remote.RemoteWebDriver.execute(RemoteWebDriver.java:671)
	at org.openqa.selenium.remote.RemoteWebDriver.findElement(RemoteWebDriver.java:410)
	at org.openqa.selenium.remote.RemoteWebDriver.findElementByCssSelector(RemoteWebDriver.java:501)
	at org.openqa.selenium.By$ByCssSelector.findElement(By.java:430)
	at org.openqa.selenium.remote.RemoteWebDriver.findElement(RemoteWebDriver.java:402)
	at Tests.test_SCP_Base.TS112560_CRM_SCP_Asignación_de_Value_Drivers_a_Oportunidades_Chatter_contextualizado_Leer_comentario_escrito_con_otro_usuario(test_SCP_Base.java:108)
	at java.util.concurrent.ThreadPoolExecutor.runWorker(Unknown Source)
	at java.util.concurrent.ThreadPoolExecutor$Worker.run(Unknown Source)
	at java.lang.Thread.run(Unknown Source)
... Removed 13 stack frames]]>
    </failure>
  </testcase> <!-- TS112560_CRM_SCP_Asignación_de_Value_Drivers_a_Oportunidades_Chatter_contextualizado_Leer_comentario_escrito_con_otro_usuario -->
  <testcase name="TS112562_CRM_SCP_Asignación_de_Value_Drivers_a_Oportunidades_Ingreso_Desde_el_contacto" time="3.386" classname="Tests.test_SCP_Base"/>
  <testcase name="TS16238_CRM_Fase_2_Technical_Care_Representante_Incidentes_Masivos_Eventos_Procedimiento_Sin_link" time="17.283" classname="Tests.testListaEventosMasivos"/>
  <testcase name="TS112565_CRM_SCP_Asignación_de_Value_Drivers_a_Oportunidades_Oportunidades" time="8.682" classname="Tests.test_SCP_Base"/>
  <testcase name="TS112638_CRM_SCP_Estructura_de_las_oportunidades_Bloques" time="11.507" classname="Tests.test_SCP_Base">
    <failure type="java.lang.AssertionError" message="expected [true] but found [false]">
      <![CDATA[java.lang.AssertionError: expected [true] but found [false]
	at Tests.test_SCP_Base.TS112638_CRM_SCP_Estructura_de_las_oportunidades_Bloques(test_SCP_Base.java:213)
	at java.util.concurrent.ThreadPoolExecutor.runWorker(Unknown Source)
	at java.util.concurrent.ThreadPoolExecutor$Worker.run(Unknown Source)
	at java.lang.Thread.run(Unknown Source)
... Removed 14 stack frames]]>
    </failure>
  </testcase> <!-- TS112638_CRM_SCP_Estructura_de_las_oportunidades_Bloques -->
  <testcase name="TS16240_CRM_Fase_2_Technical_Care_Representante_Incidentes_Masivos_Eventos_Datos_de_los_eventos_masivos_Fecha_de_inicio_Formato" time="5.11" classname="Tests.testListaEventosMasivos"/>
  <testcase name="TS112641_CRM_SCP_Estructura_de_las_oportunidades_Bloques_Competidores_Creacion" time="21.213" classname="Tests.test_SCP_Base"/>
  <testcase name="TS112642_CRM_SCP_Estructura_de_las_oportunidades_Bloques_Competidores_Edicion" time="16.953" classname="Tests.test_SCP_Base"/>
  <testcase name="TS112643_CRM_SCP_Estructura_de_las_oportunidades_Bloques_Competidores_Eliminacion" time="11.038" classname="Tests.test_SCP_Base"/>
  <testcase name="TS51243_CRM_Fase_3_Technical_Care_CSR_Autogestion_Visualizacion_de_Lista_de_Inconvenientes_Canal_0800_y_Servicio_0800" time="8.512" classname="Tests.TechnicalCareCSRAutogestionA">
    <failure type="org.openqa.selenium.NoSuchElementException" message="Cannot locate element with text: 0800-444-0800 (AC)
For documentation on this error, please visit: http://seleniumhq.org/exceptions/no_such_element.html
Build info: version: &amp;apos;3.4.0&amp;apos;, revision: &amp;apos;unknown&amp;apos;, time: &amp;apos;unknown&amp;apos;
System info: host: &amp;apos;LAPTOP-ADMPVVC9&amp;apos;, ip: &amp;apos;10.112.4.196&amp;apos;, os.name: &amp;apos;Windows 10&amp;apos;, os.arch: &amp;apos;amd64&amp;apos;, os.version: &amp;apos;10.0&amp;apos;, java.version: &amp;apos;1.8.0_131&amp;apos;
Driver info: driver.version: unknown">
      <![CDATA[org.openqa.selenium.NoSuchElementException: Cannot locate element with text: 0800-444-0800 (AC)
For documentation on this error, please visit: http://seleniumhq.org/exceptions/no_such_element.html
Build info: version: '3.4.0', revision: 'unknown', time: 'unknown'
System info: host: 'LAPTOP-ADMPVVC9', ip: '10.112.4.196', os.name: 'Windows 10', os.arch: 'amd64', os.version: '10.0', java.version: '1.8.0_131'
Driver info: driver.version: unknown
	at org.openqa.selenium.support.ui.Select.selectByVisibleText(Select.java:151)
	at Tests.TechnicalCareCSRAutogestionA.TS51243_CRM_Fase_3_Technical_Care_CSR_Autogestion_Visualizacion_de_Lista_de_Inconvenientes_Canal_0800_y_Servicio_0800(TechnicalCareCSRAutogestionA.java:294)
	at java.util.concurrent.ThreadPoolExecutor.runWorker(Unknown Source)
	at java.util.concurrent.ThreadPoolExecutor$Worker.run(Unknown Source)
	at java.lang.Thread.run(Unknown Source)
... Removed 10 stack frames]]>
    </failure>
  </testcase> <!-- TS51243_CRM_Fase_3_Technical_Care_CSR_Autogestion_Visualizacion_de_Lista_de_Inconvenientes_Canal_0800_y_Servicio_0800 -->
  <testcase name="TS51247_CRM_Fase_3_Technical_Care_CSR_Autogestion_Visualizacion_de_Lista_de_Inconvenientes_Canal_0800_y_Servicio_0800_888_4422" time="8.704" classname="Tests.TechnicalCareCSRAutogestionA">
    <failure type="java.lang.AssertionError" message="expected [true] but found [false]">
      <![CDATA[java.lang.AssertionError: expected [true] but found [false]
	at Tests.TechnicalCareCSRAutogestionA.TS51247_CRM_Fase_3_Technical_Care_CSR_Autogestion_Visualizacion_de_Lista_de_Inconvenientes_Canal_0800_y_Servicio_0800_888_4422(TechnicalCareCSRAutogestionA.java:263)
	at java.util.concurrent.ThreadPoolExecutor.runWorker(Unknown Source)
	at java.util.concurrent.ThreadPoolExecutor$Worker.run(Unknown Source)
	at java.lang.Thread.run(Unknown Source)
... Removed 14 stack frames]]>
    </failure>
  </testcase> <!-- TS51247_CRM_Fase_3_Technical_Care_CSR_Autogestion_Visualizacion_de_Lista_de_Inconvenientes_Canal_0800_y_Servicio_0800_888_4422 -->
  <testcase name="TS51249_CRM_Fase_3_Technical_Care_CSR_Autogestion_Visualizacion_de_Lista_de_Inconvenientes_Canal_0800_y_Servicio_0800_888_7382" time="8.447" classname="Tests.TechnicalCareCSRAutogestionA">
    <failure type="java.lang.AssertionError" message="expected [true] but found [false]">
      <![CDATA[java.lang.AssertionError: expected [true] but found [false]
	at Tests.TechnicalCareCSRAutogestionA.TS51249_CRM_Fase_3_Technical_Care_CSR_Autogestion_Visualizacion_de_Lista_de_Inconvenientes_Canal_0800_y_Servicio_0800_888_7382(TechnicalCareCSRAutogestionA.java:226)
	at java.util.concurrent.ThreadPoolExecutor.runWorker(Unknown Source)
	at java.util.concurrent.ThreadPoolExecutor$Worker.run(Unknown Source)
	at java.lang.Thread.run(Unknown Source)
... Removed 14 stack frames]]>
    </failure>
  </testcase> <!-- TS51249_CRM_Fase_3_Technical_Care_CSR_Autogestion_Visualizacion_de_Lista_de_Inconvenientes_Canal_0800_y_Servicio_0800_888_7382 -->
  <testcase name="TS51273_CRM_Fase_3_Technical_Care_CSR_Autogestion_Visualizacion_de_Lista_de_Inconvenientes_Canal_WEB_Servicio_Apps_Musica_y_mas" time="8.9" classname="Tests.TechnicalCareCSRAutogestionA">
    <failure type="java.lang.AssertionError" message="expected [true] but found [false]">
      <![CDATA[java.lang.AssertionError: expected [true] but found [false]
	at Tests.TechnicalCareCSRAutogestionA.TS51273_CRM_Fase_3_Technical_Care_CSR_Autogestion_Visualizacion_de_Lista_de_Inconvenientes_Canal_WEB_Servicio_Apps_Musica_y_mas(TechnicalCareCSRAutogestionA.java:190)
	at java.util.concurrent.ThreadPoolExecutor.runWorker(Unknown Source)
	at java.util.concurrent.ThreadPoolExecutor$Worker.run(Unknown Source)
	at java.lang.Thread.run(Unknown Source)
... Removed 14 stack frames]]>
    </failure>
  </testcase> <!-- TS51273_CRM_Fase_3_Technical_Care_CSR_Autogestion_Visualizacion_de_Lista_de_Inconvenientes_Canal_WEB_Servicio_Apps_Musica_y_mas -->
  <testcase name="TS51276_CRM_Fase_3_Technical_Care_CSR_Autogestion_Visualizacion_de_Lista_de_Inconvenientes_Canal_WEB_Servicio_Internet_Movil" time="8.512" classname="Tests.TechnicalCareCSRAutogestionA">
    <failure type="java.lang.AssertionError" message="expected [true] but found [false]">
      <![CDATA[java.lang.AssertionError: expected [true] but found [false]
	at Tests.TechnicalCareCSRAutogestionA.TS51276_CRM_Fase_3_Technical_Care_CSR_Autogestion_Visualizacion_de_Lista_de_Inconvenientes_Canal_WEB_Servicio_Internet_Movil(TechnicalCareCSRAutogestionA.java:117)
	at java.util.concurrent.ThreadPoolExecutor.runWorker(Unknown Source)
	at java.util.concurrent.ThreadPoolExecutor$Worker.run(Unknown Source)
	at java.lang.Thread.run(Unknown Source)
... Removed 14 stack frames]]>
    </failure>
  </testcase> <!-- TS51276_CRM_Fase_3_Technical_Care_CSR_Autogestion_Visualizacion_de_Lista_de_Inconvenientes_Canal_WEB_Servicio_Internet_Movil -->
  <testcase name="TS51278_CRM_Fase_3_Technical_Care_CSR_Autogestion_Visualizacion_de_Lista_de_Inconvenientes_Canal_WEB_Servicio_Internacional" time="8.708" classname="Tests.TechnicalCareCSRAutogestionA">
    <failure type="java.lang.AssertionError" message="expected [true] but found [false]">
      <![CDATA[java.lang.AssertionError: expected [true] but found [false]
	at Tests.TechnicalCareCSRAutogestionA.TS51278_CRM_Fase_3_Technical_Care_CSR_Autogestion_Visualizacion_de_Lista_de_Inconvenientes_Canal_WEB_Servicio_Internacional(TechnicalCareCSRAutogestionA.java:153)
	at java.util.concurrent.ThreadPoolExecutor.runWorker(Unknown Source)
	at java.util.concurrent.ThreadPoolExecutor$Worker.run(Unknown Source)
	at java.lang.Thread.run(Unknown Source)
... Removed 14 stack frames]]>
    </failure>
  </testcase> <!-- TS51278_CRM_Fase_3_Technical_Care_CSR_Autogestion_Visualizacion_de_Lista_de_Inconvenientes_Canal_WEB_Servicio_Internacional -->
  <testcase name="TS112649_CRM_SCP_Estructura_de_las_oportunidades_Bloques_Notas_y_Archivos_Adjuntos_Adjuntar_Nota" time="18.689" classname="Tests.test_SCP_Base"/>
  <testcase name="TS51287_CRM_Fase_3_Technical_Care_CSR_Autogestion_Visualizacion_de_Lista_de_Inconvenientes_Canal_WEB_Servicio_Mis_Consumos" time="8.325" classname="Tests.TechnicalCareCSRAutogestionA">
    <failure type="org.openqa.selenium.NoSuchElementException" message="Cannot locate element with text: Mis Consumos
For documentation on this error, please visit: http://seleniumhq.org/exceptions/no_such_element.html
Build info: version: &amp;apos;3.4.0&amp;apos;, revision: &amp;apos;unknown&amp;apos;, time: &amp;apos;unknown&amp;apos;
System info: host: &amp;apos;LAPTOP-ADMPVVC9&amp;apos;, ip: &amp;apos;10.112.4.196&amp;apos;, os.name: &amp;apos;Windows 10&amp;apos;, os.arch: &amp;apos;amd64&amp;apos;, os.version: &amp;apos;10.0&amp;apos;, java.version: &amp;apos;1.8.0_131&amp;apos;
Driver info: driver.version: unknown">
      <![CDATA[org.openqa.selenium.NoSuchElementException: Cannot locate element with text: Mis Consumos
For documentation on this error, please visit: http://seleniumhq.org/exceptions/no_such_element.html
Build info: version: '3.4.0', revision: 'unknown', time: 'unknown'
System info: host: 'LAPTOP-ADMPVVC9', ip: '10.112.4.196', os.name: 'Windows 10', os.arch: 'amd64', os.version: '10.0', java.version: '1.8.0_131'
Driver info: driver.version: unknown
	at org.openqa.selenium.support.ui.Select.selectByVisibleText(Select.java:151)
	at Tests.TechnicalCareCSRAutogestionA.TS51287_CRM_Fase_3_Technical_Care_CSR_Autogestion_Visualizacion_de_Lista_de_Inconvenientes_Canal_WEB_Servicio_Mis_Consumos(TechnicalCareCSRAutogestionA.java:524)
	at java.util.concurrent.ThreadPoolExecutor.runWorker(Unknown Source)
	at java.util.concurrent.ThreadPoolExecutor$Worker.run(Unknown Source)
	at java.lang.Thread.run(Unknown Source)
... Removed 10 stack frames]]>
    </failure>
  </testcase> <!-- TS51287_CRM_Fase_3_Technical_Care_CSR_Autogestion_Visualizacion_de_Lista_de_Inconvenientes_Canal_WEB_Servicio_Mis_Consumos -->
  <testcase name="TS51288_CRM_Fase_3_Technical_Care_CSR_Autogestion_APP_Mis_Consumos_Visualizacion_de_Lista_de_Inconvenientes" time="8.419" classname="Tests.TechnicalCareCSRAutogestionA"/>
  <testcase name="TS51289_CRM_Fase_3_Technical_Care_CSR_Autogestion_Verificacion_de_la_seleccion_Canal_App_y_Servicio_Centros_de_Atencion" time="8.385" classname="Tests.TechnicalCareCSRAutogestionA"/>
  <testcase name="TS51290_CRM_Fase_3_Technical_Care_CSR_Autogestion_APP_Centros_de_Atencion_Visualizacion_de_Lista_de_Inconvenientes" time="8.312" classname="Tests.TechnicalCareCSRAutogestionA"/>
  <testcase name="TS51292_CRM_Fase_3_Technical_Care_CSR_Autogestion_APP_Club_Personal_Visualizacion_de_Lista_de_Inconvenientes" time="8.398" classname="Tests.TechnicalCareCSRAutogestionA"/>
  <testcase name="TS51297_CRM_Fase_3_Technical_Care_CSR_Autogestion_WAP_Visualizacion_de_Lista_de_Inconvenientes_Estado_de_la_Cuenta" time="8.539" classname="Tests.TechnicalCareCSRAutogestionA"/>
  <testcase name="TS112650_CRM_SCP_Estructura_de_las_oportunidades_Bloques_Notas_y_Archivos_Adjuntos_Visualizar_Nota" time="8.148" classname="Tests.test_SCP_Base">
    <failure type="org.openqa.selenium.NoSuchElementException" message="no such element: Unable to locate element: {&amp;quot;method&amp;quot;:&amp;quot;xpath&amp;quot;,&amp;quot;selector&amp;quot;:&amp;quot;//*[@id=&amp;quot;0063F000001tZ8F_RelatedNoteList_body&amp;quot;]/table/tbody/tr[2]/td[2]/a&amp;quot;}
  (Session info: chrome=62.0.3202.94)
  (Driver info: chromedriver=2.30.477700 (0057494ad8732195794a7b32078424f92a5fce41),platform=Windows NT 10.0.15063 x86_64) (WARNING: The server did not provide any stacktrace information)
Command duration or timeout: 50 milliseconds
For documentation on this error, please visit: http://seleniumhq.org/exceptions/no_such_element.html
Build info: version: &amp;apos;3.4.0&amp;apos;, revision: &amp;apos;unknown&amp;apos;, time: &amp;apos;unknown&amp;apos;
System info: host: &amp;apos;LAPTOP-ADMPVVC9&amp;apos;, ip: &amp;apos;10.112.4.196&amp;apos;, os.name: &amp;apos;Windows 10&amp;apos;, os.arch: &amp;apos;amd64&amp;apos;, os.version: &amp;apos;10.0&amp;apos;, java.version: &amp;apos;1.8.0_131&amp;apos;
Driver info: org.openqa.selenium.chrome.ChromeDriver
Capabilities [{applicationCacheEnabled=false, rotatable=false, mobileEmulationEnabled=false, networkConnectionEnabled=false, chrome={chromedriverVersion=2.30.477700 (0057494ad8732195794a7b32078424f92a5fce41), userDataDir=C:\Users\pablo\AppData\Local\Temp\scoped_dir6152_26903}, takesHeapSnapshot=true, pageLoadStrategy=normal, databaseEnabled=false, handlesAlerts=true, hasTouchScreen=false, version=62.0.3202.94, platform=XP, browserConnectionEnabled=false, nativeEvents=true, acceptSslCerts=true, locationContextEnabled=true, webStorageEnabled=true, browserName=chrome, takesScreenshot=true, javascriptEnabled=true, cssSelectorsEnabled=true, unexpectedAlertBehaviour=}]
Session ID: 09bcbfdfe571a3ad4a56668d7bb8ba9a
*** Element info: {Using=xpath, value=//*[@id=&amp;quot;0063F000001tZ8F_RelatedNoteList_body&amp;quot;]/table/tbody/tr[2]/td[2]/a}">
      <![CDATA[org.openqa.selenium.NoSuchElementException: no such element: Unable to locate element: {"method":"xpath","selector":"//*[@id="0063F000001tZ8F_RelatedNoteList_body"]/table/tbody/tr[2]/td[2]/a"}
  (Session info: chrome=62.0.3202.94)
  (Driver info: chromedriver=2.30.477700 (0057494ad8732195794a7b32078424f92a5fce41),platform=Windows NT 10.0.15063 x86_64) (WARNING: The server did not provide any stacktrace information)
Command duration or timeout: 50 milliseconds
For documentation on this error, please visit: http://seleniumhq.org/exceptions/no_such_element.html
Build info: version: '3.4.0', revision: 'unknown', time: 'unknown'
System info: host: 'LAPTOP-ADMPVVC9', ip: '10.112.4.196', os.name: 'Windows 10', os.arch: 'amd64', os.version: '10.0', java.version: '1.8.0_131'
Driver info: org.openqa.selenium.chrome.ChromeDriver
Capabilities [{applicationCacheEnabled=false, rotatable=false, mobileEmulationEnabled=false, networkConnectionEnabled=false, chrome={chromedriverVersion=2.30.477700 (0057494ad8732195794a7b32078424f92a5fce41), userDataDir=C:\Users\pablo\AppData\Local\Temp\scoped_dir6152_26903}, takesHeapSnapshot=true, pageLoadStrategy=normal, databaseEnabled=false, handlesAlerts=true, hasTouchScreen=false, version=62.0.3202.94, platform=XP, browserConnectionEnabled=false, nativeEvents=true, acceptSslCerts=true, locationContextEnabled=true, webStorageEnabled=true, browserName=chrome, takesScreenshot=true, javascriptEnabled=true, cssSelectorsEnabled=true, unexpectedAlertBehaviour=}]
Session ID: 09bcbfdfe571a3ad4a56668d7bb8ba9a
*** Element info: {Using=xpath, value=//*[@id="0063F000001tZ8F_RelatedNoteList_body"]/table/tbody/tr[2]/td[2]/a}
	at org.openqa.selenium.remote.ErrorHandler.createThrowable(ErrorHandler.java:215)
	at org.openqa.selenium.remote.ErrorHandler.throwIfResponseFailed(ErrorHandler.java:167)
	at org.openqa.selenium.remote.RemoteWebDriver.execute(RemoteWebDriver.java:671)
	at org.openqa.selenium.remote.RemoteWebDriver.findElement(RemoteWebDriver.java:410)
	at org.openqa.selenium.remote.RemoteWebDriver.findElementByXPath(RemoteWebDriver.java:509)
	at org.openqa.selenium.By$ByXPath.findElement(By.java:361)
	at org.openqa.selenium.remote.RemoteWebDriver.findElement(RemoteWebDriver.java:402)
	at Tests.test_SCP_Base.TS112650_CRM_SCP_Estructura_de_las_oportunidades_Bloques_Notas_y_Archivos_Adjuntos_Visualizar_Nota(test_SCP_Base.java:371)
	at java.util.concurrent.ThreadPoolExecutor.runWorker(Unknown Source)
	at java.util.concurrent.ThreadPoolExecutor$Worker.run(Unknown Source)
	at java.lang.Thread.run(Unknown Source)
... Removed 13 stack frames]]>
    </failure>
  </testcase> <!-- TS112650_CRM_SCP_Estructura_de_las_oportunidades_Bloques_Notas_y_Archivos_Adjuntos_Visualizar_Nota -->
  <testcase name="TS51303_CRM_Fase_3_Technical_Care_CSR_Autogestion_WAP_Domicilio_de_acturacion_Visualizacion_de_Lista_de_Inconvenientes" time="8.424" classname="Tests.TechnicalCareCSRAutogestionA"/>
  <testcase name="TS51305_CRM_Fase_3_Technical_Care_CSR_Autogestion_WAP_Email_Visualizacion_de_Lista_de_Inconvenientes" time="8.419" classname="Tests.TechnicalCareCSRAutogestionA"/>
  <testcase name="TS51307_CRM_Fase_3_Technical_Care_CSR_uSSD_Visualizacion_de_Lista_de_Inconvenientes_Asterisco_156" time="8.545" classname="Tests.TechnicalCareCSRAutogestionA"/>
  <testcase name="TS51309_CRM_Fase_3_Technical_Care_CSR_uSSD_Visualizacion_de_Lista_de_Inconvenientes_Asterisco_150" time="8.319" classname="Tests.TechnicalCareCSRAutogestionA"/>
  <testcase name="TS51311_CRM_Fase_3_Technical_Care_CSR_uSSD_Visualizacion_de_Lista_de_Inconvenientes_Asterisco_724" time="8.354" classname="Tests.TechnicalCareCSRAutogestionA"/>
  <testcase name="TS112665_CRM_SCP_Estructura_de_las_oportunidades_Bloques_Valorizado_de_la_oportunidad_Cotizacion_del_dolar_segun_Budget" time="11.699" classname="Tests.test_SCP_Base"/>
  <testcase name="TS6727_CRM_OM_Ordenes_Order_Detail_Visualización_del_flujo_de_orquestación" time="39.214" classname="Tests.moduloOM"/>
  <testcase name="TS51088_CRM_Fase_3_Technical_Care_CSR_Muleto_Verificacion_Blacklist_negativo" time="18.652" classname="Tests.TechnicalCareCSRMuletoA"/>
  <testcase name="TS8231_CRM_OM_Ordenes_Panel_principal_Crear_una_Orden" time="13.235" classname="Tests.moduloOM"/>
  <testcase name="TS51097_CRM_Fase_3_Technical_Care_CSR_Muleto_Verificacion_seleccion_de_uNO_del_listado" time="16.466" classname="Tests.TechnicalCareCSRMuletoA">
    <failure type="java.lang.AssertionError" message="expected [true] but found [false]">
      <![CDATA[java.lang.AssertionError: expected [true] but found [false]
	at Tests.TechnicalCareCSRMuletoA.TS51097_CRM_Fase_3_Technical_Care_CSR_Muleto_Verificacion_seleccion_de_uNO_del_listado(TechnicalCareCSRMuletoA.java:235)
	at java.util.concurrent.ThreadPoolExecutor.runWorker(Unknown Source)
	at java.util.concurrent.ThreadPoolExecutor$Worker.run(Unknown Source)
	at java.lang.Thread.run(Unknown Source)
... Removed 14 stack frames]]>
    </failure>
  </testcase> <!-- TS51097_CRM_Fase_3_Technical_Care_CSR_Muleto_Verificacion_seleccion_de_uNO_del_listado -->
  <testcase name="TS_CRM_OM_Interfaces_Cliente_Nuevo_PP_CN_Sin_delivery_Sin_VAS_Paso_1_S203_createSubscriber_Huawei_Verificacion_de_request_response" time="41.227" classname="Tests.moduloOM"/>
  <testcase name="TS51109_CRM_Fase_3_Technical_Care_CSR_Muleto_Verificacion_si_no_se_ingresa_un_texto_puede_continuar_con_la_gestion" time="17.229" classname="Tests.TechnicalCareCSRMuletoA">
    <failure type="java.lang.IndexOutOfBoundsException" message="Index: 1, Size: 0">
      <![CDATA[java.lang.IndexOutOfBoundsException: Index: 1, Size: 0
	at java.util.ArrayList.rangeCheck(Unknown Source)
	at java.util.ArrayList.get(Unknown Source)
	at Tests.TechnicalCareCSRMuletoA.TS51109_CRM_Fase_3_Technical_Care_CSR_Muleto_Verificacion_si_no_se_ingresa_un_texto_puede_continuar_con_la_gestion(TechnicalCareCSRMuletoA.java:200)
	at java.util.concurrent.ThreadPoolExecutor.runWorker(Unknown Source)
	at java.util.concurrent.ThreadPoolExecutor$Worker.run(Unknown Source)
	at java.lang.Thread.run(Unknown Source)
... Removed 10 stack frames]]>
    </failure>
  </testcase> <!-- TS51109_CRM_Fase_3_Technical_Care_CSR_Muleto_Verificacion_si_no_se_ingresa_un_texto_puede_continuar_con_la_gestion -->
  <testcase name="TS51110_CRM_Fase_3_Technical_Care_CSR_Muleto_Verificacion_si_no_se_ingresa_un_texto_puede_continuar_con_la_gestion" time="17.117" classname="Tests.TechnicalCareCSRMuletoA">
    <failure type="java.lang.IndexOutOfBoundsException" message="Index: 1, Size: 0">
      <![CDATA[java.lang.IndexOutOfBoundsException: Index: 1, Size: 0
	at java.util.ArrayList.rangeCheck(Unknown Source)
	at java.util.ArrayList.get(Unknown Source)
	at Tests.TechnicalCareCSRMuletoA.TS51110_CRM_Fase_3_Technical_Care_CSR_Muleto_Verificacion_si_no_se_ingresa_un_texto_puede_continuar_con_la_gestion(TechnicalCareCSRMuletoA.java:298)
	at java.util.concurrent.ThreadPoolExecutor.runWorker(Unknown Source)
	at java.util.concurrent.ThreadPoolExecutor$Worker.run(Unknown Source)
	at java.lang.Thread.run(Unknown Source)
... Removed 10 stack frames]]>
    </failure>
  </testcase> <!-- TS51110_CRM_Fase_3_Technical_Care_CSR_Muleto_Verificacion_si_no_se_ingresa_un_texto_puede_continuar_con_la_gestion -->
  <testcase name="TS38068_Consumption_Details_Definicion_de_Filtros_sobre_Calendario_Fecha_Desde_No_se_puede_ingresar_una_fecha_posterior_a_día_de_consulta" time="75.31" classname="Tests.TestsJ"/>
  <testcase name="TS38164_360_View_UX_360_Card_Historiales_Visualizar_HISTORIAL_DE_PACKS" time="1.417" classname="Tests.TestsJ"/>
  <testcase name="TS38166_360_View_UX_360_Card_Historiales_Visualizar_HISTORIAL_DE_AJUSTES" time="4.099" classname="Tests.TestsJ"/>
  <testcase name="TS38169_360_View_UX_360_Card_Historiales_Visualizar_botón_Ver_Detalle_HISTORIAL_DE_RECARGAS_SOS" time="3.454" classname="Tests.TestsJ">
    <failure type="java.lang.NullPointerException">
      <![CDATA[java.lang.NullPointerException
	at Tests.TestsJ.TS38169_360_View_UX_360_Card_Historiales_Visualizar_botón_Ver_Detalle_HISTORIAL_DE_RECARGAS_SOS(TestsJ.java:277)
	at java.util.concurrent.ThreadPoolExecutor.runWorker(Unknown Source)
	at java.util.concurrent.ThreadPoolExecutor$Worker.run(Unknown Source)
	at java.lang.Thread.run(Unknown Source)
... Removed 10 stack frames]]>
    </failure>
  </testcase> <!-- TS38169_360_View_UX_360_Card_Historiales_Visualizar_botón_Ver_Detalle_HISTORIAL_DE_RECARGAS_SOS -->
  <testcase name="TS38170_360_View_UX_360_Card_Historiales_Visualizar_botón_Ver_Detalle_HISTORIAL_DE_AJUSTES" time="3.489" classname="Tests.TestsJ"/>
  <testcase name="TS38172_360_View_UX_360_Card_Historiales_Campos_Historial_de_Packs" time="1.423" classname="Tests.TestsJ">
    <failure type="org.openqa.selenium.WebDriverException" message="unknown error: Element &amp;lt;iframe id=&amp;quot;ext-comp-1019&amp;quot; name=&amp;quot;ext-comp-1019&amp;quot; frameborder=&amp;quot;0&amp;quot; src=&amp;quot;/apex/ta_Care_ConsoleRightSidebar?id=001c000001BMqtL&amp;amp;amp;isdtp=vw&amp;amp;amp;inContextPane=true&amp;amp;amp;nonce=94464606b3fa1f982ca03f2dbf404604feb2b13cf7ed5d609a94c63018dd9695&amp;amp;amp;sfdcIFrameOrigin=https%3A%2F%2Fcrm--sit.cs14.my.salesforce.com&amp;quot; style=&amp;quot;width: 245px; height: 491px;&amp;quot; cd_frame_id_=&amp;quot;edeb761339f534a28f47a0a545d86778&amp;quot;&amp;gt;&amp;lt;/iframe&amp;gt; is not clickable at point (74, 117). Other element would receive the click: &amp;lt;iframe id=&amp;quot;ext-comp-1022&amp;quot; name=&amp;quot;ext-comp-1022&amp;quot; frameborder=&amp;quot;0&amp;quot; src=&amp;quot;/apex/ta_Care_ConsoleLeftSidebar?id=001c000001BMqtL&amp;amp;amp;isdtp=vw&amp;amp;amp;inContextPane=true&amp;amp;amp;nonce=94464606b3fa1f982ca03f2dbf404604feb2b13cf7ed5d609a94c63018dd9695&amp;amp;amp;sfdcIFrameOrigin=https%3A%2F%2Fcrm--sit.cs14.my.salesforce.com&amp;quot; style=&amp;quot;width: 247px; height: 491px;&amp;quot;&amp;gt;&amp;lt;/iframe&amp;gt;
  (Session info: chrome=62.0.3202.94)
  (Driver info: chromedriver=2.30.477700 (0057494ad8732195794a7b32078424f92a5fce41),platform=Windows NT 10.0.15063 x86_64) (WARNING: The server did not provide any stacktrace information)
Command duration or timeout: 103 milliseconds
Build info: version: &amp;apos;3.4.0&amp;apos;, revision: &amp;apos;unknown&amp;apos;, time: &amp;apos;unknown&amp;apos;
System info: host: &amp;apos;LAPTOP-ADMPVVC9&amp;apos;, ip: &amp;apos;10.112.4.196&amp;apos;, os.name: &amp;apos;Windows 10&amp;apos;, os.arch: &amp;apos;amd64&amp;apos;, os.version: &amp;apos;10.0&amp;apos;, java.version: &amp;apos;1.8.0_131&amp;apos;
Driver info: org.openqa.selenium.chrome.ChromeDriver
Capabilities [{applicationCacheEnabled=false, rotatable=false, mobileEmulationEnabled=false, networkConnectionEnabled=false, chrome={chromedriverVersion=2.30.477700 (0057494ad8732195794a7b32078424f92a5fce41), userDataDir=C:\Users\pablo\AppData\Local\Temp\scoped_dir14292_13259}, takesHeapSnapshot=true, pageLoadStrategy=normal, databaseEnabled=false, handlesAlerts=true, hasTouchScreen=false, version=62.0.3202.94, platform=XP, browserConnectionEnabled=false, nativeEvents=true, acceptSslCerts=true, locationContextEnabled=true, webStorageEnabled=true, browserName=chrome, takesScreenshot=true, javascriptEnabled=true, cssSelectorsEnabled=true, unexpectedAlertBehaviour=}]
Session ID: 186b8ca387a6633b9fa565f7b682e346">
      <![CDATA[org.openqa.selenium.WebDriverException: unknown error: Element <iframe id="ext-comp-1019" name="ext-comp-1019" frameborder="0" src="/apex/ta_Care_ConsoleRightSidebar?id=001c000001BMqtL&amp;isdtp=vw&amp;inContextPane=true&amp;nonce=94464606b3fa1f982ca03f2dbf404604feb2b13cf7ed5d609a94c63018dd9695&amp;sfdcIFrameOrigin=https%3A%2F%2Fcrm--sit.cs14.my.salesforce.com" style="width: 245px; height: 491px;" cd_frame_id_="edeb761339f534a28f47a0a545d86778"></iframe> is not clickable at point (74, 117). Other element would receive the click: <iframe id="ext-comp-1022" name="ext-comp-1022" frameborder="0" src="/apex/ta_Care_ConsoleLeftSidebar?id=001c000001BMqtL&amp;isdtp=vw&amp;inContextPane=true&amp;nonce=94464606b3fa1f982ca03f2dbf404604feb2b13cf7ed5d609a94c63018dd9695&amp;sfdcIFrameOrigin=https%3A%2F%2Fcrm--sit.cs14.my.salesforce.com" style="width: 247px; height: 491px;"></iframe>
  (Session info: chrome=62.0.3202.94)
  (Driver info: chromedriver=2.30.477700 (0057494ad8732195794a7b32078424f92a5fce41),platform=Windows NT 10.0.15063 x86_64) (WARNING: The server did not provide any stacktrace information)
Command duration or timeout: 103 milliseconds
Build info: version: '3.4.0', revision: 'unknown', time: 'unknown'
System info: host: 'LAPTOP-ADMPVVC9', ip: '10.112.4.196', os.name: 'Windows 10', os.arch: 'amd64', os.version: '10.0', java.version: '1.8.0_131'
Driver info: org.openqa.selenium.chrome.ChromeDriver
Capabilities [{applicationCacheEnabled=false, rotatable=false, mobileEmulationEnabled=false, networkConnectionEnabled=false, chrome={chromedriverVersion=2.30.477700 (0057494ad8732195794a7b32078424f92a5fce41), userDataDir=C:\Users\pablo\AppData\Local\Temp\scoped_dir14292_13259}, takesHeapSnapshot=true, pageLoadStrategy=normal, databaseEnabled=false, handlesAlerts=true, hasTouchScreen=false, version=62.0.3202.94, platform=XP, browserConnectionEnabled=false, nativeEvents=true, acceptSslCerts=true, locationContextEnabled=true, webStorageEnabled=true, browserName=chrome, takesScreenshot=true, javascriptEnabled=true, cssSelectorsEnabled=true, unexpectedAlertBehaviour=}]
Session ID: 186b8ca387a6633b9fa565f7b682e346
	at org.openqa.selenium.remote.ErrorHandler.createThrowable(ErrorHandler.java:215)
	at org.openqa.selenium.remote.ErrorHandler.throwIfResponseFailed(ErrorHandler.java:167)
	at org.openqa.selenium.remote.RemoteWebDriver.execute(RemoteWebDriver.java:671)
	at org.openqa.selenium.remote.RemoteWebElement.execute(RemoteWebElement.java:272)
	at org.openqa.selenium.remote.RemoteWebElement.click(RemoteWebElement.java:82)
	at Tests.TestsJ.irAGestion(TestsJ.java:181)
	at Tests.TestsJ.TS38172_360_View_UX_360_Card_Historiales_Campos_Historial_de_Packs(TestsJ.java:293)
	at java.util.concurrent.ThreadPoolExecutor.runWorker(Unknown Source)
	at java.util.concurrent.ThreadPoolExecutor$Worker.run(Unknown Source)
	at java.lang.Thread.run(Unknown Source)
... Removed 14 stack frames]]>
    </failure>
  </testcase> <!-- TS38172_360_View_UX_360_Card_Historiales_Campos_Historial_de_Packs -->
  <testcase name="TS38174_360_View_UX_360_Card_Historiales_Campos_Historial_de_Ajustes" time="3.69" classname="Tests.TestsJ">
    <failure type="java.lang.AssertionError" message="expected [true] but found [false]">
      <![CDATA[java.lang.AssertionError: expected [true] but found [false]
	at Tests.TestsJ.TS38174_360_View_UX_360_Card_Historiales_Campos_Historial_de_Ajustes(TestsJ.java:330)
	at java.util.concurrent.ThreadPoolExecutor.runWorker(Unknown Source)
	at java.util.concurrent.ThreadPoolExecutor$Worker.run(Unknown Source)
	at java.lang.Thread.run(Unknown Source)
... Removed 14 stack frames]]>
    </failure>
  </testcase> <!-- TS38174_360_View_UX_360_Card_Historiales_Campos_Historial_de_Ajustes -->
  <testcase name="TS38185_360_View_360_View_Historial_de_Packs_Desplegable_nombre_Historial_Packs" time="1.328" classname="Tests.TestsJ">
[...]
    <failure type="org.openqa.selenium.WebDriverException" message="unknown error: Element &amp;lt;span&amp;gt;...&amp;lt;/span&amp;gt; is not clickable at point (136, 437). Other element would receive the click: &amp;lt;div class=&amp;quot;waitingSearchDiv&amp;quot; id=&amp;quot;00Bc0000001TCcD_loading&amp;quot; style=&amp;quot;width: 100%; height: 100%; display: block;&amp;quot;&amp;gt;...&amp;lt;/div&amp;gt;
  (Session info: chrome=62.0.3202.94)
  (Driver info: chromedriver=2.30.477700 (0057494ad8732195794a7b32078424f92a5fce41),platform=Windows NT 10.0.15063 x86_64) (WARNING: The server did not provide any stacktrace information)
Command duration or timeout: 65 milliseconds
Build info: version: &amp;apos;3.4.0&amp;apos;, revision: &amp;apos;unknown&amp;apos;, time: &amp;apos;unknown&amp;apos;
System info: host: &amp;apos;LAPTOP-ADMPVVC9&amp;apos;, ip: &amp;apos;10.112.4.196&amp;apos;, os.name: &amp;apos;Windows 10&amp;apos;, os.arch: &amp;apos;amd64&amp;apos;, os.version: &amp;apos;10.0&amp;apos;, java.version: &amp;apos;1.8.0_131&amp;apos;
Driver info: org.openqa.selenium.chrome.ChromeDriver
Capabilities [{applicationCacheEnabled=false, rotatable=false, mobileEmulationEnabled=false, networkConnectionEnabled=false, chrome={chromedriverVersion=2.30.477700 (0057494ad8732195794a7b32078424f92a5fce41), userDataDir=C:\Users\pablo\AppData\Local\Temp\scoped_dir3216_28126}, takesHeapSnapshot=true, pageLoadStrategy=normal, databaseEnabled=false, handlesAlerts=true, hasTouchScreen=false, version=62.0.3202.94, platform=XP, browserConnectionEnabled=false, nativeEvents=true, acceptSslCerts=true, locationContextEnabled=true, webStorageEnabled=true, browserName=chrome, takesScreenshot=true, javascriptEnabled=true, cssSelectorsEnabled=true, unexpectedAlertBehaviour=}]
Session ID: 6640750fc4909e36bed997025a3a0d6a">
      <![CDATA[org.openqa.selenium.WebDriverException: unknown error: Element <span>...</span> is not clickable at point (136, 437). Other element would receive the click: <div class="waitingSearchDiv" id="00Bc0000001TCcD_loading" style="width: 100%; height: 100%; display: block;">...</div>
  (Session info: chrome=62.0.3202.94)
  (Driver info: chromedriver=2.30.477700 (0057494ad8732195794a7b32078424f92a5fce41),platform=Windows NT 10.0.15063 x86_64) (WARNING: The server did not provide any stacktrace information)
Command duration or timeout: 65 milliseconds
Build info: version: '3.4.0', revision: 'unknown', time: 'unknown'
System info: host: 'LAPTOP-ADMPVVC9', ip: '10.112.4.196', os.name: 'Windows 10', os.arch: 'amd64', os.version: '10.0', java.version: '1.8.0_131'
Driver info: org.openqa.selenium.chrome.ChromeDriver
Capabilities [{applicationCacheEnabled=false, rotatable=false, mobileEmulationEnabled=false, networkConnectionEnabled=false, chrome={chromedriverVersion=2.30.477700 (0057494ad8732195794a7b32078424f92a5fce41), userDataDir=C:\Users\pablo\AppData\Local\Temp\scoped_dir3216_28126}, takesHeapSnapshot=true, pageLoadStrategy=normal, databaseEnabled=false, handlesAlerts=true, hasTouchScreen=false, version=62.0.3202.94, platform=XP, browserConnectionEnabled=false, nativeEvents=true, acceptSslCerts=true, locationContextEnabled=true, webStorageEnabled=true, browserName=chrome, takesScreenshot=true, javascriptEnabled=true, cssSelectorsEnabled=true, unexpectedAlertBehaviour=}]
Session ID: 6640750fc4909e36bed997025a3a0d6a
	at org.openqa.selenium.remote.ErrorHandler.createThrowable(ErrorHandler.java:215)
	at org.openqa.selenium.remote.ErrorHandler.throwIfResponseFailed(ErrorHandler.java:167)
	at org.openqa.selenium.remote.RemoteWebDriver.execute(RemoteWebDriver.java:671)
	at org.openqa.selenium.remote.RemoteWebElement.execute(RemoteWebElement.java:272)
	at org.openqa.selenium.remote.RemoteWebElement.click(RemoteWebElement.java:82)
	at Pages.CustomerCare.obligarclick(CustomerCare.java:129)
	at Pages.CustomerCare.elegircuenta(CustomerCare.java:157)
	at Tests.CustomerCareFase3.TS38514_360_View_Historial_de_Recargas_Pre_pago_Grilla_Expandir_registro_Asset_Prepago_Beneficios_de_Unidades_Visualizar_datos(CustomerCareFase3.java:1184)
	at java.util.concurrent.ThreadPoolExecutor.runWorker(Unknown Source)
	at java.util.concurrent.ThreadPoolExecutor$Worker.run(Unknown Source)
	at java.lang.Thread.run(Unknown Source)
... Removed 13 stack frames]]>
    </failure>
  </testcase> <!-- TS38514_360_View_Historial_de_Recargas_Pre_pago_Grilla_Expandir_registro_Asset_Prepago_Beneficios_de_Unidades_Visualizar_datos -->
  <testcase name="TS112541_Administracion_de_Contexto_Sectorial_Borrar_Guardando" time="15.933" classname="Tests.SCPAdministracionDeServicios">
    <failure type="org.openqa.selenium.NoSuchElementException" message="Cannot locate element with text:  
For documentation on this error, please visit: http://seleniumhq.org/exceptions/no_such_element.html
Build info: version: &amp;apos;3.4.0&amp;apos;, revision: &amp;apos;unknown&amp;apos;, time: &amp;apos;unknown&amp;apos;
System info: host: &amp;apos;LAPTOP-ADMPVVC9&amp;apos;, ip: &amp;apos;10.112.4.196&amp;apos;, os.name: &amp;apos;Windows 10&amp;apos;, os.arch: &amp;apos;amd64&amp;apos;, os.version: &amp;apos;10.0&amp;apos;, java.version: &amp;apos;1.8.0_131&amp;apos;
Driver info: driver.version: unknown">
      <![CDATA[org.openqa.selenium.NoSuchElementException: Cannot locate element with text:  
For documentation on this error, please visit: http://seleniumhq.org/exceptions/no_such_element.html
Build info: version: '3.4.0', revision: 'unknown', time: 'unknown'
System info: host: 'LAPTOP-ADMPVVC9', ip: '10.112.4.196', os.name: 'Windows 10', os.arch: 'amd64', os.version: '10.0', java.version: '1.8.0_131'
Driver info: driver.version: unknown
	at org.openqa.selenium.support.ui.Select.selectByVisibleText(Select.java:151)
	at Tests.SCPAdministracionDeServicios.TS112541_Administracion_de_Contexto_Sectorial_Borrar_Guardando(SCPAdministracionDeServicios.java:143)
	at java.util.concurrent.ThreadPoolExecutor.runWorker(Unknown Source)
	at java.util.concurrent.ThreadPoolExecutor$Worker.run(Unknown Source)
	at java.lang.Thread.run(Unknown Source)
... Removed 10 stack frames]]>
    </failure>
  </testcase> <!-- TS112541_Administracion_de_Contexto_Sectorial_Borrar_Guardando -->
  <testcase name="TS38515_360_View_Historial_de_Recargas_Pre_pago_Grilla_Expandir_registro_Asset_Prepago_Expandir_nuevo_registro_El_anterior_queda_abierto" time="67.844" classname="Tests.CustomerCareFase3">
    <failure type="java.lang.NullPointerException" message="null value in entry: id=null">
      <![CDATA[java.lang.NullPointerException: null value in entry: id=null
	at com.google.common.collect.CollectPreconditions.checkEntryNotNull(CollectPreconditions.java:34)
	at com.google.common.collect.SingletonImmutableBiMap.<init>(SingletonImmutableBiMap.java:42)
	at com.google.common.collect.ImmutableBiMap.of(ImmutableBiMap.java:73)
	at com.google.common.collect.ImmutableMap.of(ImmutableMap.java:120)
	at org.openqa.selenium.remote.RemoteWebDriver$RemoteTargetLocator.frame(RemoteWebDriver.java:980)
	at Tests.CustomerCareFase3.TS38515_360_View_Historial_de_Recargas_Pre_pago_Grilla_Expandir_registro_Asset_Prepago_Expandir_nuevo_registro_El_anterior_queda_abierto(CustomerCareFase3.java:1153)
	at java.util.concurrent.ThreadPoolExecutor.runWorker(Unknown Source)
	at java.util.concurrent.ThreadPoolExecutor$Worker.run(Unknown Source)
	at java.lang.Thread.run(Unknown Source)
... Removed 10 stack frames]]>
    </failure>
  </testcase> <!-- TS38515_360_View_Historial_de_Recargas_Pre_pago_Grilla_Expandir_registro_Asset_Prepago_Expandir_nuevo_registro_El_anterior_queda_abierto -->
  <testcase name="TS112547_Administracion_de_Contexto_Sectorial_Ingreso_Desde_el_Contacto" time="14.599" classname="Tests.SCPAdministracionDeServicios"/>
  <testcase name="TS112548_Administracion_de_Servicios_Borrar_Categoria_del_Servicio" time="17.748" classname="Tests.SCPAdministracionDeServicios">
    <failure type="java.lang.AssertionError" message="expected [true] but found [false]">
      <![CDATA[java.lang.AssertionError: expected [true] but found [false]
	at Tests.SCPAdministracionDeServicios.TS112548_Administracion_de_Servicios_Borrar_Categoria_del_Servicio(SCPAdministracionDeServicios.java:227)
	at java.util.concurrent.ThreadPoolExecutor.runWorker(Unknown Source)
	at java.util.concurrent.ThreadPoolExecutor$Worker.run(Unknown Source)
	at java.lang.Thread.run(Unknown Source)
... Removed 14 stack frames]]>
    </failure>
  </testcase> <!-- TS112548_Administracion_de_Servicios_Borrar_Categoria_del_Servicio -->
  <testcase name="TS38516_360_View_Historial_de_Recargas_Pre_pago_Grilla_Expandir_registro_Asset_Prepago_Expande_registro_que_No_tiene_beneficios" time="47.732" classname="Tests.CustomerCareFase3">
    <failure type="org.openqa.selenium.WebDriverException" message="unknown error: Element &amp;lt;span&amp;gt;...&amp;lt;/span&amp;gt; is not clickable at point (136, 437). Other element would receive the click: &amp;lt;div class=&amp;quot;waitingSearchDiv&amp;quot; id=&amp;quot;00Bc0000001TCcD_loading&amp;quot; style=&amp;quot;width: 100%; height: 100%; display: block;&amp;quot;&amp;gt;...&amp;lt;/div&amp;gt;
  (Session info: chrome=62.0.3202.94)
  (Driver info: chromedriver=2.30.477700 (0057494ad8732195794a7b32078424f92a5fce41),platform=Windows NT 10.0.15063 x86_64) (WARNING: The server did not provide any stacktrace information)
Command duration or timeout: 64 milliseconds
Build info: version: &amp;apos;3.4.0&amp;apos;, revision: &amp;apos;unknown&amp;apos;, time: &amp;apos;unknown&amp;apos;
System info: host: &amp;apos;LAPTOP-ADMPVVC9&amp;apos;, ip: &amp;apos;10.112.4.196&amp;apos;, os.name: &amp;apos;Windows 10&amp;apos;, os.arch: &amp;apos;amd64&amp;apos;, os.version: &amp;apos;10.0&amp;apos;, java.version: &amp;apos;1.8.0_131&amp;apos;
Driver info: org.openqa.selenium.chrome.ChromeDriver
Capabilities [{applicationCacheEnabled=false, rotatable=false, mobileEmulationEnabled=false, networkConnectionEnabled=false, chrome={chromedriverVersion=2.30.477700 (0057494ad8732195794a7b32078424f92a5fce41), userDataDir=C:\Users\pablo\AppData\Local\Temp\scoped_dir3216_28126}, takesHeapSnapshot=true, pageLoadStrategy=normal, databaseEnabled=false, handlesAlerts=true, hasTouchScreen=false, version=62.0.3202.94, platform=XP, browserConnectionEnabled=false, nativeEvents=true, acceptSslCerts=true, locationContextEnabled=true, webStorageEnabled=true, browserName=chrome, takesScreenshot=true, javascriptEnabled=true, cssSelectorsEnabled=true, unexpectedAlertBehaviour=}]
Session ID: 6640750fc4909e36bed997025a3a0d6a">
      <![CDATA[org.openqa.selenium.WebDriverException: unknown error: Element <span>...</span> is not clickable at point (136, 437). Other element would receive the click: <div class="waitingSearchDiv" id="00Bc0000001TCcD_loading" style="width: 100%; height: 100%; display: block;">...</div>
  (Session info: chrome=62.0.3202.94)
  (Driver info: chromedriver=2.30.477700 (0057494ad8732195794a7b32078424f92a5fce41),platform=Windows NT 10.0.15063 x86_64) (WARNING: The server did not provide any stacktrace information)
Command duration or timeout: 64 milliseconds
Build info: version: '3.4.0', revision: 'unknown', time: 'unknown'
System info: host: 'LAPTOP-ADMPVVC9', ip: '10.112.4.196', os.name: 'Windows 10', os.arch: 'amd64', os.version: '10.0', java.version: '1.8.0_131'
Driver info: org.openqa.selenium.chrome.ChromeDriver
Capabilities [{applicationCacheEnabled=false, rotatable=false, mobileEmulationEnabled=false, networkConnectionEnabled=false, chrome={chromedriverVersion=2.30.477700 (0057494ad8732195794a7b32078424f92a5fce41), userDataDir=C:\Users\pablo\AppData\Local\Temp\scoped_dir3216_28126}, takesHeapSnapshot=true, pageLoadStrategy=normal, databaseEnabled=false, handlesAlerts=true, hasTouchScreen=false, version=62.0.3202.94, platform=XP, browserConnectionEnabled=false, nativeEvents=true, acceptSslCerts=true, locationContextEnabled=true, webStorageEnabled=true, browserName=chrome, takesScreenshot=true, javascriptEnabled=true, cssSelectorsEnabled=true, unexpectedAlertBehaviour=}]
Session ID: 6640750fc4909e36bed997025a3a0d6a
	at org.openqa.selenium.remote.ErrorHandler.createThrowable(ErrorHandler.java:215)
	at org.openqa.selenium.remote.ErrorHandler.throwIfResponseFailed(ErrorHandler.java:167)
	at org.openqa.selenium.remote.RemoteWebDriver.execute(RemoteWebDriver.java:671)
	at org.openqa.selenium.remote.RemoteWebElement.execute(RemoteWebElement.java:272)
	at org.openqa.selenium.remote.RemoteWebElement.click(RemoteWebElement.java:82)
	at Pages.CustomerCare.obligarclick(CustomerCare.java:129)
	at Pages.CustomerCare.elegircuenta(CustomerCare.java:157)
	at Tests.CustomerCareFase3.TS38516_360_View_Historial_de_Recargas_Pre_pago_Grilla_Expandir_registro_Asset_Prepago_Expande_registro_que_No_tiene_beneficios(CustomerCareFase3.java:1250)
	at java.util.concurrent.ThreadPoolExecutor.runWorker(Unknown Source)
	at java.util.concurrent.ThreadPoolExecutor$Worker.run(Unknown Source)
	at java.lang.Thread.run(Unknown Source)
... Removed 13 stack frames]]>
    </failure>
  </testcase> <!-- TS38516_360_View_Historial_de_Recargas_Pre_pago_Grilla_Expandir_registro_Asset_Prepago_Expande_registro_que_No_tiene_beneficios -->
  <testcase name="TS112551_Administracion_de_Servicios_Borrar_Servicio" time="16.494" classname="Tests.SCPAdministracionDeServicios"/>
  <testcase name="TS112781_Parque_de_Servicios_Agregar_Nuevo_Servicio" time="59.566" classname="Tests.SCPParquedeServicios"/>
  <testcase name="TS112554_Administracion_de_Servicios_Creacion_Crear_Categoria_de_Servicio" time="22.384" classname="Tests.SCPAdministracionDeServicios"/>
  <testcase name="TS112556_Administracion_de_Servicios_Creacion_Crear_Servicio" time="22.341" classname="Tests.SCPAdministracionDeServicios"/>
  <testcase name="TS112782_Parque_de_Servicios_Borrar" time="73.28" classname="Tests.SCPParquedeServicios">
    <failure type="org.openqa.selenium.NoSuchElementException" message="no such element: Unable to locate element: {&amp;quot;method&amp;quot;:&amp;quot;xpath&amp;quot;,&amp;quot;selector&amp;quot;:&amp;quot;//*[@id=&amp;apos;tableList&amp;apos;]/tbody/tr[17]&amp;quot;}
  (Session info: chrome=62.0.3202.94)
  (Driver info: chromedriver=2.30.477700 (0057494ad8732195794a7b32078424f92a5fce41),platform=Windows NT 10.0.15063 x86_64) (WARNING: The server did not provide any stacktrace information)
Command duration or timeout: 68 milliseconds
For documentation on this error, please visit: http://seleniumhq.org/exceptions/no_such_element.html
Build info: version: &amp;apos;3.4.0&amp;apos;, revision: &amp;apos;unknown&amp;apos;, time: &amp;apos;unknown&amp;apos;
System info: host: &amp;apos;LAPTOP-ADMPVVC9&amp;apos;, ip: &amp;apos;10.112.4.196&amp;apos;, os.name: &amp;apos;Windows 10&amp;apos;, os.arch: &amp;apos;amd64&amp;apos;, os.version: &amp;apos;10.0&amp;apos;, java.version: &amp;apos;1.8.0_131&amp;apos;
Driver info: org.openqa.selenium.chrome.ChromeDriver
Capabilities [{applicationCacheEnabled=false, rotatable=false, mobileEmulationEnabled=false, networkConnectionEnabled=false, chrome={chromedriverVersion=2.30.477700 (0057494ad8732195794a7b32078424f92a5fce41), userDataDir=C:\Users\pablo\AppData\Local\Temp\scoped_dir10796_24260}, takesHeapSnapshot=true, pageLoadStrategy=normal, databaseEnabled=false, handlesAlerts=true, hasTouchScreen=false, version=62.0.3202.94, platform=XP, browserConnectionEnabled=false, nativeEvents=true, acceptSslCerts=true, locationContextEnabled=true, webStorageEnabled=true, browserName=chrome, takesScreenshot=true, javascriptEnabled=true, cssSelectorsEnabled=true, unexpectedAlertBehaviour=}]
Session ID: 73d1522a992d00cffb87b3019190d48f
*** Element info: {Using=xpath, value=//*[@id=&amp;apos;tableList&amp;apos;]/tbody/tr[17]}">
      <![CDATA[org.openqa.selenium.NoSuchElementException: no such element: Unable to locate element: {"method":"xpath","selector":"//*[@id='tableList']/tbody/tr[17]"}
  (Session info: chrome=62.0.3202.94)
  (Driver info: chromedriver=2.30.477700 (0057494ad8732195794a7b32078424f92a5fce41),platform=Windows NT 10.0.15063 x86_64) (WARNING: The server did not provide any stacktrace information)
Command duration or timeout: 68 milliseconds
For documentation on this error, please visit: http://seleniumhq.org/exceptions/no_such_element.html
Build info: version: '3.4.0', revision: 'unknown', time: 'unknown'
System info: host: 'LAPTOP-ADMPVVC9', ip: '10.112.4.196', os.name: 'Windows 10', os.arch: 'amd64', os.version: '10.0', java.version: '1.8.0_131'
Driver info: org.openqa.selenium.chrome.ChromeDriver
Capabilities [{applicationCacheEnabled=false, rotatable=false, mobileEmulationEnabled=false, networkConnectionEnabled=false, chrome={chromedriverVersion=2.30.477700 (0057494ad8732195794a7b32078424f92a5fce41), userDataDir=C:\Users\pablo\AppData\Local\Temp\scoped_dir10796_24260}, takesHeapSnapshot=true, pageLoadStrategy=normal, databaseEnabled=false, handlesAlerts=true, hasTouchScreen=false, version=62.0.3202.94, platform=XP, browserConnectionEnabled=false, nativeEvents=true, acceptSslCerts=true, locationContextEnabled=true, webStorageEnabled=true, browserName=chrome, takesScreenshot=true, javascriptEnabled=true, cssSelectorsEnabled=true, unexpectedAlertBehaviour=}]
Session ID: 73d1522a992d00cffb87b3019190d48f
*** Element info: {Using=xpath, value=//*[@id='tableList']/tbody/tr[17]}
	at org.openqa.selenium.remote.ErrorHandler.createThrowable(ErrorHandler.java:215)
	at org.openqa.selenium.remote.ErrorHandler.throwIfResponseFailed(ErrorHandler.java:167)
	at org.openqa.selenium.remote.RemoteWebDriver.execute(RemoteWebDriver.java:671)
	at org.openqa.selenium.remote.RemoteWebDriver.findElement(RemoteWebDriver.java:410)
	at org.openqa.selenium.remote.RemoteWebDriver.findElementByXPath(RemoteWebDriver.java:509)
	at org.openqa.selenium.By$ByXPath.findElement(By.java:361)
	at org.openqa.selenium.remote.RemoteWebDriver.findElement(RemoteWebDriver.java:402)
	at Pages.SCP.validarservicioborrado(SCP.java:283)
	at Tests.SCPParquedeServicios.TS112782_Parque_de_Servicios_Borrar(SCPParquedeServicios.java:107)
	at java.util.concurrent.ThreadPoolExecutor.runWorker(Unknown Source)
	at java.util.concurrent.ThreadPoolExecutor$Worker.run(Unknown Source)
	at java.lang.Thread.run(Unknown Source)
... Removed 13 stack frames]]>
    </failure>
  </testcase> <!-- TS112782_Parque_de_Servicios_Borrar -->
  <testcase name="TS112785_Parque_de_Servicios_Exportar_a_Excel" time="41.159" classname="Tests.SCPParquedeServicios"/>
  <testcase name="TS112557_Administracion_de_Servicios_Ingreso_Desde_El_Contacto" time="15.175" classname="Tests.SCPAdministracionDeServicios"/>
  <testcase name="TS112786_Parque_de_Servicios_Guardar" time="35.284" classname="Tests.SCPParquedeServicios"/>
  <testcase name="TS112576_Configurar_Reporte_SCP_Exportar_a_Word" time="24.505" classname="Tests.SCPAdministracionDeServicios"/>
  <testcase name="TS112578_Configurar_Reporte_SCP_Ingreso_Desde_El_Contacto" time="15.102" classname="Tests.SCPAdministracionDeServicios">
    <failure type="java.lang.ArrayIndexOutOfBoundsException" message="-1">
      <![CDATA[java.lang.ArrayIndexOutOfBoundsException: -1
	at java.util.ArrayList.elementData(Unknown Source)
	at java.util.ArrayList.remove(Unknown Source)
	at Tests.SCPAdministracionDeServicios.TS112578_Configurar_Reporte_SCP_Ingreso_Desde_El_Contacto(SCPAdministracionDeServicios.java:379)
	at java.util.concurrent.ThreadPoolExecutor.runWorker(Unknown Source)
	at java.util.concurrent.ThreadPoolExecutor$Worker.run(Unknown Source)
	at java.lang.Thread.run(Unknown Source)
... Removed 10 stack frames]]>
    </failure>
  </testcase> <!-- TS112578_Configurar_Reporte_SCP_Ingreso_Desde_El_Contacto -->
  <testcase name="TS112787_Parque_De_Servicios_Ingreso_Desde_El_Contacto" time="19.306" classname="Tests.SCPAdministracionDeServicios"/>
</testsuite> <!-- Test -->
