<?xml version="1.0" encoding="UTF-8"?>
<testng-results skipped="0" failed="0" ignored="9" total="10" passed="1">
  <reporter-output>
  </reporter-output>
  <suite name="Default suite" duration-ms="135033" started-at="2017-12-18T13:21:01Z" finished-at="2017-12-18T13:23:16Z">
    <groups>
      <group name="SCP">
        <method signature="SCPParquedeServicios.TS112683_Matriz_de_Criterios_de_Decisión_Chatter_contextualizado_Escribir_comentario()[pri:0, instance:Tests.SCPParquedeServicios@3a8624]" name="TS112683_Matriz_de_Criterios_de_Decisión_Chatter_contextualizado_Escribir_comentario" class="Tests.SCPParquedeServicios"/>
      </group> <!-- SCP -->
    </groups>
    <test name="Default test" duration-ms="135033" started-at="2017-12-18T13:21:01Z" finished-at="2017-12-18T13:23:16Z">
      <class name="Tests.SCPParquedeServicios">
        <test-method status="PASS" signature="init()[pri:0, instance:Tests.SCPParquedeServicios@3a8624]" name="init" is-config="true" duration-ms="40210" started-at="2017-12-18T10:21:01Z" finished-at="2017-12-18T10:21:41Z">
          <reporter-output>
          </reporter-output>
        </test-method> <!-- init -->
        <test-method status="PASS" signature="setup()[pri:0, instance:Tests.SCPParquedeServicios@3a8624]" name="setup" is-config="true" duration-ms="14202" started-at="2017-12-18T10:21:41Z" finished-at="2017-12-18T10:21:55Z">
          <reporter-output>
          </reporter-output>
        </test-method> <!-- setup -->
        <test-method status="PASS" signature="TS112683_Matriz_de_Criterios_de_Decisión_Chatter_contextualizado_Escribir_comentario()[pri:0, instance:Tests.SCPParquedeServicios@3a8624]" name="TS112683_Matriz_de_Criterios_de_Decisión_Chatter_contextualizado_Escribir_comentario" duration-ms="80605" started-at="2017-12-18T10:21:55Z" finished-at="2017-12-18T10:23:16Z">
          <reporter-output>
          </reporter-output>
        </test-method> <!-- TS112683_Matriz_de_Criterios_de_Decisión_Chatter_contextualizado_Escribir_comentario -->
      </class> <!-- Tests.SCPParquedeServicios -->
    </test> <!-- Default test -->
  </suite> <!-- Default suite -->
</testng-results>
