<?xml version="1.0" encoding="UTF-8"?>
<testng-results skipped="46" failed="119" ignored="0" total="278" passed="113">
  <reporter-output>
  </reporter-output>
  <suite name="Suite" duration-ms="8513436" started-at="2017-12-01T01:59:01Z" finished-at="2017-12-01T04:20:55Z">
    <groups>
      <group name="SCP">
        <method signature="SCPAdministracionDeServicios.TS112539_Administracion_de_Contexto_Sectorial_Agregar_Guardando()[pri:0, instance:Tests.SCPAdministracionDeServicios@67784306]" name="TS112539_Administracion_de_Contexto_Sectorial_Agregar_Guardando" class="Tests.SCPAdministracionDeServicios"/>
        <method signature="SCPAdministracionDeServicios.TS112541_Administracion_de_Contexto_Sectorial_Borrar_Guardando()[pri:0, instance:Tests.SCPAdministracionDeServicios@67784306]" name="TS112541_Administracion_de_Contexto_Sectorial_Borrar_Guardando" class="Tests.SCPAdministracionDeServicios"/>
        <method signature="SCPAdministracionDeServicios.TS112547_Administracion_de_Contexto_Sectorial_Ingreso_Desde_el_Contacto()[pri:0, instance:Tests.SCPAdministracionDeServicios@67784306]" name="TS112547_Administracion_de_Contexto_Sectorial_Ingreso_Desde_el_Contacto" class="Tests.SCPAdministracionDeServicios"/>
        <method signature="SCPAdministracionDeServicios.TS112548_Administracion_de_Servicios_Borrar_Categoria_del_Servicio()[pri:0, instance:Tests.SCPAdministracionDeServicios@67784306]" name="TS112548_Administracion_de_Servicios_Borrar_Categoria_del_Servicio" class="Tests.SCPAdministracionDeServicios"/>
        <method signature="SCPAdministracionDeServicios.TS112551_Administracion_de_Servicios_Borrar_Servicio()[pri:0, instance:Tests.SCPAdministracionDeServicios@67784306]" name="TS112551_Administracion_de_Servicios_Borrar_Servicio" class="Tests.SCPAdministracionDeServicios"/>
        <method signature="SCPAdministracionDeServicios.TS112554_Administracion_de_Servicios_Creacion_Crear_Categoria_de_Servicio()[pri:0, instance:Tests.SCPAdministracionDeServicios@67784306]" name="TS112554_Administracion_de_Servicios_Creacion_Crear_Categoria_de_Servicio" class="Tests.SCPAdministracionDeServicios"/>
        <method signature="SCPAdministracionDeServicios.TS112556_Administracion_de_Servicios_Creacion_Crear_Servicio()[pri:0, instance:Tests.SCPAdministracionDeServicios@67784306]" name="TS112556_Administracion_de_Servicios_Creacion_Crear_Servicio" class="Tests.SCPAdministracionDeServicios"/>
        <method signature="SCPAdministracionDeServicios.TS112557_Administracion_de_Servicios_Ingreso_Desde_El_Contacto()[pri:0, instance:Tests.SCPAdministracionDeServicios@67784306]" name="TS112557_Administracion_de_Servicios_Ingreso_Desde_El_Contacto" class="Tests.SCPAdministracionDeServicios"/>
        <method signature="SCPAdministracionDeServicios.TS112576_Configurar_Reporte_SCP_Exportar_a_Word()[pri:0, instance:Tests.SCPAdministracionDeServicios@67784306]" name="TS112576_Configurar_Reporte_SCP_Exportar_a_Word" class="Tests.SCPAdministracionDeServicios"/>
        <method signature="SCPAdministracionDeServicios.TS112578_Configurar_Reporte_SCP_Ingreso_Desde_El_Contacto()[pri:0, instance:Tests.SCPAdministracionDeServicios@67784306]" name="TS112578_Configurar_Reporte_SCP_Ingreso_Desde_El_Contacto" class="Tests.SCPAdministracionDeServicios"/>
        <method signature="SCPAdministracionDeServicios.TS112787_Parque_De_Servicios_Ingreso_Desde_El_Contacto()[pri:0, instance:Tests.SCPAdministracionDeServicios@67784306]" name="TS112787_Parque_De_Servicios_Ingreso_Desde_El_Contacto" class="Tests.SCPAdministracionDeServicios"/>
        <method signature="SCPParquedeServicios.TS112781_Parque_de_Servicios_Agregar_Nuevo_Servicio()[pri:0, instance:Tests.SCPParquedeServicios@335eadca]" name="TS112781_Parque_de_Servicios_Agregar_Nuevo_Servicio" class="Tests.SCPParquedeServicios"/>
        <method signature="SCPParquedeServicios.TS112782_Parque_de_Servicios_Borrar()[pri:0, instance:Tests.SCPParquedeServicios@335eadca]" name="TS112782_Parque_de_Servicios_Borrar" class="Tests.SCPParquedeServicios"/>
        <method signature="SCPParquedeServicios.TS112785_Parque_de_Servicios_Exportar_a_Excel()[pri:0, instance:Tests.SCPParquedeServicios@335eadca]" name="TS112785_Parque_de_Servicios_Exportar_a_Excel" class="Tests.SCPParquedeServicios"/>
        <method signature="SCPParquedeServicios.TS112786_Parque_de_Servicios_Guardar()[pri:0, instance:Tests.SCPParquedeServicios@335eadca]" name="TS112786_Parque_de_Servicios_Guardar" class="Tests.SCPParquedeServicios"/>
        <method signature="test_SCP_Base.TS112559_CRM_SCP_Asignación_de_Value_Drivers_a_Oportunidades_Chatter_contextualizado_Escribir_comentario()[pri:0, instance:Tests.test_SCP_Base@3108bc]" name="TS112559_CRM_SCP_Asignación_de_Value_Drivers_a_Oportunidades_Chatter_contextualizado_Escribir_comentario" class="Tests.test_SCP_Base"/>
        <method signature="test_SCP_Base.TS112560_CRM_SCP_Asignación_de_Value_Drivers_a_Oportunidades_Chatter_contextualizado_Leer_comentario_escrito_con_otro_usuario()[pri:0, instance:Tests.test_SCP_Base@3108bc]" name="TS112560_CRM_SCP_Asignación_de_Value_Drivers_a_Oportunidades_Chatter_contextualizado_Leer_comentario_escrito_con_otro_usuario" class="Tests.test_SCP_Base"/>
        <method signature="test_SCP_Base.TS112562_CRM_SCP_Asignación_de_Value_Drivers_a_Oportunidades_Ingreso_Desde_el_contacto()[pri:0, instance:Tests.test_SCP_Base@3108bc]" name="TS112562_CRM_SCP_Asignación_de_Value_Drivers_a_Oportunidades_Ingreso_Desde_el_contacto" class="Tests.test_SCP_Base"/>
        <method signature="test_SCP_Base.TS112565_CRM_SCP_Asignación_de_Value_Drivers_a_Oportunidades_Oportunidades()[pri:0, instance:Tests.test_SCP_Base@3108bc]" name="TS112565_CRM_SCP_Asignación_de_Value_Drivers_a_Oportunidades_Oportunidades" class="Tests.test_SCP_Base"/>
        <method signature="test_SCP_Base.TS112638_CRM_SCP_Estructura_de_las_oportunidades_Bloques()[pri:0, instance:Tests.test_SCP_Base@3108bc]" name="TS112638_CRM_SCP_Estructura_de_las_oportunidades_Bloques" class="Tests.test_SCP_Base"/>
        <method signature="test_SCP_Base.TS112641_CRM_SCP_Estructura_de_las_oportunidades_Bloques_Competidores_Creacion()[pri:0, instance:Tests.test_SCP_Base@3108bc]" name="TS112641_CRM_SCP_Estructura_de_las_oportunidades_Bloques_Competidores_Creacion" class="Tests.test_SCP_Base"/>
        <method signature="test_SCP_Base.TS112642_CRM_SCP_Estructura_de_las_oportunidades_Bloques_Competidores_Edicion()[pri:0, instance:Tests.test_SCP_Base@3108bc]" name="TS112642_CRM_SCP_Estructura_de_las_oportunidades_Bloques_Competidores_Edicion" class="Tests.test_SCP_Base"/>
        <method signature="test_SCP_Base.TS112643_CRM_SCP_Estructura_de_las_oportunidades_Bloques_Competidores_Eliminacion()[pri:0, instance:Tests.test_SCP_Base@3108bc]" name="TS112643_CRM_SCP_Estructura_de_las_oportunidades_Bloques_Competidores_Eliminacion" class="Tests.test_SCP_Base"/>
        <method signature="test_SCP_Base.TS112649_CRM_SCP_Estructura_de_las_oportunidades_Bloques_Notas_y_Archivos_Adjuntos_Adjuntar_Nota()[pri:0, instance:Tests.test_SCP_Base@3108bc]" name="TS112649_CRM_SCP_Estructura_de_las_oportunidades_Bloques_Notas_y_Archivos_Adjuntos_Adjuntar_Nota" class="Tests.test_SCP_Base"/>
        <method signature="test_SCP_Base.TS112650_CRM_SCP_Estructura_de_las_oportunidades_Bloques_Notas_y_Archivos_Adjuntos_Visualizar_Nota()[pri:0, instance:Tests.test_SCP_Base@3108bc]" name="TS112650_CRM_SCP_Estructura_de_las_oportunidades_Bloques_Notas_y_Archivos_Adjuntos_Visualizar_Nota" class="Tests.test_SCP_Base"/>
        <method signature="test_SCP_Base.TS112665_CRM_SCP_Estructura_de_las_oportunidades_Bloques_Valorizado_de_la_oportunidad_Cotizacion_del_dolar_segun_Budget()[pri:0, instance:Tests.test_SCP_Base@3108bc]" name="TS112665_CRM_SCP_Estructura_de_las_oportunidades_Bloques_Valorizado_de_la_oportunidad_Cotizacion_del_dolar_segun_Budget" class="Tests.test_SCP_Base"/>
      </group> <!-- SCP -->
      <group name="TechnicalCare">
        <method signature="TechnicalCare.TS11620_SST_Servicio_Indiferente_Adjunto_Valido_doc()[pri:0, instance:Tests.TechnicalCare@4e9ba398]" name="TS11620_SST_Servicio_Indiferente_Adjunto_Valido_doc" class="Tests.TechnicalCare"/>
        <method signature="TechnicalCare.TS11622_SST_Servicio_Indiferente_Adjunto_Formato_invalido()[pri:0, instance:Tests.TechnicalCare@4e9ba398]" name="TS11622_SST_Servicio_Indiferente_Adjunto_Formato_invalido" class="Tests.TechnicalCare"/>
        <method signature="TechnicalCare.TS11631_SST_Servicio_Indiferente_Adjunto_Valido_docx()[pri:0, instance:Tests.TechnicalCare@4e9ba398]" name="TS11631_SST_Servicio_Indiferente_Adjunto_Valido_docx" class="Tests.TechnicalCare"/>
        <method signature="TechnicalCare.TS11634_SST_Servicio_Indiferente_Adjunto_Valido_jpg()[pri:0, instance:Tests.TechnicalCare@4e9ba398]" name="TS11634_SST_Servicio_Indiferente_Adjunto_Valido_jpg" class="Tests.TechnicalCare"/>
        <method signature="TechnicalCare.TS11635_SST_Servicio_Indiferente_Adjunto_Valido_jpeg()[pri:0, instance:Tests.TechnicalCare@4e9ba398]" name="TS11635_SST_Servicio_Indiferente_Adjunto_Valido_jpeg" class="Tests.TechnicalCare"/>
        <method signature="TechnicalCare.TS11636_SST_Servicio_Indiferente_Adjunto_Valido_pdf()[pri:0, instance:Tests.TechnicalCare@4e9ba398]" name="TS11636_SST_Servicio_Indiferente_Adjunto_Valido_pdf" class="Tests.TechnicalCare"/>
        <method signature="TechnicalCareCSRAutogestionA.TS51243_CRM_Fase_3_Technical_Care_CSR_Autogestion_Visualizacion_de_Lista_de_Inconvenientes_Canal_0800_y_Servicio_0800()[pri:0, instance:Tests.TechnicalCareCSRAutogestionA@370736d9]" name="TS51243_CRM_Fase_3_Technical_Care_CSR_Autogestion_Visualizacion_de_Lista_de_Inconvenientes_Canal_0800_y_Servicio_0800" class="Tests.TechnicalCareCSRAutogestionA"/>
        <method signature="TechnicalCareCSRAutogestionA.TS51247_CRM_Fase_3_Technical_Care_CSR_Autogestion_Visualizacion_de_Lista_de_Inconvenientes_Canal_0800_y_Servicio_0800_888_4422()[pri:0, instance:Tests.TechnicalCareCSRAutogestionA@370736d9]" name="TS51247_CRM_Fase_3_Technical_Care_CSR_Autogestion_Visualizacion_de_Lista_de_Inconvenientes_Canal_0800_y_Servicio_0800_888_4422" class="Tests.TechnicalCareCSRAutogestionA"/>
        <method signature="TechnicalCareCSRAutogestionA.TS51249_CRM_Fase_3_Technical_Care_CSR_Autogestion_Visualizacion_de_Lista_de_Inconvenientes_Canal_0800_y_Servicio_0800_888_7382()[pri:0, instance:Tests.TechnicalCareCSRAutogestionA@370736d9]" name="TS51249_CRM_Fase_3_Technical_Care_CSR_Autogestion_Visualizacion_de_Lista_de_Inconvenientes_Canal_0800_y_Servicio_0800_888_7382" class="Tests.TechnicalCareCSRAutogestionA"/>
        <method signature="TechnicalCareCSRAutogestionA.TS51273_CRM_Fase_3_Technical_Care_CSR_Autogestion_Visualizacion_de_Lista_de_Inconvenientes_Canal_WEB_Servicio_Apps_Musica_y_mas()[pri:0, instance:Tests.TechnicalCareCSRAutogestionA@370736d9]" name="TS51273_CRM_Fase_3_Technical_Care_CSR_Autogestion_Visualizacion_de_Lista_de_Inconvenientes_Canal_WEB_Servicio_Apps_Musica_y_mas" class="Tests.TechnicalCareCSRAutogestionA"/>
        <method signature="TechnicalCareCSRAutogestionA.TS51276_CRM_Fase_3_Technical_Care_CSR_Autogestion_Visualizacion_de_Lista_de_Inconvenientes_Canal_WEB_Servicio_Internet_Movil()[pri:0, instance:Tests.TechnicalCareCSRAutogestionA@370736d9]" name="TS51276_CRM_Fase_3_Technical_Care_CSR_Autogestion_Visualizacion_de_Lista_de_Inconvenientes_Canal_WEB_Servicio_Internet_Movil" class="Tests.TechnicalCareCSRAutogestionA"/>
        <method signature="TechnicalCareCSRAutogestionA.TS51278_CRM_Fase_3_Technical_Care_CSR_Autogestion_Visualizacion_de_Lista_de_Inconvenientes_Canal_WEB_Servicio_Internacional()[pri:0, instance:Tests.TechnicalCareCSRAutogestionA@370736d9]" name="TS51278_CRM_Fase_3_Technical_Care_CSR_Autogestion_Visualizacion_de_Lista_de_Inconvenientes_Canal_WEB_Servicio_Internacional" class="Tests.TechnicalCareCSRAutogestionA"/>
        <method signature="TechnicalCareCSRAutogestionA.TS51287_CRM_Fase_3_Technical_Care_CSR_Autogestion_Visualizacion_de_Lista_de_Inconvenientes_Canal_WEB_Servicio_Mis_Consumos()[pri:0, instance:Tests.TechnicalCareCSRAutogestionA@370736d9]" name="TS51287_CRM_Fase_3_Technical_Care_CSR_Autogestion_Visualizacion_de_Lista_de_Inconvenientes_Canal_WEB_Servicio_Mis_Consumos" class="Tests.TechnicalCareCSRAutogestionA"/>
        <method signature="TechnicalCareCSRAutogestionA.TS51288_CRM_Fase_3_Technical_Care_CSR_Autogestion_APP_Mis_Consumos_Visualizacion_de_Lista_de_Inconvenientes()[pri:0, instance:Tests.TechnicalCareCSRAutogestionA@370736d9]" name="TS51288_CRM_Fase_3_Technical_Care_CSR_Autogestion_APP_Mis_Consumos_Visualizacion_de_Lista_de_Inconvenientes" class="Tests.TechnicalCareCSRAutogestionA"/>
        <method signature="TechnicalCareCSRAutogestionA.TS51289_CRM_Fase_3_Technical_Care_CSR_Autogestion_Verificacion_de_la_seleccion_Canal_App_y_Servicio_Centros_de_Atencion()[pri:0, instance:Tests.TechnicalCareCSRAutogestionA@370736d9]" name="TS51289_CRM_Fase_3_Technical_Care_CSR_Autogestion_Verificacion_de_la_seleccion_Canal_App_y_Servicio_Centros_de_Atencion" class="Tests.TechnicalCareCSRAutogestionA"/>
        <method signature="TechnicalCareCSRAutogestionA.TS51290_CRM_Fase_3_Technical_Care_CSR_Autogestion_APP_Centros_de_Atencion_Visualizacion_de_Lista_de_Inconvenientes()[pri:0, instance:Tests.TechnicalCareCSRAutogestionA@370736d9]" name="TS51290_CRM_Fase_3_Technical_Care_CSR_Autogestion_APP_Centros_de_Atencion_Visualizacion_de_Lista_de_Inconvenientes" class="Tests.TechnicalCareCSRAutogestionA"/>
        <method signature="TechnicalCareCSRAutogestionA.TS51292_CRM_Fase_3_Technical_Care_CSR_Autogestion_APP_Club_Personal_Visualizacion_de_Lista_de_Inconvenientes()[pri:0, instance:Tests.TechnicalCareCSRAutogestionA@370736d9]" name="TS51292_CRM_Fase_3_Technical_Care_CSR_Autogestion_APP_Club_Personal_Visualizacion_de_Lista_de_Inconvenientes" class="Tests.TechnicalCareCSRAutogestionA"/>
        <method signature="TechnicalCareCSRAutogestionA.TS51297_CRM_Fase_3_Technical_Care_CSR_Autogestion_WAP_Visualizacion_de_Lista_de_Inconvenientes_Estado_de_la_Cuenta()[pri:0, instance:Tests.TechnicalCareCSRAutogestionA@370736d9]" name="TS51297_CRM_Fase_3_Technical_Care_CSR_Autogestion_WAP_Visualizacion_de_Lista_de_Inconvenientes_Estado_de_la_Cuenta" class="Tests.TechnicalCareCSRAutogestionA"/>
        <method signature="TechnicalCareCSRAutogestionA.TS51303_CRM_Fase_3_Technical_Care_CSR_Autogestion_WAP_Domicilio_de_acturacion_Visualizacion_de_Lista_de_Inconvenientes()[pri:0, instance:Tests.TechnicalCareCSRAutogestionA@370736d9]" name="TS51303_CRM_Fase_3_Technical_Care_CSR_Autogestion_WAP_Domicilio_de_acturacion_Visualizacion_de_Lista_de_Inconvenientes" class="Tests.TechnicalCareCSRAutogestionA"/>
        <method signature="TechnicalCareCSRAutogestionA.TS51305_CRM_Fase_3_Technical_Care_CSR_Autogestion_WAP_Email_Visualizacion_de_Lista_de_Inconvenientes()[pri:0, instance:Tests.TechnicalCareCSRAutogestionA@370736d9]" name="TS51305_CRM_Fase_3_Technical_Care_CSR_Autogestion_WAP_Email_Visualizacion_de_Lista_de_Inconvenientes" class="Tests.TechnicalCareCSRAutogestionA"/>
        <method signature="TechnicalCareCSRAutogestionA.TS51307_CRM_Fase_3_Technical_Care_CSR_uSSD_Visualizacion_de_Lista_de_Inconvenientes_Asterisco_156()[pri:0, instance:Tests.TechnicalCareCSRAutogestionA@370736d9]" name="TS51307_CRM_Fase_3_Technical_Care_CSR_uSSD_Visualizacion_de_Lista_de_Inconvenientes_Asterisco_156" class="Tests.TechnicalCareCSRAutogestionA"/>
        <method signature="TechnicalCareCSRAutogestionA.TS51309_CRM_Fase_3_Technical_Care_CSR_uSSD_Visualizacion_de_Lista_de_Inconvenientes_Asterisco_150()[pri:0, instance:Tests.TechnicalCareCSRAutogestionA@370736d9]" name="TS51309_CRM_Fase_3_Technical_Care_CSR_uSSD_Visualizacion_de_Lista_de_Inconvenientes_Asterisco_150" class="Tests.TechnicalCareCSRAutogestionA"/>
        <method signature="TechnicalCareCSRAutogestionA.TS51311_CRM_Fase_3_Technical_Care_CSR_uSSD_Visualizacion_de_Lista_de_Inconvenientes_Asterisco_724()[pri:0, instance:Tests.TechnicalCareCSRAutogestionA@370736d9]" name="TS51311_CRM_Fase_3_Technical_Care_CSR_uSSD_Visualizacion_de_Lista_de_Inconvenientes_Asterisco_724" class="Tests.TechnicalCareCSRAutogestionA"/>
        <method signature="TechnicalCareCSRDiagnostico.TS11581_Banda_Ancha_Fija_Creacion_De_Ticket_Al_Ejecutar()[pri:0, instance:Tests.TechnicalCareCSRDiagnostico@185d8b6]" name="TS11581_Banda_Ancha_Fija_Creacion_De_Ticket_Al_Ejecutar" class="Tests.TechnicalCareCSRDiagnostico"/>
        <method signature="TechnicalCareCSRDiagnostico.TS11596_Banda_Ancha_Fija_Lista_De_Sintomas()[pri:0, instance:Tests.TechnicalCareCSRDiagnostico@185d8b6]" name="TS11596_Banda_Ancha_Fija_Lista_De_Sintomas" class="Tests.TechnicalCareCSRDiagnostico"/>
        <method signature="TechnicalCareCSRDiagnostico.TS11599_Centrex_Lista_De_Sintomas()[pri:0, instance:Tests.TechnicalCareCSRDiagnostico@185d8b6]" name="TS11599_Centrex_Lista_De_Sintomas" class="Tests.TechnicalCareCSRDiagnostico"/>
        <method signature="TechnicalCareCSRDiagnostico.TS11600_CRM_Fase_2_Technical_Care_CSR_Diagnostico_Servicio_Indiferente_Boton_ejecutar_no_disponible()[pri:0, instance:Tests.TechnicalCareCSRDiagnostico@185d8b6]" name="TS11600_CRM_Fase_2_Technical_Care_CSR_Diagnostico_Servicio_Indiferente_Boton_ejecutar_no_disponible" class="Tests.TechnicalCareCSRDiagnostico"/>
        <method signature="TechnicalCareCSRMuletoA.TS51088_CRM_Fase_3_Technical_Care_CSR_Muleto_Verificacion_Blacklist_negativo()[pri:0, instance:Tests.TechnicalCareCSRMuletoA@5f9d02cb]" name="TS51088_CRM_Fase_3_Technical_Care_CSR_Muleto_Verificacion_Blacklist_negativo" class="Tests.TechnicalCareCSRMuletoA"/>
        <method signature="TechnicalCareCSRMuletoA.TS51097_CRM_Fase_3_Technical_Care_CSR_Muleto_Verificacion_seleccion_de_uNO_del_listado()[pri:0, instance:Tests.TechnicalCareCSRMuletoA@5f9d02cb]" name="TS51097_CRM_Fase_3_Technical_Care_CSR_Muleto_Verificacion_seleccion_de_uNO_del_listado" class="Tests.TechnicalCareCSRMuletoA"/>
        <method signature="TechnicalCareCSRMuletoA.TS51109_CRM_Fase_3_Technical_Care_CSR_Muleto_Verificacion_si_no_se_ingresa_un_texto_puede_continuar_con_la_gestion()[pri:0, instance:Tests.TechnicalCareCSRMuletoA@5f9d02cb]" name="TS51109_CRM_Fase_3_Technical_Care_CSR_Muleto_Verificacion_si_no_se_ingresa_un_texto_puede_continuar_con_la_gestion" class="Tests.TechnicalCareCSRMuletoA"/>
        <method signature="TechnicalCareCSRMuletoA.TS51110_CRM_Fase_3_Technical_Care_CSR_Muleto_Verificacion_si_no_se_ingresa_un_texto_puede_continuar_con_la_gestion()[pri:0, instance:Tests.TechnicalCareCSRMuletoA@5f9d02cb]" name="TS51110_CRM_Fase_3_Technical_Care_CSR_Muleto_Verificacion_si_no_se_ingresa_un_texto_puede_continuar_con_la_gestion" class="Tests.TechnicalCareCSRMuletoA"/>
        <method signature="TechnicalCareCSRMuletoA.TS51111_CRM_Fase_3_Technical_Care_CSR_Muleto_Verificacion_contenido_campo_Accesorios()[pri:0, instance:Tests.TechnicalCareCSRMuletoA@5f9d02cb]" name="TS51111_CRM_Fase_3_Technical_Care_CSR_Muleto_Verificacion_contenido_campo_Accesorios" class="Tests.TechnicalCareCSRMuletoA"/>
        <method signature="TechnicalCareCSRMuletoA.TS51114_CRM_Fase_3_Technical_Care_CSR_Muleto_Verificacion_ingreso_del_NuMERO_de_Caso_para_Devolucion_de_muleto()[pri:0, instance:Tests.TechnicalCareCSRMuletoA@5f9d02cb]" name="TS51114_CRM_Fase_3_Technical_Care_CSR_Muleto_Verificacion_ingreso_del_NuMERO_de_Caso_para_Devolucion_de_muleto" class="Tests.TechnicalCareCSRMuletoA"/>
        <method signature="TechnicalCareCSRMuletoA.TS51117_CRM_Fase_3_Technical_Care_CSR_Muleto_Visualizacion_mensaje_en_caso_de_No_poseer_Muleto()[pri:0, instance:Tests.TechnicalCareCSRMuletoA@5f9d02cb]" name="TS51117_CRM_Fase_3_Technical_Care_CSR_Muleto_Visualizacion_mensaje_en_caso_de_No_poseer_Muleto" class="Tests.TechnicalCareCSRMuletoA"/>
        <method signature="TechnicalCareCSRSTT2.TS16138_CRM_Fase2_TechnicalCare_CSR_STT2_Vista5_Comentario_Error()[pri:0, instance:Tests.TechnicalCareCSRSTT2@6f1fba17]" name="TS16138_CRM_Fase2_TechnicalCare_CSR_STT2_Vista5_Comentario_Error" class="Tests.TechnicalCareCSRSTT2"/>
        <method signature="TechnicalCareCSRSTT2.TS16141_CRM_Fase2_TechnicalCare_CSR_STT2_Vista3_Descarga()[pri:0, instance:Tests.TechnicalCareCSRSTT2@6f1fba17]" name="TS16141_CRM_Fase2_TechnicalCare_CSR_STT2_Vista3_Descarga" class="Tests.TechnicalCareCSRSTT2"/>
        <method signature="TechnicalCareCSRSTT2.TS16144_CRM_Fase2_TechnicalCare_CSR_STT2_Vista1_Resumen_De_Gesiton_creada()[pri:0, instance:Tests.TechnicalCareCSRSTT2@6f1fba17]" name="TS16144_CRM_Fase2_TechnicalCare_CSR_STT2_Vista1_Resumen_De_Gesiton_creada" class="Tests.TechnicalCareCSRSTT2"/>
        <method signature="TechnicalCareCSRSTT2.TS16150_CRM_Fase2_TechnicalCare_CSR_STT2_Vista5_Listar_Todas_Las_Reparaciones()[pri:0, instance:Tests.TechnicalCareCSRSTT2@6f1fba17]" name="TS16150_CRM_Fase2_TechnicalCare_CSR_STT2_Vista5_Listar_Todas_Las_Reparaciones" class="Tests.TechnicalCareCSRSTT2"/>
        <method signature="TechnicalCareCSRSTT2.TS16160_CRM_Fase2_TechnicalCare_CSR_STT2_Vista1_Mantención_de_datos()[pri:0, instance:Tests.TechnicalCareCSRSTT2@6f1fba17]" name="TS16160_CRM_Fase2_TechnicalCare_CSR_STT2_Vista1_Mantención_de_datos" class="Tests.TechnicalCareCSRSTT2"/>
        <method signature="TechnicalCareCSRSTT2.TS16161_CRM_Fase2_TechnicalCare_CSR_STT2_Vista1_Mantención_De_Datos_Solo_Lectura()[pri:0, instance:Tests.TechnicalCareCSRSTT2@6f1fba17]" name="TS16161_CRM_Fase2_TechnicalCare_CSR_STT2_Vista1_Mantención_De_Datos_Solo_Lectura" class="Tests.TechnicalCareCSRSTT2"/>
        <method signature="TechnicalCareCSRSTT2.TS16345_CRM_Fase2_TechnicalCare_CSR_STT2_Vista1_Visualizacion_Del_Comentario_Anterior()[pri:0, instance:Tests.TechnicalCareCSRSTT2@6f1fba17]" name="TS16345_CRM_Fase2_TechnicalCare_CSR_STT2_Vista1_Visualizacion_Del_Comentario_Anterior" class="Tests.TechnicalCareCSRSTT2"/>
        <method signature="TechnicalCareCSRSTTVista1.TS11618_SST_Servicio_Indiferente_Comentario_Error()[pri:0, instance:Tests.TechnicalCareCSRSTTVista1@6c3708b3]" name="TS11618_SST_Servicio_Indiferente_Comentario_Error" class="Tests.TechnicalCareCSRSTTVista1"/>
        <method signature="TechnicalCareCSRSTTVista1.TS11619_SST_Servicio_Indiferente_Comentario_valido()[pri:0, instance:Tests.TechnicalCareCSRSTTVista1@6c3708b3]" name="TS11619_SST_Servicio_Indiferente_Comentario_valido" class="Tests.TechnicalCareCSRSTTVista1"/>
        <method signature="TechnicalCareCSRSTTVista1.TS11625_SST_Servicio_Indiferente_Adjuntar_Dos_Archivos()[pri:0, instance:Tests.TechnicalCareCSRSTTVista1@6c3708b3]" name="TS11625_SST_Servicio_Indiferente_Adjuntar_Dos_Archivos" class="Tests.TechnicalCareCSRSTTVista1"/>
        <method signature="TechnicalCareCSRSTTVista1.TS16170_STT_Cliente()[pri:0, instance:Tests.TechnicalCareCSRSTTVista1@6c3708b3]" name="TS16170_STT_Cliente" class="Tests.TechnicalCareCSRSTTVista1"/>
        <method signature="TechnicalCareCSRSTTVista1.TS16173_STT_Vista0_Invalido_Caracteres_Especiales()[pri:0, instance:Tests.TechnicalCareCSRSTTVista1@6c3708b3]" name="TS16173_STT_Vista0_Invalido_Caracteres_Especiales" class="Tests.TechnicalCareCSRSTTVista1"/>
        <method signature="TechnicalCareCSRSTTVista1.TS16178_STT_Vista_3_Opcion_1_verificacion_Obligatorio()[pri:0, instance:Tests.TechnicalCareCSRSTTVista1@6c3708b3]" name="TS16178_STT_Vista_3_Opcion_1_verificacion_Obligatorio" class="Tests.TechnicalCareCSRSTTVista1"/>
        <method signature="TechnicalCareCSRSTTVista1.TS16181_STT_Vista_3_Opcion_2_NO_Obligatorio()[pri:0, instance:Tests.TechnicalCareCSRSTTVista1@6c3708b3]" name="TS16181_STT_Vista_3_Opcion_2_NO_Obligatorio" class="Tests.TechnicalCareCSRSTTVista1"/>
        <method signature="TechnicalCareCSRSTTVista1.TS16184_STT_Vista_3_Opcion_3_NO_Obligatorio()[pri:0, instance:Tests.TechnicalCareCSRSTTVista1@6c3708b3]" name="TS16184_STT_Vista_3_Opcion_3_NO_Obligatorio" class="Tests.TechnicalCareCSRSTTVista1"/>
        <method signature="TechnicalCareCSRSTTVista1.TS16189_STT_Mail_Alternativo_Vista()[pri:0, instance:Tests.TechnicalCareCSRSTTVista1@6c3708b3]" name="TS16189_STT_Mail_Alternativo_Vista" class="Tests.TechnicalCareCSRSTTVista1"/>
        <method signature="TechnicalCareCSRSTTVista1.TS16190_STT_Mail_Valido()[pri:0, instance:Tests.TechnicalCareCSRSTTVista1@6c3708b3]" name="TS16190_STT_Mail_Valido" class="Tests.TechnicalCareCSRSTTVista1"/>
        <method signature="TechnicalCareCSRSTTVista1.TS16191_STT_Mail_Invalido_Sin_Dominio()[pri:0, instance:Tests.TechnicalCareCSRSTTVista1@6c3708b3]" name="TS16191_STT_Mail_Invalido_Sin_Dominio" class="Tests.TechnicalCareCSRSTTVista1"/>
        <method signature="TechnicalCareCSRSTTVista1.TS16192_STT_Mail_Invalido_Con_Dominio()[pri:0, instance:Tests.TechnicalCareCSRSTTVista1@6c3708b3]" name="TS16192_STT_Mail_Invalido_Con_Dominio" class="Tests.TechnicalCareCSRSTTVista1"/>
        <method signature="TechnicalCareCSRSTTVista1.TS16196_STT_Telefono_Alternativo_Vista()[pri:0, instance:Tests.TechnicalCareCSRSTTVista1@6c3708b3]" name="TS16196_STT_Telefono_Alternativo_Vista" class="Tests.TechnicalCareCSRSTTVista1"/>
        <method signature="TechnicalCareCSRSTTVista1.TS16198_STT_Telefono_Alternativo_Valido()[pri:0, instance:Tests.TechnicalCareCSRSTTVista1@6c3708b3]" name="TS16198_STT_Telefono_Alternativo_Valido" class="Tests.TechnicalCareCSRSTTVista1"/>
        <method signature="TechnicalCareCSRSTTVista1.TS16199_STT_No_Agrega_Mail_Alternativo()[pri:0, instance:Tests.TechnicalCareCSRSTTVista1@6c3708b3]" name="TS16199_STT_No_Agrega_Mail_Alternativo" class="Tests.TechnicalCareCSRSTTVista1"/>
        <method signature="TechnicalCareCSRSTTVista1.TS16200_STT_No_Agrega_Telefono_Alternativo()[pri:0, instance:Tests.TechnicalCareCSRSTTVista1@6c3708b3]" name="TS16200_STT_No_Agrega_Telefono_Alternativo" class="Tests.TechnicalCareCSRSTTVista1"/>
        <method signature="TechnicalCareCSRSTTVista1.TS16202_STT_Telefono_Alternativo_Vacio_No_Obligatorio()[pri:0, instance:Tests.TechnicalCareCSRSTTVista1@6c3708b3]" name="TS16202_STT_Telefono_Alternativo_Vacio_No_Obligatorio" class="Tests.TechnicalCareCSRSTTVista1"/>
        <method signature="TechnicalCareCSRSTTVista1.TS16203_STT_Telefono_Alternativo_Invalido_Letras()[pri:0, instance:Tests.TechnicalCareCSRSTTVista1@6c3708b3]" name="TS16203_STT_Telefono_Alternativo_Invalido_Letras" class="Tests.TechnicalCareCSRSTTVista1"/>
        <method signature="TechnicalCareCSRSTTVista1.TS16204_STT_Telefono_Alternativo_Invalido_Caracter_Especial()[pri:0, instance:Tests.TechnicalCareCSRSTTVista1@6c3708b3]" name="TS16204_STT_Telefono_Alternativo_Invalido_Caracter_Especial" class="Tests.TechnicalCareCSRSTTVista1"/>
        <method signature="TechnicalCareCSRSTTVista1.TS16208_STT_Vista_Historial_De_Visitas()[pri:0, instance:Tests.TechnicalCareCSRSTTVista1@6c3708b3]" name="TS16208_STT_Vista_Historial_De_Visitas" class="Tests.TechnicalCareCSRSTTVista1"/>
        <method signature="TechnicalCareCSRSTTVista1.TS16344_STT_Ingreso()[pri:0, instance:Tests.TechnicalCareCSRSTTVista1@6c3708b3]" name="TS16344_STT_Ingreso" class="Tests.TechnicalCareCSRSTTVista1"/>
        <method signature="TechnicalCareCSRSTTVista1.TS16350_Vista1_Garantia()[pri:0, instance:Tests.TechnicalCareCSRSTTVista1@6c3708b3]" name="TS16350_Vista1_Garantia" class="Tests.TechnicalCareCSRSTTVista1"/>
        <method signature="testEventosMasivos.TS16230_CRM_Fase_2_Technical_Care_Sistema_Incidentes_Masivos_Creación_de_Eventos_Masivos_Ingreso_a_un_evento_masivo()[pri:0, instance:Tests.testEventosMasivos@527740a2]" name="TS16230_CRM_Fase_2_Technical_Care_Sistema_Incidentes_Masivos_Creación_de_Eventos_Masivos_Ingreso_a_un_evento_masivo" class="Tests.testEventosMasivos"/>
        <method signature="testEventosMasivos.TS16231_CRM_Fase_2_Technical_Care_Representante_Incidentes_Eventos_Fecha_de_Inicio_Formato()[pri:0, instance:Tests.testEventosMasivos@527740a2]" name="TS16231_CRM_Fase_2_Technical_Care_Representante_Incidentes_Eventos_Fecha_de_Inicio_Formato" class="Tests.testEventosMasivos"/>
        <method signature="testEventosMasivos.TS16232_CRM_Fase_2_Technical_Care_Representante_Incidentes_Eventos_Fecha_de_Creacion_Formato()[pri:0, instance:Tests.testEventosMasivos@527740a2]" name="TS16232_CRM_Fase_2_Technical_Care_Representante_Incidentes_Eventos_Fecha_de_Creacion_Formato" class="Tests.testEventosMasivos"/>
        <method signature="testListaEventosMasivos.TS16237_CRM_Fase_2_Technical_Care_Representante_Incidentes_Masivos_Eventos_Procedimiento_Link_a_maxima_cantidad_de_archivos()[pri:0, instance:Tests.testListaEventosMasivos@13a5fe33]" name="TS16237_CRM_Fase_2_Technical_Care_Representante_Incidentes_Masivos_Eventos_Procedimiento_Link_a_maxima_cantidad_de_archivos" class="Tests.testListaEventosMasivos"/>
        <method signature="testListaEventosMasivos.TS16238_CRM_Fase_2_Technical_Care_Representante_Incidentes_Masivos_Eventos_Procedimiento_Sin_link()[pri:0, instance:Tests.testListaEventosMasivos@13a5fe33]" name="TS16238_CRM_Fase_2_Technical_Care_Representante_Incidentes_Masivos_Eventos_Procedimiento_Sin_link" class="Tests.testListaEventosMasivos"/>
        <method signature="testListaEventosMasivos.TS16240_CRM_Fase_2_Technical_Care_Representante_Incidentes_Masivos_Eventos_Datos_de_los_eventos_masivos_Fecha_de_inicio_Formato()[pri:0, instance:Tests.testListaEventosMasivos@13a5fe33]" name="TS16240_CRM_Fase_2_Technical_Care_Representante_Incidentes_Masivos_Eventos_Datos_de_los_eventos_masivos_Fecha_de_inicio_Formato" class="Tests.testListaEventosMasivos"/>
        <method signature="testRegistroEventoMasico.TS16329_CRM_Fase_2_Technical_Care_Sistema_Incidentes_Masivos_Creación_de_Eventos_Masivos_Tipo_Obligatorio()[pri:0, instance:Tests.testRegistroEventoMasico@6d7b4f4c]" name="TS16329_CRM_Fase_2_Technical_Care_Sistema_Incidentes_Masivos_Creación_de_Eventos_Masivos_Tipo_Obligatorio" class="Tests.testRegistroEventoMasico"/>
        <method signature="testRegistroEventoMasico.TS16330_CRM_Fase_2_Technical_Care_Sistema_Incidentes_Masivos_Creación_de_Eventos_Masivos_Subtipo_Obligatorio()[pri:0, instance:Tests.testRegistroEventoMasico@6d7b4f4c]" name="TS16330_CRM_Fase_2_Technical_Care_Sistema_Incidentes_Masivos_Creación_de_Eventos_Masivos_Subtipo_Obligatorio" class="Tests.testRegistroEventoMasico"/>
        <method signature="testRegistroEventoMasico.TS16331_CRM_Fase_2_Technical_Care_Sistema_Incidentes_Masivos_Creación_de_Eventos_Masivos_Canal_Obligatorio()[pri:0, instance:Tests.testRegistroEventoMasico@6d7b4f4c]" name="TS16331_CRM_Fase_2_Technical_Care_Sistema_Incidentes_Masivos_Creación_de_Eventos_Masivos_Canal_Obligatorio" class="Tests.testRegistroEventoMasico"/>
        <method signature="testRegistroEventoMasico.TS16332_CRM_Fase_2_Technical_Care_Sistema_Incidentes_Masivos_Creación_de_Eventos_Masivos_Incidente_Obligatorio()[pri:0, instance:Tests.testRegistroEventoMasico@6d7b4f4c]" name="TS16332_CRM_Fase_2_Technical_Care_Sistema_Incidentes_Masivos_Creación_de_Eventos_Masivos_Incidente_Obligatorio" class="Tests.testRegistroEventoMasico"/>
        <method signature="testRegistroEventoMasico.TS16333_CRM_Fase_2_Technical_Care_Sistema_Incidentes_Masivos_Creación_de_Eventos_Masivos_Titulo_Obligatorio()[pri:0, instance:Tests.testRegistroEventoMasico@6d7b4f4c]" name="TS16333_CRM_Fase_2_Technical_Care_Sistema_Incidentes_Masivos_Creación_de_Eventos_Masivos_Titulo_Obligatorio" class="Tests.testRegistroEventoMasico"/>
        <method signature="testRegistroEventoMasico.TS16334_CRM_Fase_2_Technical_Care_Sistema_Incidentes_Masivos_Creación_de_Eventos_Masivos_Impacto_Obligatorio()[pri:0, instance:Tests.testRegistroEventoMasico@6d7b4f4c]" name="TS16334_CRM_Fase_2_Technical_Care_Sistema_Incidentes_Masivos_Creación_de_Eventos_Masivos_Impacto_Obligatorio" class="Tests.testRegistroEventoMasico"/>
        <method signature="testRegistroEventoMasico.TS16335_CRM_Fase_2_Technical_Care_Sistema_Incidentes_Masivos_Creación_de_Eventos_Masivos_Fecha_de_Inicio_Obligatorio()[pri:0, instance:Tests.testRegistroEventoMasico@6d7b4f4c]" name="TS16335_CRM_Fase_2_Technical_Care_Sistema_Incidentes_Masivos_Creación_de_Eventos_Masivos_Fecha_de_Inicio_Obligatorio" class="Tests.testRegistroEventoMasico"/>
        <method signature="testRegistroEventoMasico.TS16336_CRM_Fase_2_Technical_Care_Sistema_Incidentes_Masivos_Creación_de_Eventos_Masivos_Fecha_Estimada_De_Cierre_No_Obligatorio()[pri:0, instance:Tests.testRegistroEventoMasico@6d7b4f4c]" name="TS16336_CRM_Fase_2_Technical_Care_Sistema_Incidentes_Masivos_Creación_de_Eventos_Masivos_Fecha_Estimada_De_Cierre_No_Obligatorio" class="Tests.testRegistroEventoMasico"/>
        <method signature="testRegistroEventoMasico.TS16337_CRM_Fase_2_Technical_Care_Sistema_Incidentes_Masivos_Creación_de_Eventos_Masivos_Estado_Obligatorio()[pri:0, instance:Tests.testRegistroEventoMasico@6d7b4f4c]" name="TS16337_CRM_Fase_2_Technical_Care_Sistema_Incidentes_Masivos_Creación_de_Eventos_Masivos_Estado_Obligatorio" class="Tests.testRegistroEventoMasico"/>
        <method signature="testRegistroEventoMasico.TS16338_CRM_Fase_2_Technical_Care_Sistema_Incidentes_Masivos_Creación_de_Eventos_Masivos_Detalle_del_Incidente_Obligatorio()[pri:0, instance:Tests.testRegistroEventoMasico@6d7b4f4c]" name="TS16338_CRM_Fase_2_Technical_Care_Sistema_Incidentes_Masivos_Creación_de_Eventos_Masivos_Detalle_del_Incidente_Obligatorio" class="Tests.testRegistroEventoMasico"/>
        <method signature="testRegistroEventoMasico.TS16339_CRM_Fase_2_Technical_Care_Sistema_Incidentes_Masivos_Creación_de_Eventos_Masivos_Cliente_afectado_Obligatorio()[pri:0, instance:Tests.testRegistroEventoMasico@6d7b4f4c]" name="TS16339_CRM_Fase_2_Technical_Care_Sistema_Incidentes_Masivos_Creación_de_Eventos_Masivos_Cliente_afectado_Obligatorio" class="Tests.testRegistroEventoMasico"/>
        <method signature="testRegistroEventoMasico.TS16340_CRM_Fase_2_Technical_Care_Sistema_Incidentes_Masivos_Creación_de_Eventos_Masivos_Cliente_Procedimiento_Obligatorio()[pri:0, instance:Tests.testRegistroEventoMasico@6d7b4f4c]" name="TS16340_CRM_Fase_2_Technical_Care_Sistema_Incidentes_Masivos_Creación_de_Eventos_Masivos_Cliente_Procedimiento_Obligatorio" class="Tests.testRegistroEventoMasico"/>
        <method signature="testRegistroEventoMasico.TS16341_CRM_Fase_2_Technical_Care_Sistema_Incidentes_Masivos_Creación_de_Eventos_Masivos_Speech_Obligatorio()[pri:0, instance:Tests.testRegistroEventoMasico@6d7b4f4c]" name="TS16341_CRM_Fase_2_Technical_Care_Sistema_Incidentes_Masivos_Creación_de_Eventos_Masivos_Speech_Obligatorio" class="Tests.testRegistroEventoMasico"/>
      </group> <!-- TechnicalCare -->
      <group name="CustomerCare">
        <method signature="CustomerCare360ViewCustomerInformation.TS7068_ValidationFields()[pri:0, instance:Tests.CustomerCare360ViewCustomerInformation@6536e911]" name="TS7068_ValidationFields" class="Tests.CustomerCare360ViewCustomerInformation"/>
        <method signature="CustomerCare360ViewCustomerInformation.TS7069_ValidationButtons()[pri:0, instance:Tests.CustomerCare360ViewCustomerInformation@6536e911]" name="TS7069_ValidationButtons" class="Tests.CustomerCare360ViewCustomerInformation"/>
        <method signature="CustomerCare360ViewCustomerInformation.TS7070_ValidationClubPersonalBasico()[pri:0, instance:Tests.CustomerCare360ViewCustomerInformation@6536e911]" name="TS7070_ValidationClubPersonalBasico" class="Tests.CustomerCare360ViewCustomerInformation"/>
        <method signature="CustomerCare360ViewCustomerInformation.TS7071_ValidationClubPersonalPremium()[pri:0, instance:Tests.CustomerCare360ViewCustomerInformation@6536e911]" name="TS7071_ValidationClubPersonalPremium" class="Tests.CustomerCare360ViewCustomerInformation"/>
        <method signature="CustomerCare360ViewCustomerInformation.TS7072_ValidationNPS()[pri:0, instance:Tests.CustomerCare360ViewCustomerInformation@6536e911]" name="TS7072_ValidationNPS" class="Tests.CustomerCare360ViewCustomerInformation"/>
        <method signature="CustomerCare360ViewCustomerInformation.TS7106_ValidationNumberEstatus()[pri:0, instance:Tests.CustomerCare360ViewCustomerInformation@6536e911]" name="TS7106_ValidationNumberEstatus" class="Tests.CustomerCare360ViewCustomerInformation"/>
        <method signature="CustomerCare360ViewCustomerInformation.TS7108_ValidationCustomerTransactionsViewFilter()[pri:0, instance:Tests.CustomerCare360ViewCustomerInformation@6536e911]" name="TS7108_ValidationCustomerTransactionsViewFilter" class="Tests.CustomerCare360ViewCustomerInformation"/>
        <method signature="CustomerCare360ViewCustomerInformation.TS7110_ValidationCustomerTransactionsScroll()[pri:0, instance:Tests.CustomerCare360ViewCustomerInformation@6536e911]" name="TS7110_ValidationCustomerTransactionsScroll" class="Tests.CustomerCare360ViewCustomerInformation"/>
        <method signature="CustomerCare360ViewCustomerInformation.TS7112_ValidationDateFormat()[pri:0, instance:Tests.CustomerCare360ViewCustomerInformation@6536e911]" name="TS7112_ValidationDateFormat" class="Tests.CustomerCare360ViewCustomerInformation"/>
        <method signature="CustomerCare360ViewCustomerInformation.TS7113_ValidationCustomerTransactionsIconType()[pri:0, instance:Tests.CustomerCare360ViewCustomerInformation@6536e911]" name="TS7113_ValidationCustomerTransactionsIconType" class="Tests.CustomerCare360ViewCustomerInformation"/>
        <method signature="CustomerCare360ViewCustomerInformation.TS7126_ValidationPerfilPanel()[pri:0, instance:Tests.CustomerCare360ViewCustomerInformation@6536e911]" name="TS7126_ValidationPerfilPanel" class="Tests.CustomerCare360ViewCustomerInformation"/>
        <method signature="CustomerCare360ViewInformationClient.TS12244_Positive_Feedback_Suggestions_Generic_Interaction_No_Follow_up_Required_Creacion_de_los_Casos_Crear_Caso()[pri:0, instance:Tests.CustomerCare360ViewInformationClient@520a3426]" name="TS12244_Positive_Feedback_Suggestions_Generic_Interaction_No_Follow_up_Required_Creacion_de_los_Casos_Crear_Caso" class="Tests.CustomerCare360ViewInformationClient"/>
        <method signature="CustomerCare360ViewInformationClient.TS12245_Positive_Feedback_Suggestions_Generic_Interaction_No_Follow_up_Required_Creacion_de_los_Casos_Crear_y_Cancelar_Gestion()[pri:0, instance:Tests.CustomerCare360ViewInformationClient@520a3426]" name="TS12245_Positive_Feedback_Suggestions_Generic_Interaction_No_Follow_up_Required_Creacion_de_los_Casos_Crear_y_Cancelar_Gestion" class="Tests.CustomerCare360ViewInformationClient"/>
        <method signature="CustomerCare360ViewInformationClient.TS12251_Billing_Group_User_Line_Movements_Paso_0_Error_por_fraude_Cliente_inactivo()[pri:0, instance:Tests.CustomerCare360ViewInformationClient@520a3426]" name="TS12251_Billing_Group_User_Line_Movements_Paso_0_Error_por_fraude_Cliente_inactivo" class="Tests.CustomerCare360ViewInformationClient"/>
        <method signature="CustomerCare360ViewInformationClient.TS12252_Billing_Group_User_Line_Movements_Paso_0_Error_por_cliente_inactivo()[pri:0, instance:Tests.CustomerCare360ViewInformationClient@520a3426]" name="TS12252_Billing_Group_User_Line_Movements_Paso_0_Error_por_cliente_inactivo" class="Tests.CustomerCare360ViewInformationClient"/>
        <method signature="CustomerCare360ViewInformationClient.TS12254_Billing_Group_User_Line_Movements_Paso_1_Seleccion_de_Billing_Account_sin_seleccionar_servicios()[pri:0, instance:Tests.CustomerCare360ViewInformationClient@520a3426]" name="TS12254_Billing_Group_User_Line_Movements_Paso_1_Seleccion_de_Billing_Account_sin_seleccionar_servicios" class="Tests.CustomerCare360ViewInformationClient"/>
        <method signature="CustomerCare360ViewInformationClient.TS12255_Billing_Group_User_Line_Movements_Paso_1_Seleccion_de_Billing_Account_y_un_servicio()[pri:0, instance:Tests.CustomerCare360ViewInformationClient@520a3426]" name="TS12255_Billing_Group_User_Line_Movements_Paso_1_Seleccion_de_Billing_Account_y_un_servicio" class="Tests.CustomerCare360ViewInformationClient"/>
        <method signature="CustomerCare360ViewInformationClient.TS12260_Billing_Group_User_Line_Movements_Paso_1_Visualizacion_Bundle()[pri:0, instance:Tests.CustomerCare360ViewInformationClient@520a3426]" name="TS12260_Billing_Group_User_Line_Movements_Paso_1_Visualizacion_Bundle" class="Tests.CustomerCare360ViewInformationClient"/>
        <method signature="CustomerCare360ViewInformationClient.TS12261_Billing_Group_User_Line_Movements_Paso_1_Mover_Bundle_Se_mueven_todos_los_servicios()[pri:0, instance:Tests.CustomerCare360ViewInformationClient@520a3426]" name="TS12261_Billing_Group_User_Line_Movements_Paso_1_Mover_Bundle_Se_mueven_todos_los_servicios" class="Tests.CustomerCare360ViewInformationClient"/>
        <method signature="CustomerCare360ViewInformationClient.TS12262_Billing_Group_User_Line_Movements_Paso_1_Billing_Account_suspendida_por_fraude_No_se_visualiza()[pri:0, instance:Tests.CustomerCare360ViewInformationClient@520a3426]" name="TS12262_Billing_Group_User_Line_Movements_Paso_1_Billing_Account_suspendida_por_fraude_No_se_visualiza" class="Tests.CustomerCare360ViewInformationClient"/>
        <method signature="CustomerCare360ViewInformationClient.TS12264_Billing_Group_User_Line_Movements_Paso_2_Expansion_de_servicios()[pri:0, instance:Tests.CustomerCare360ViewInformationClient@520a3426]" name="TS12264_Billing_Group_User_Line_Movements_Paso_2_Expansion_de_servicios" class="Tests.CustomerCare360ViewInformationClient"/>
        <method signature="CustomerCare360ViewInformationClient.TS12268_Billing_Group_User_Line_Movements_Paso_2_Billing_Account_suspendida_por_fraude_No_se_visualiza()[pri:0, instance:Tests.CustomerCare360ViewInformationClient@520a3426]" name="TS12268_Billing_Group_User_Line_Movements_Paso_2_Billing_Account_suspendida_por_fraude_No_se_visualiza" class="Tests.CustomerCare360ViewInformationClient"/>
        <method signature="CustomerCare360ViewInformationClient.TS12273_Billing_Group_User_Line_Movements_Cancelacion_de_omniscript_Caso_con_estado_cancelado()[pri:0, instance:Tests.CustomerCare360ViewInformationClient@520a3426]" name="TS12273_Billing_Group_User_Line_Movements_Cancelacion_de_omniscript_Caso_con_estado_cancelado" class="Tests.CustomerCare360ViewInformationClient"/>
        <method signature="CustomerCare360ViewInformationClient.TS12302_Positive_Feedback_Suggestions_Generic_Interaction_No_Follow_up_Required_Detalle_de_Atributos_Feedback_Positivo_Generar_Gestion_Subcategoria_Atencion_Ejecutivos()[pri:0, instance:Tests.CustomerCare360ViewInformationClient@520a3426]" name="TS12302_Positive_Feedback_Suggestions_Generic_Interaction_No_Follow_up_Required_Detalle_de_Atributos_Feedback_Positivo_Generar_Gestion_Subcategoria_Atencion_Ejecutivos" class="Tests.CustomerCare360ViewInformationClient"/>
        <method signature="CustomerCare360ViewInformationClient.TS14565_View_Capacidades_de_Busqueda_Visualizar_Filtro_Salesforce()[pri:0, instance:Tests.CustomerCare360ViewInformationClient@520a3426]" name="TS14565_View_Capacidades_de_Busqueda_Visualizar_Filtro_Salesforce" class="Tests.CustomerCare360ViewInformationClient"/>
        <method signature="CustomerCare360ViewInformationClient.TS14567_Capacidades_de_Busqueda_Filtrar_Por_DNI()[pri:0, instance:Tests.CustomerCare360ViewInformationClient@520a3426]" name="TS14567_Capacidades_de_Busqueda_Filtrar_Por_DNI" class="Tests.CustomerCare360ViewInformationClient"/>
        <method signature="CustomerCare360ViewInformationClient.TS14570_Busqueda_de_Transacciones_Filtrar_Por_Numero_de_Caso()[pri:0, instance:Tests.CustomerCare360ViewInformationClient@520a3426]" name="TS14570_Busqueda_de_Transacciones_Filtrar_Por_Numero_de_Caso" class="Tests.CustomerCare360ViewInformationClient"/>
        <method signature="CustomerCare360ViewInformationClient.TS15905_Consumption_Details_Definicion_de_Filtros_Filtro_Lista_de_Servicios_Servicio_que_lo_tiene_el_cliente()[pri:0, instance:Tests.CustomerCare360ViewInformationClient@520a3426]" name="TS15905_Consumption_Details_Definicion_de_Filtros_Filtro_Lista_de_Servicios_Servicio_que_lo_tiene_el_cliente" class="Tests.CustomerCare360ViewInformationClient"/>
        <method signature="CustomerCare360ViewInformationClient.TS15906_Consumption_Details_Definicion_de_Filtros_Filtro_Lista_de_Servicios_Servicio_que_no_tiene_el_cliente()[pri:0, instance:Tests.CustomerCare360ViewInformationClient@520a3426]" name="TS15906_Consumption_Details_Definicion_de_Filtros_Filtro_Lista_de_Servicios_Servicio_que_no_tiene_el_cliente" class="Tests.CustomerCare360ViewInformationClient"/>
        <method signature="CustomerCare360ViewInformationClient.TS15953_Billing_Cycle_Changes_Rastreo_de_los_Cambios_del_Inicio_del_Ciclo_de_Facturacion_Visualizar_Datos_Anteriores_Ciclo_Facturacion()[pri:0, instance:Tests.CustomerCare360ViewInformationClient@520a3426]" name="TS15953_Billing_Cycle_Changes_Rastreo_de_los_Cambios_del_Inicio_del_Ciclo_de_Facturacion_Visualizar_Datos_Anteriores_Ciclo_Facturacion" class="Tests.CustomerCare360ViewInformationClient"/>
        <method signature="CustomerCare360ViewInformationClient.TS15954_360_View_Ver_Equipo_Creador_en_Case_Visualizar_campo_Equipo_del_Creador()[pri:0, instance:Tests.CustomerCare360ViewInformationClient@520a3426]" name="TS15954_360_View_Ver_Equipo_Creador_en_Case_Visualizar_campo_Equipo_del_Creador" class="Tests.CustomerCare360ViewInformationClient"/>
        <method signature="CustomerCare360ViewInformationClient.TS15959_Billing_Cycle_Changes_Sesion_Guiada_para_Cambios_de_Inicio_de_Ciclo_de_Facturacion_Paso_0_Caso_fraude()[pri:0, instance:Tests.CustomerCare360ViewInformationClient@520a3426]" name="TS15959_Billing_Cycle_Changes_Sesion_Guiada_para_Cambios_de_Inicio_de_Ciclo_de_Facturacion_Paso_0_Caso_fraude" class="Tests.CustomerCare360ViewInformationClient"/>
        <method signature="CustomerCare360ViewInformationClient.TS15962_Sesion_Guiada_Para_Cambios_en_Condicion_Impositiva_Boton_de_sesion_guiada()[pri:0, instance:Tests.CustomerCare360ViewInformationClient@520a3426]" name="TS15962_Sesion_Guiada_Para_Cambios_en_Condicion_Impositiva_Boton_de_sesion_guiada" class="Tests.CustomerCare360ViewInformationClient"/>
        <method signature="CustomerCare360ViewInformationClient.TS15962_Tax_Condition_Changes_Sesion_Guiada_Para_Cambios_en_Condicion_Impositiva_Boton_de_sesion_guiada()[pri:0, instance:Tests.CustomerCare360ViewInformationClient@520a3426]" name="TS15962_Tax_Condition_Changes_Sesion_Guiada_Para_Cambios_en_Condicion_Impositiva_Boton_de_sesion_guiada" class="Tests.CustomerCare360ViewInformationClient"/>
        <method signature="CustomerCare360ViewInformationClient.TS15964_Tax_Condition_Changes_Sesion_Guiada_Para_Cambios_en_Condicion_Impositiva_Guardar_para_Despues_Sesion_Guiada()[pri:0, instance:Tests.CustomerCare360ViewInformationClient@520a3426]" name="TS15964_Tax_Condition_Changes_Sesion_Guiada_Para_Cambios_en_Condicion_Impositiva_Guardar_para_Despues_Sesion_Guiada" class="Tests.CustomerCare360ViewInformationClient"/>
        <method signature="CustomerCare360ViewInformationClient.TS15965_Tax_Condition_Changes_Sesion_Guiada_Para_Cambios_en_Condicion_Impositiva_Validaciones_negativas()[pri:0, instance:Tests.CustomerCare360ViewInformationClient@520a3426]" name="TS15965_Tax_Condition_Changes_Sesion_Guiada_Para_Cambios_en_Condicion_Impositiva_Validaciones_negativas" class="Tests.CustomerCare360ViewInformationClient"/>
        <method signature="CustomerCare360ViewInformationClient.TS15966_Tax_Condition_Changes_Sesion_Guiada_Para_Cambios_en_Condicion_Impositiva_Paso_1_Escenario_1()[pri:0, instance:Tests.CustomerCare360ViewInformationClient@520a3426]" name="TS15966_Tax_Condition_Changes_Sesion_Guiada_Para_Cambios_en_Condicion_Impositiva_Paso_1_Escenario_1" class="Tests.CustomerCare360ViewInformationClient"/>
        <method signature="CustomerCare360ViewInformationClient.TS15974_Tax_Condition_Changes_Sesion_Guiada_Para_Cambios_en_Condicion_Impositiva_Paso_2_Visualizar_DNI_a_CUIT()[pri:0, instance:Tests.CustomerCare360ViewInformationClient@520a3426]" name="TS15974_Tax_Condition_Changes_Sesion_Guiada_Para_Cambios_en_Condicion_Impositiva_Paso_2_Visualizar_DNI_a_CUIT" class="Tests.CustomerCare360ViewInformationClient"/>
        <method signature="CustomerCare360ViewInformationClient.TS15976_Tax_Condition_Changes_Sesion_Guiada_Para_Cambios_en_Condicion_Impositiva_Paso_2_Seleccion_DNI_a_CUIT()[pri:0, instance:Tests.CustomerCare360ViewInformationClient@520a3426]" name="TS15976_Tax_Condition_Changes_Sesion_Guiada_Para_Cambios_en_Condicion_Impositiva_Paso_2_Seleccion_DNI_a_CUIT" class="Tests.CustomerCare360ViewInformationClient"/>
        <method signature="CustomerCare360ViewInformationClient.TS15977_Tax_Condition_Changes_Sesion_Guiada_Para_Cambios_en_Condicion_Impositiva_Paso_2_Sin_seleccion_DNI_a_CUIT()[pri:0, instance:Tests.CustomerCare360ViewInformationClient@520a3426]" name="TS15977_Tax_Condition_Changes_Sesion_Guiada_Para_Cambios_en_Condicion_Impositiva_Paso_2_Sin_seleccion_DNI_a_CUIT" class="Tests.CustomerCare360ViewInformationClient"/>
        <method signature="CustomerCare360ViewInformationClient.TS15993_Tax_Condition_Changes_Sesion_Guiada_Para_Cambios_en_Condicion_Impositiva_Paso_4_Valores_IVA_No_ejecutivo()[pri:0, instance:Tests.CustomerCare360ViewInformationClient@520a3426]" name="TS15993_Tax_Condition_Changes_Sesion_Guiada_Para_Cambios_en_Condicion_Impositiva_Paso_4_Valores_IVA_No_ejecutivo" class="Tests.CustomerCare360ViewInformationClient"/>
        <method signature="CustomerCare360ViewInformationClient.TS15999_Tax_Condition_Changes_Sesion_Guiada_Para_Cambios_en_Condicion_Impositiva_Paso_4_Visualizar_Exencion_IVA()[pri:0, instance:Tests.CustomerCare360ViewInformationClient@520a3426]" name="TS15999_Tax_Condition_Changes_Sesion_Guiada_Para_Cambios_en_Condicion_Impositiva_Paso_4_Visualizar_Exencion_IVA" class="Tests.CustomerCare360ViewInformationClient"/>
        <method signature="CustomerCare360ViewInformationClient.TS16015_Tax_Condition_Changes_Sesion_Guiada_Para_Cambios_en_Condicion_Impositiva_Paso_4_Visualizar_Percepcion_IIBB()[pri:0, instance:Tests.CustomerCare360ViewInformationClient@520a3426]" name="TS16015_Tax_Condition_Changes_Sesion_Guiada_Para_Cambios_en_Condicion_Impositiva_Paso_4_Visualizar_Percepcion_IIBB" class="Tests.CustomerCare360ViewInformationClient"/>
        <method signature="CustomerCare360ViewInformationClient.TS16017_Tax_Condition_Changes_Sesion_Guiada_Para_Cambios_en_Condicion_Impositiva_Paso_4_Visualizar_Picklist_Jurisdicciones_Percepcion_IIBB()[pri:0, instance:Tests.CustomerCare360ViewInformationClient@520a3426]" name="TS16017_Tax_Condition_Changes_Sesion_Guiada_Para_Cambios_en_Condicion_Impositiva_Paso_4_Visualizar_Picklist_Jurisdicciones_Percepcion_IIBB" class="Tests.CustomerCare360ViewInformationClient"/>
        <method signature="CustomerCare360ViewInformationClient.TS16052_Tax_Condition_Changes_Sesion_Guiada_Para_Cambios_en_Condicion_Impositiva_Paso_6_Confirmacion()[pri:0, instance:Tests.CustomerCare360ViewInformationClient@520a3426]" name="TS16052_Tax_Condition_Changes_Sesion_Guiada_Para_Cambios_en_Condicion_Impositiva_Paso_6_Confirmacion" class="Tests.CustomerCare360ViewInformationClient"/>
        <method signature="CustomerCare360ViewInformationClient.TS16054_Tax_Condition_Changes_Sesion_Guiada_Para_Cambios_en_Condicion_Impositiva_Paso_6_Caso_creado()[pri:0, instance:Tests.CustomerCare360ViewInformationClient@520a3426]" name="TS16054_Tax_Condition_Changes_Sesion_Guiada_Para_Cambios_en_Condicion_Impositiva_Paso_6_Caso_creado" class="Tests.CustomerCare360ViewInformationClient"/>
        <method signature="CustomerCare360ViewInformationClient.TS16055_Sesion_Guiada_para_Cambios_de_Inicio_de_Ciclo_de_Facturacion__Boton_Sesion_Guiada()[pri:0, instance:Tests.CustomerCare360ViewInformationClient@520a3426]" name="TS16055_Sesion_Guiada_para_Cambios_de_Inicio_de_Ciclo_de_Facturacion__Boton_Sesion_Guiada" class="Tests.CustomerCare360ViewInformationClient"/>
        <method signature="CustomerCare360ViewInformationClient.TS16056_Sesion_Guiada_para_Cambios_de_Inicio_de_Ciclo_de_Facturacion_Funcionamiento_Boton_Sesion_Guiada()[pri:0, instance:Tests.CustomerCare360ViewInformationClient@520a3426]" name="TS16056_Sesion_Guiada_para_Cambios_de_Inicio_de_Ciclo_de_Facturacion_Funcionamiento_Boton_Sesion_Guiada" class="Tests.CustomerCare360ViewInformationClient"/>
        <method signature="CustomerCare360ViewInformationClient.TS16057_Billing_Cycle_Changes_Sesion_Guiada_para_Cambios_de_Inicio_de_Ciclo_de_Facturacion_Paso_0_Validaciones_correctas()[pri:0, instance:Tests.CustomerCare360ViewInformationClient@520a3426]" name="TS16057_Billing_Cycle_Changes_Sesion_Guiada_para_Cambios_de_Inicio_de_Ciclo_de_Facturacion_Paso_0_Validaciones_correctas" class="Tests.CustomerCare360ViewInformationClient"/>
        <method signature="CustomerCare360ViewInformationClient.TS16060_Billing_Cycle_Changes_Sesion_Guiada_para_Cambios_de_Inicio_de_Ciclo_de_Facturacion_Paso_0_Validaciones_Cliente_activo()[pri:0, instance:Tests.CustomerCare360ViewInformationClient@520a3426]" name="TS16060_Billing_Cycle_Changes_Sesion_Guiada_para_Cambios_de_Inicio_de_Ciclo_de_Facturacion_Paso_0_Validaciones_Cliente_activo" class="Tests.CustomerCare360ViewInformationClient"/>
        <method signature="CustomerCare360ViewInformationClient.TS16061_Billing_Cycle_Changes_Sesion_Guiada_para_Cambios_de_Inicio_de_Ciclo_de_Facturacion_Paso_0_Caso_Cliente_activo()[pri:0, instance:Tests.CustomerCare360ViewInformationClient@520a3426]" name="TS16061_Billing_Cycle_Changes_Sesion_Guiada_para_Cambios_de_Inicio_de_Ciclo_de_Facturacion_Paso_0_Caso_Cliente_activo" class="Tests.CustomerCare360ViewInformationClient"/>
        <method signature="CustomerCare360ViewInformationClient.TS16062_Billing_Cycle_Changes_Sesion_Guiada_para_Cambios_de_Inicio_de_Ciclo_de_Facturacion_Paso_1_Visualizar_Billing_accounts()[pri:0, instance:Tests.CustomerCare360ViewInformationClient@520a3426]" name="TS16062_Billing_Cycle_Changes_Sesion_Guiada_para_Cambios_de_Inicio_de_Ciclo_de_Facturacion_Paso_1_Visualizar_Billing_accounts" class="Tests.CustomerCare360ViewInformationClient"/>
        <method signature="CustomerCare360ViewInformationClient.TS16064_Billing_Cycle_Changes_Sesion_Guiada_para_Cambios_de_Inicio_de_Ciclo_de_Facturacion_Paso_1_Funcionamiento_Boton_Servicios_Billing_accounts()[pri:0, instance:Tests.CustomerCare360ViewInformationClient@520a3426]" name="TS16064_Billing_Cycle_Changes_Sesion_Guiada_para_Cambios_de_Inicio_de_Ciclo_de_Facturacion_Paso_1_Funcionamiento_Boton_Servicios_Billing_accounts" class="Tests.CustomerCare360ViewInformationClient"/>
        <method signature="CustomerCare360ViewInformationClient.TS16065_Billing_Cycle_Changes_Sesion_Guiada_para_Cambios_de_Inicio_de_Ciclo_de_Facturacion_Paso_1_Ciclo_Billing_accounts()[pri:0, instance:Tests.CustomerCare360ViewInformationClient@520a3426]" name="TS16065_Billing_Cycle_Changes_Sesion_Guiada_para_Cambios_de_Inicio_de_Ciclo_de_Facturacion_Paso_1_Ciclo_Billing_accounts" class="Tests.CustomerCare360ViewInformationClient"/>
        <method signature="CustomerCare360ViewInformationClient.TS16069_Billing_Cycle_Changes_Sesion_Guiada_para_Cambios_de_Inicio_de_Ciclo_de_Facturacion_Paso_1_Seleccion_Billing_accounts()[pri:0, instance:Tests.CustomerCare360ViewInformationClient@520a3426]" name="TS16069_Billing_Cycle_Changes_Sesion_Guiada_para_Cambios_de_Inicio_de_Ciclo_de_Facturacion_Paso_1_Seleccion_Billing_accounts" class="Tests.CustomerCare360ViewInformationClient"/>
        <method signature="CustomerCare360ViewInformationClient.TS16077_Billing_Cycle_Changes_Sesion_Guiada_para_Cambios_de_Inicio_de_Ciclo_de_Facturacion_Paso_2_Valores_Picklist_Ciclo_de_facturacion()[pri:0, instance:Tests.CustomerCare360ViewInformationClient@520a3426]" name="TS16077_Billing_Cycle_Changes_Sesion_Guiada_para_Cambios_de_Inicio_de_Ciclo_de_Facturacion_Paso_2_Valores_Picklist_Ciclo_de_facturacion" class="Tests.CustomerCare360ViewInformationClient"/>
        <method signature="CustomerCare360ViewInformationClient.TS16078_Billing_Cycle_Changes_Sesion_Guiada_para_Cambios_de_Inicio_de_Ciclo_de_Facturacion_Paso_2_Mandatorio_Picklist_Ciclo_de_facturacion()[pri:0, instance:Tests.CustomerCare360ViewInformationClient@520a3426]" name="TS16078_Billing_Cycle_Changes_Sesion_Guiada_para_Cambios_de_Inicio_de_Ciclo_de_Facturacion_Paso_2_Mandatorio_Picklist_Ciclo_de_facturacion" class="Tests.CustomerCare360ViewInformationClient"/>
        <method signature="CustomerCare360ViewInformationClient.TS16080_Billing_Cycle_Changes_Sesion_Guiada_para_Cambios_Inicio_Ciclo_Facturacion_Paso3_Visualizar_Datos_Antiguos_Resumen()[pri:0, instance:Tests.CustomerCare360ViewInformationClient@520a3426]" name="TS16080_Billing_Cycle_Changes_Sesion_Guiada_para_Cambios_Inicio_Ciclo_Facturacion_Paso3_Visualizar_Datos_Antiguos_Resumen" class="Tests.CustomerCare360ViewInformationClient"/>
        <method signature="CustomerCare360ViewInformationClient.TS16081_Billing_Cycle_Changes_Sesion_Guiada_para_Cambios_de_Inicio_de_Ciclo_de_Facturacion_Paso_3_Visualizar_Datos_Nuevos_Resumen()[pri:0, instance:Tests.CustomerCare360ViewInformationClient@520a3426]" name="TS16081_Billing_Cycle_Changes_Sesion_Guiada_para_Cambios_de_Inicio_de_Ciclo_de_Facturacion_Paso_3_Visualizar_Datos_Nuevos_Resumen" class="Tests.CustomerCare360ViewInformationClient"/>
        <method signature="CustomerCare360ViewInformationClient.TS7137_BusinessDataPanelQuickAccessButtonsAccount()[pri:0, instance:Tests.CustomerCare360ViewInformationClient@520a3426]" name="TS7137_BusinessDataPanelQuickAccessButtonsAccount" class="Tests.CustomerCare360ViewInformationClient"/>
        <method signature="CustomerCare360ViewInformationClient.TS7138_BusinessDataPanelPicklistCommercialDataAccount()[pri:0, instance:Tests.CustomerCare360ViewInformationClient@520a3426]" name="TS7138_BusinessDataPanelPicklistCommercialDataAccount" class="Tests.CustomerCare360ViewInformationClient"/>
        <method signature="CustomerCare360ViewPanelDistribution.TS7054_VerifyDisplayPanelBusinessData()[pri:0, instance:Tests.CustomerCare360ViewPanelDistribution@18eed359]" name="TS7054_VerifyDisplayPanelBusinessData" class="Tests.CustomerCare360ViewPanelDistribution"/>
        <method signature="CustomerCare360ViewPanelDistribution.TS7058_Visualizar_Panel_Servicios_Activos()[pri:0, instance:Tests.CustomerCare360ViewPanelDistribution@18eed359]" name="TS7058_Visualizar_Panel_Servicios_Activos" class="Tests.CustomerCare360ViewPanelDistribution"/>
        <method signature="CustomerCare360ViewPanelDistribution.TS7059_Verificar_Visualizar_Panel_Promociones()[pri:0, instance:Tests.CustomerCare360ViewPanelDistribution@18eed359]" name="TS7059_Verificar_Visualizar_Panel_Promociones" class="Tests.CustomerCare360ViewPanelDistribution"/>
        <method signature="CustomerCare360ViewPanelDistribution.TS7061_Visualizar_Panel_Sesiones_Guiadas()[pri:0, instance:Tests.CustomerCare360ViewPanelDistribution@18eed359]" name="TS7061_Visualizar_Panel_Sesiones_Guiadas" class="Tests.CustomerCare360ViewPanelDistribution"/>
        <method signature="CustomerCare360ViewPanelDistribution.TS7062_Visualizar_Panel_Gestiones_abandonadas()[pri:0, instance:Tests.CustomerCare360ViewPanelDistribution@18eed359]" name="TS7062_Visualizar_Panel_Gestiones_abandonadas" class="Tests.CustomerCare360ViewPanelDistribution"/>
        <method signature="CustomerCare360ViewPanelDistribution.TS7063_Contraccion_Paneles()[pri:0, instance:Tests.CustomerCare360ViewPanelDistribution@18eed359]" name="TS7063_Contraccion_Paneles" class="Tests.CustomerCare360ViewPanelDistribution"/>
        <method signature="CustomerCare360ViewPanelDistribution.TS7064_Contraccion_Panel_Datos_Comerciales()[pri:0, instance:Tests.CustomerCare360ViewPanelDistribution@18eed359]" name="TS7064_Contraccion_Panel_Datos_Comerciales" class="Tests.CustomerCare360ViewPanelDistribution"/>
        <method signature="CustomerCare360ViewPanelDistribution.TS7065_Expansion_Paneles()[pri:0, instance:Tests.CustomerCare360ViewPanelDistribution@18eed359]" name="TS7065_Expansion_Paneles" class="Tests.CustomerCare360ViewPanelDistribution"/>
        <method signature="CustomerCare360ViewPanelDistribution.TS7066_VerifyDisplayPanelAccountsClient()[pri:0, instance:Tests.CustomerCare360ViewPanelDistribution@18eed359]" name="TS7066_VerifyDisplayPanelAccountsClient" class="Tests.CustomerCare360ViewPanelDistribution"/>
        <method signature="CustomerCare360ViewPanelDistribution.TS7074_Key_Metrics_Visualizar_Picklist()[pri:0, instance:Tests.CustomerCare360ViewPanelDistribution@18eed359]" name="TS7074_Key_Metrics_Visualizar_Picklist" class="Tests.CustomerCare360ViewPanelDistribution"/>
        <method signature="CustomerCare360ViewPanelDistribution.TS7075_Key_Metrics_Funcionamiento_Picklist()[pri:0, instance:Tests.CustomerCare360ViewPanelDistribution@18eed359]" name="TS7075_Key_Metrics_Funcionamiento_Picklist" class="Tests.CustomerCare360ViewPanelDistribution"/>
        <method signature="CustomerCare360ViewPanelDistribution.TS7076_Key_Metrics_Visualizar_boton_Añadir_Nuevo_Intereses_personales()[pri:0, instance:Tests.CustomerCare360ViewPanelDistribution@18eed359]" name="TS7076_Key_Metrics_Visualizar_boton_Añadir_Nuevo_Intereses_personales" class="Tests.CustomerCare360ViewPanelDistribution"/>
        <method signature="CustomerCare360ViewPanelDistribution.TS7078_Key_Metrics_Visualizar_boton_Añadir_Nuevo_Criterios_de_compra()[pri:0, instance:Tests.CustomerCare360ViewPanelDistribution@18eed359]" name="TS7078_Key_Metrics_Visualizar_boton_Añadir_Nuevo_Criterios_de_compra" class="Tests.CustomerCare360ViewPanelDistribution"/>
        <method signature="CustomerCare360ViewPanelDistribution.TS7079_Key_Metrics_Visualizar_boton_Añadir_Nuevo_Familia()[pri:0, instance:Tests.CustomerCare360ViewPanelDistribution@18eed359]" name="TS7079_Key_Metrics_Visualizar_boton_Añadir_Nuevo_Familia" class="Tests.CustomerCare360ViewPanelDistribution"/>
        <method signature="CustomerCare360ViewPanelDistribution.TS7080_Key_Metrics_Visualizar_boton_Añadir_Nuevo_Productos_de_interes()[pri:0, instance:Tests.CustomerCare360ViewPanelDistribution@18eed359]" name="TS7080_Key_Metrics_Visualizar_boton_Añadir_Nuevo_Productos_de_interes" class="Tests.CustomerCare360ViewPanelDistribution"/>
        <method signature="CustomerCare360ViewPanelDistribution.TS7081_Key_Metrics_Visualizar_boton_Añadir_Nuevo_Preocupaciones()[pri:0, instance:Tests.CustomerCare360ViewPanelDistribution@18eed359]" name="TS7081_Key_Metrics_Visualizar_boton_Añadir_Nuevo_Preocupaciones" class="Tests.CustomerCare360ViewPanelDistribution"/>
        <method signature="CustomerCare360ViewPanelDistribution.TS7082_Visualizar_Fecha_de_vencimiento()[pri:0, instance:Tests.CustomerCare360ViewPanelDistribution@18eed359]" name="TS7082_Visualizar_Fecha_de_vencimiento" class="Tests.CustomerCare360ViewPanelDistribution"/>
        <method signature="CustomerCare360ViewPanelDistribution.TS7120_Key_Metrics_Panel_Perfil_Visualizar_Scroll()[pri:0, instance:Tests.CustomerCare360ViewPanelDistribution@18eed359]" name="TS7120_Key_Metrics_Panel_Perfil_Visualizar_Scroll" class="Tests.CustomerCare360ViewPanelDistribution"/>
        <method signature="CustomerCare360ViewPanelDistribution.TS7144_Customer_Account_Management_Customer_Segmentation_Estado_Activo_Usuario_Externo()[pri:0, instance:Tests.CustomerCare360ViewPanelDistribution@18eed359]" name="TS7144_Customer_Account_Management_Customer_Segmentation_Estado_Activo_Usuario_Externo" class="Tests.CustomerCare360ViewPanelDistribution"/>
        <method signature="CustomerCare360ViewPanelDistribution.TS7144_Customer_Account_Management_Customer_Segmentation_Estado_inactivo_Usuario_Externo()[pri:0, instance:Tests.CustomerCare360ViewPanelDistribution@18eed359]" name="TS7144_Customer_Account_Management_Customer_Segmentation_Estado_inactivo_Usuario_Externo" class="Tests.CustomerCare360ViewPanelDistribution"/>
        <method signature="CustomerCare360ViewPanelDistribution.TS7200_VerifyDisplayLogo()[pri:0, instance:Tests.CustomerCare360ViewPanelDistribution@18eed359]" name="TS7200_VerifyDisplayLogo" class="Tests.CustomerCare360ViewPanelDistribution"/>
        <method signature="CustomerCare360ViewPanelDistribution.TS7201_VerifyDisplayfilterAccounts()[pri:0, instance:Tests.CustomerCare360ViewPanelDistribution@18eed359]" name="TS7201_VerifyDisplayfilterAccounts" class="Tests.CustomerCare360ViewPanelDistribution"/>
        <method signature="CustomerCareCaseManagement.TS7083_ValidateDueTimeLogic()[pri:0, instance:Tests.CustomerCareCaseManagement@5abca1e0]" name="TS7083_ValidateDueTimeLogic" class="Tests.CustomerCareCaseManagement"/>
        <method signature="CustomerCareCaseManagement.TS7085_DeleteCasesAdminRestrictedMessage()[pri:0, instance:Tests.CustomerCareCaseManagement@5abca1e0]" name="TS7085_DeleteCasesAdminRestrictedMessage" class="Tests.CustomerCareCaseManagement"/>
        <method signature="CustomerCareCaseManagement.TS7088_CaseRelatedFieldsValuesType()[pri:0, instance:Tests.CustomerCareCaseManagement@5abca1e0]" name="TS7088_CaseRelatedFieldsValuesType" class="Tests.CustomerCareCaseManagement"/>
        <method signature="CustomerCareCaseManagement.TS7090_CaseRelatedFieldsValuesSubArea()[pri:0, instance:Tests.CustomerCareCaseManagement@5abca1e0]" name="TS7090_CaseRelatedFieldsValuesSubArea" class="Tests.CustomerCareCaseManagement"/>
        <method signature="CustomerCareCaseManagement.TS7092_Case_Related_Field_Valores_del_Canal_de_inicio()[pri:0, instance:Tests.CustomerCareCaseManagement@5abca1e0]" name="TS7092_Case_Related_Field_Valores_del_Canal_de_inicio" class="Tests.CustomerCareCaseManagement"/>
        <method signature="CustomerCareCaseManagement.TS7193_CaseRelatedFieldsValuesCanalClosing()[pri:0, instance:Tests.CustomerCareCaseManagement@5abca1e0]" name="TS7193_CaseRelatedFieldsValuesCanalClosing" class="Tests.CustomerCareCaseManagement"/>
        <method signature="CustomerCareCaseManagement.TS7195_CaseRelatedCreateValuesCheck()[pri:0, instance:Tests.CustomerCareCaseManagement@5abca1e0]" name="TS7195_CaseRelatedCreateValuesCheck" class="Tests.CustomerCareCaseManagement"/>
        <method signature="CustomerCareCaseManagement.TS7198_Estados_de_la_Entidad_Caso_Visualizar_picklist_Estado()[pri:0, instance:Tests.CustomerCareCaseManagement@5abca1e0]" name="TS7198_Estados_de_la_Entidad_Caso_Visualizar_picklist_Estado" class="Tests.CustomerCareCaseManagement"/>
        <method signature="CustomerCareCaseManagement.TS7212_Case_Management_Detalles_del_caso_Descripcion()[pri:0, instance:Tests.CustomerCareCaseManagement@5abca1e0]" name="TS7212_Case_Management_Detalles_del_caso_Descripcion" class="Tests.CustomerCareCaseManagement"/>
        <method signature="CustomerCareCreatedCaseManagement.TS7082_VisualizeDueDate()[pri:0, instance:Tests.CustomerCareCreatedCaseManagement@2286778]" name="TS7082_VisualizeDueDate" class="Tests.CustomerCareCreatedCaseManagement"/>
        <method signature="CustomerCareCreatedCaseManagement.TS7194_ValidatedCreationDate()[pri:0, instance:Tests.CustomerCareCreatedCaseManagement@2286778]" name="TS7194_ValidatedCreationDate" class="Tests.CustomerCareCreatedCaseManagement"/>
        <method signature="CustomerCareCreatedCaseManagement.TS7202_CreatedAndDueTimeInHoursFormatCheck()[pri:0, instance:Tests.CustomerCareCreatedCaseManagement@2286778]" name="TS7202_CreatedAndDueTimeInHoursFormatCheck" class="Tests.CustomerCareCreatedCaseManagement"/>
        <method signature="CustomerCareFase3.TS38175_360_View_Historial_de_Recargas_Pre_pago_Recarga_SOS_Fecha_Desde_antigüedad_6_meses()[pri:0, instance:Tests.CustomerCareFase3@3e9b1010]" name="TS38175_360_View_Historial_de_Recargas_Pre_pago_Recarga_SOS_Fecha_Desde_antigüedad_6_meses" class="Tests.CustomerCareFase3"/>
        <method signature="CustomerCareFase3.TS38176_360_View_Historial_de_Recargas_Pre_pago_Recarga_SOS_Fecha_Desde_calendario_grisado()[pri:0, instance:Tests.CustomerCareFase3@3e9b1010]" name="TS38176_360_View_Historial_de_Recargas_Pre_pago_Recarga_SOS_Fecha_Desde_calendario_grisado" class="Tests.CustomerCareFase3"/>
        <method signature="CustomerCareFase3.TS38177_360_View_Historial_de_Recargas_Pre_pago_Recarga_SOS_Fecha_Desde_Consulta_exitosa()[pri:0, instance:Tests.CustomerCareFase3@3e9b1010]" name="TS38177_360_View_Historial_de_Recargas_Pre_pago_Recarga_SOS_Fecha_Desde_Consulta_exitosa" class="Tests.CustomerCareFase3"/>
        <method signature="CustomerCareFase3.TS38178_360_View_Historial_de_Recargas_Pre_pago_Recarga_SOS_Fecha_Hasta_no_mayor_a_fecha_actual()[pri:0, instance:Tests.CustomerCareFase3@3e9b1010]" name="TS38178_360_View_Historial_de_Recargas_Pre_pago_Recarga_SOS_Fecha_Hasta_no_mayor_a_fecha_actual" class="Tests.CustomerCareFase3"/>
        <method signature="CustomerCareFase3.TS38180_360_View_Historial_de_Recargas_Pre_pago_Recarga_SOS_Fecha_Hasta_consulta_exitosa()[pri:0, instance:Tests.CustomerCareFase3@3e9b1010]" name="TS38180_360_View_Historial_de_Recargas_Pre_pago_Recarga_SOS_Fecha_Hasta_consulta_exitosa" class="Tests.CustomerCareFase3"/>
        <method signature="CustomerCareFase3.TS38181_360_View_Historial_de_Recargas_Pre_pago_Recarga_SOS_Fecha_Desde_y_Hasta_no_superan_los_90_dias()[pri:0, instance:Tests.CustomerCareFase3@3e9b1010]" name="TS38181_360_View_Historial_de_Recargas_Pre_pago_Recarga_SOS_Fecha_Desde_y_Hasta_no_superan_los_90_dias" class="Tests.CustomerCareFase3"/>
        <method signature="CustomerCareFase3.TS38182_360_View_Historial_de_Recargas_Pre_pago_Recarga_SOS_Fecha_Desde_y_Hasta_consulta_exitosa()[pri:0, instance:Tests.CustomerCareFase3@3e9b1010]" name="TS38182_360_View_Historial_de_Recargas_Pre_pago_Recarga_SOS_Fecha_Desde_y_Hasta_consulta_exitosa" class="Tests.CustomerCareFase3"/>
        <method signature="CustomerCareFase3.TS38183_360_View_Historial_de_Recargas_Pre_pago_Recarga_SOS_Campo_cancelacion_sin_cargo()[pri:0, instance:Tests.CustomerCareFase3@3e9b1010]" name="TS38183_360_View_Historial_de_Recargas_Pre_pago_Recarga_SOS_Campo_cancelacion_sin_cargo" class="Tests.CustomerCareFase3"/>
        <method signature="CustomerCareFase3.TS38184_360_View_Historial_de_Recargas_Pre_pago_Recarga_SOS_Campo_Fecha_de_pago()[pri:0, instance:Tests.CustomerCareFase3@3e9b1010]" name="TS38184_360_View_Historial_de_Recargas_Pre_pago_Recarga_SOS_Campo_Fecha_de_pago" class="Tests.CustomerCareFase3"/>
        <method signature="CustomerCareFase3.TS38195_Automatic_Debit_Subscriptions_Sesión_guiada_Débito_Automático_Inicial_Paso_0_Cliente_Activo_Billing_account_activa_con_servicios_activos()[pri:0, instance:Tests.CustomerCareFase3@3e9b1010]" name="TS38195_Automatic_Debit_Subscriptions_Sesión_guiada_Débito_Automático_Inicial_Paso_0_Cliente_Activo_Billing_account_activa_con_servicios_activos" class="Tests.CustomerCareFase3"/>
        <method signature="CustomerCareFase3.TS38199_Automatic_Debit_Subscriptions_Sesión_guiada_Débito_Automático_Inicial_Paso_1_Visualizar_botones()[pri:0, instance:Tests.CustomerCareFase3@3e9b1010]" name="TS38199_Automatic_Debit_Subscriptions_Sesión_guiada_Débito_Automático_Inicial_Paso_1_Visualizar_botones" class="Tests.CustomerCareFase3"/>
        <method signature="CustomerCareFase3.TS38407_360_View_Vista_360_de_facturación_clientes_individuos_Billing_Account_Activa()[pri:0, instance:Tests.CustomerCareFase3@3e9b1010]" name="TS38407_360_View_Vista_360_de_facturación_clientes_individuos_Billing_Account_Activa" class="Tests.CustomerCareFase3"/>
        <method signature="CustomerCareFase3.TS38408_360_View_Vista_360_de_facturación_clientes_individuos_Billing_Account_Inactiva()[pri:0, instance:Tests.CustomerCareFase3@3e9b1010]" name="TS38408_360_View_Vista_360_de_facturación_clientes_individuos_Billing_Account_Inactiva" class="Tests.CustomerCareFase3"/>
        <method signature="CustomerCareFase3.TS38409_360_View_Vista_360_de_facturación_clientes_individuos_Header_Cards_Visualizar_campos()[pri:0, instance:Tests.CustomerCareFase3@3e9b1010]" name="TS38409_360_View_Vista_360_de_facturación_clientes_individuos_Header_Cards_Visualizar_campos" class="Tests.CustomerCareFase3"/>
        <method signature="CustomerCareFase3.TS38423_360_View_Buscador_para_vistas_de_facturación_Buscar_por_Número_de_cuenta()[pri:0, instance:Tests.CustomerCareFase3@3e9b1010]" name="TS38423_360_View_Buscador_para_vistas_de_facturación_Buscar_por_Número_de_cuenta" class="Tests.CustomerCareFase3"/>
        <method signature="CustomerCareFase3.TS38424_360_View_Buscador_para_vistas_de_facturación_Buscar_por_Nombre_de_cuenta()[pri:0, instance:Tests.CustomerCareFase3@3e9b1010]" name="TS38424_360_View_Buscador_para_vistas_de_facturación_Buscar_por_Nombre_de_cuenta" class="Tests.CustomerCareFase3"/>
        <method signature="CustomerCareFase3.TS38425_360_View_Buscador_para_vistas_de_facturación_Buscar_por_Ciclo_de_facturación()[pri:0, instance:Tests.CustomerCareFase3@3e9b1010]" name="TS38425_360_View_Buscador_para_vistas_de_facturación_Buscar_por_Ciclo_de_facturación" class="Tests.CustomerCareFase3"/>
        <method signature="CustomerCareFase3.TS38428_360_View_Buscador_para_vistas_de_facturación_Buscar_por_Medio_de_pago()[pri:0, instance:Tests.CustomerCareFase3@3e9b1010]" name="TS38428_360_View_Buscador_para_vistas_de_facturación_Buscar_por_Medio_de_pago" class="Tests.CustomerCareFase3"/>
        <method signature="CustomerCareFase3.TS38431_360_View_Buscador_para_vistas_de_facturación_Botón_refrescar()[pri:0, instance:Tests.CustomerCareFase3@3e9b1010]" name="TS38431_360_View_Buscador_para_vistas_de_facturación_Botón_refrescar" class="Tests.CustomerCareFase3"/>
        <method signature="CustomerCareFase3.TS38442_360_View_Historial_de_Recargas_Pre_pago_Grilla_Columna_Canal()[pri:0, instance:Tests.CustomerCareFase3@3e9b1010]" name="TS38442_360_View_Historial_de_Recargas_Pre_pago_Grilla_Columna_Canal" class="Tests.CustomerCareFase3"/>
        <method signature="CustomerCareFase3.TS38443_360_View_Historial_de_Recargas_Pre_pago_Grilla_Columna_Descripción()[pri:0, instance:Tests.CustomerCareFase3@3e9b1010]" name="TS38443_360_View_Historial_de_Recargas_Pre_pago_Grilla_Columna_Descripción" class="Tests.CustomerCareFase3"/>
        <method signature="CustomerCareFase3.TS38444_360_View_Historial_de_Recargas_Pre_pago_Grilla_Columna_Fecha_y_Hora()[pri:0, instance:Tests.CustomerCareFase3@3e9b1010]" name="TS38444_360_View_Historial_de_Recargas_Pre_pago_Grilla_Columna_Fecha_y_Hora" class="Tests.CustomerCareFase3"/>
        <method signature="CustomerCareFase3.TS38446_360_View_Historial_de_Recargas_Pre_pago_Grilla_Column_Monto()[pri:0, instance:Tests.CustomerCareFase3@3e9b1010]" name="TS38446_360_View_Historial_de_Recargas_Pre_pago_Grilla_Column_Monto" class="Tests.CustomerCareFase3"/>
        <method signature="CustomerCareFase3.TS38447_360_View_Historial_de_Recargas_Pre_pago_Grilla_Columna_Vencimiento()[pri:0, instance:Tests.CustomerCareFase3@3e9b1010]" name="TS38447_360_View_Historial_de_Recargas_Pre_pago_Grilla_Columna_Vencimiento" class="Tests.CustomerCareFase3"/>
        <method signature="CustomerCareFase3.TS38448_360_View_Historial_de_Recargas_Pre_pago_Grilla_Columna_Beneficios()[pri:0, instance:Tests.CustomerCareFase3@3e9b1010]" name="TS38448_360_View_Historial_de_Recargas_Pre_pago_Grilla_Columna_Beneficios" class="Tests.CustomerCareFase3"/>
        <method signature="CustomerCareFase3.TS38449_360_View_Historial_de_Recargas_Pre_pago_Grilla_Expandir_registro()[pri:0, instance:Tests.CustomerCareFase3@3e9b1010]" name="TS38449_360_View_Historial_de_Recargas_Pre_pago_Grilla_Expandir_registro" class="Tests.CustomerCareFase3"/>
        <method signature="CustomerCareFase3.TS38450_360_View_Historial_de_Recargas_Pre_pago_Grilla_Colapsar_registro()[pri:0, instance:Tests.CustomerCareFase3@3e9b1010]" name="TS38450_360_View_Historial_de_Recargas_Pre_pago_Grilla_Colapsar_registro" class="Tests.CustomerCareFase3"/>
        <method signature="CustomerCareFase3.TS38481_360_View_Historial_de_Recargas_Pre_pago_Filtros_Filtro_Fecha()[pri:0, instance:Tests.CustomerCareFase3@3e9b1010]" name="TS38481_360_View_Historial_de_Recargas_Pre_pago_Filtros_Filtro_Fecha" class="Tests.CustomerCareFase3"/>
        <method signature="CustomerCareFase3.TS38482_360_View_Historial_de_Recargas_Pre_pago_Filtros_Filtro_Fecha_Seleccionar_Fecha_desde_supera_los_6_meses_de_antiguedad()[pri:0, instance:Tests.CustomerCareFase3@3e9b1010]" name="TS38482_360_View_Historial_de_Recargas_Pre_pago_Filtros_Filtro_Fecha_Seleccionar_Fecha_desde_supera_los_6_meses_de_antiguedad" class="Tests.CustomerCareFase3"/>
        <method signature="CustomerCareFase3.TS38483_360_View_Historial_de_Recargas_Pre_pago_Filtros_Filtro_Fecha_Visualizar_grisado_Fecha_desde_supera_los_6_meses_de_antiguedad()[pri:0, instance:Tests.CustomerCareFase3@3e9b1010]" name="TS38483_360_View_Historial_de_Recargas_Pre_pago_Filtros_Filtro_Fecha_Visualizar_grisado_Fecha_desde_supera_los_6_meses_de_antiguedad" class="Tests.CustomerCareFase3"/>
        <method signature="CustomerCareFase3.TS38484_360_View_Historial_de_Recargas_Pre_pago_Filtros_Filtro_Fecha_Fecha_menor_a_fecha_actual()[pri:0, instance:Tests.CustomerCareFase3@3e9b1010]" name="TS38484_360_View_Historial_de_Recargas_Pre_pago_Filtros_Filtro_Fecha_Fecha_menor_a_fecha_actual" class="Tests.CustomerCareFase3"/>
        <method signature="CustomerCareFase3.TS38485_360_View_Historial_de_Recargas_Pre_pago_Filtros_Filtro_Fecha_Fecha_igual_a_fecha_actual()[pri:0, instance:Tests.CustomerCareFase3@3e9b1010]" name="TS38485_360_View_Historial_de_Recargas_Pre_pago_Filtros_Filtro_Fecha_Fecha_igual_a_fecha_actual" class="Tests.CustomerCareFase3"/>
        <method signature="CustomerCareFase3.TS38486_360_View_Historial_de_Recargas_Pre_pago_Filtros_Filtro_Fecha_Fecha_mayor_a_fecha_actual()[pri:0, instance:Tests.CustomerCareFase3@3e9b1010]" name="TS38486_360_View_Historial_de_Recargas_Pre_pago_Filtros_Filtro_Fecha_Fecha_mayor_a_fecha_actual" class="Tests.CustomerCareFase3"/>
        <method signature="CustomerCareFase3.TS38489_360_View_Historial_de_Recargas_Pre_pago_Filtros_Filtro_Fecha_Fecha_Hasta_y_Fecha_desde_dentro_de_90_días()[pri:0, instance:Tests.CustomerCareFase3@3e9b1010]" name="TS38489_360_View_Historial_de_Recargas_Pre_pago_Filtros_Filtro_Fecha_Fecha_Hasta_y_Fecha_desde_dentro_de_90_días" class="Tests.CustomerCareFase3"/>
        <method signature="CustomerCareFase3.TS38490_360_View_Historial_de_Recargas_Pre_pago_Filtros_Filtro_Fecha_Fecha_Hasta_y_Fecha_desde_fuera_de_90_días()[pri:0, instance:Tests.CustomerCareFase3@3e9b1010]" name="TS38490_360_View_Historial_de_Recargas_Pre_pago_Filtros_Filtro_Fecha_Fecha_Hasta_y_Fecha_desde_fuera_de_90_días" class="Tests.CustomerCareFase3"/>
        <method signature="CustomerCareFase3.TS38493_360_View_Historial_de_Recargas_Pre_pago_Filtros_Filtro_Canal_Rol()[pri:0, instance:Tests.CustomerCareFase3@3e9b1010]" name="TS38493_360_View_Historial_de_Recargas_Pre_pago_Filtros_Filtro_Canal_Rol" class="Tests.CustomerCareFase3"/>
        <method signature="CustomerCareFase3.TS38494_360_View_Historial_de_Recargas_Pre_pago_Filtros_Filtro_Canal_WEB()[pri:0, instance:Tests.CustomerCareFase3@3e9b1010]" name="TS38494_360_View_Historial_de_Recargas_Pre_pago_Filtros_Filtro_Canal_WEB" class="Tests.CustomerCareFase3"/>
        <method signature="CustomerCareFase3.TS38495_360_View_Historial_de_Recargas_Pre_pago_Filtros_Filtro_Canal_SMS()[pri:0, instance:Tests.CustomerCareFase3@3e9b1010]" name="TS38495_360_View_Historial_de_Recargas_Pre_pago_Filtros_Filtro_Canal_SMS" class="Tests.CustomerCareFase3"/>
        <method signature="CustomerCareFase3.TS38496_360_View_Historial_de_Recargas_Pre_pago_Filtros_Filtro_Canal_IVR()[pri:0, instance:Tests.CustomerCareFase3@3e9b1010]" name="TS38496_360_View_Historial_de_Recargas_Pre_pago_Filtros_Filtro_Canal_IVR" class="Tests.CustomerCareFase3"/>
        <method signature="CustomerCareFase3.TS38497_360_View_Historial_de_Recargas_Pre_pago_Filtros_Filtro_Canal_TODOS()[pri:0, instance:Tests.CustomerCareFase3@3e9b1010]" name="TS38497_360_View_Historial_de_Recargas_Pre_pago_Filtros_Filtro_Canal_TODOS" class="Tests.CustomerCareFase3"/>
[...]
	at sun.reflect.NativeMethodAccessorImpl.invoke(Unknown Source)
	at sun.reflect.DelegatingMethodAccessorImpl.invoke(Unknown Source)
	at java.lang.reflect.Method.invoke(Unknown Source)
	at org.testng.internal.MethodInvocationHelper.invokeMethod(MethodInvocationHelper.java:108)
	at org.testng.internal.Invoker.invokeMethod(Invoker.java:661)
	at org.testng.internal.Invoker.invokeTestMethod(Invoker.java:869)
	at org.testng.internal.Invoker.invokeTestMethods(Invoker.java:1193)
	at org.testng.internal.TestMethodWorker.invokeTestMethods(TestMethodWorker.java:126)
	at org.testng.internal.TestMethodWorker.run(TestMethodWorker.java:109)
	at java.util.concurrent.ThreadPoolExecutor.runWorker(Unknown Source)
	at java.util.concurrent.ThreadPoolExecutor$Worker.run(Unknown Source)
	at java.lang.Thread.run(Unknown Source)
]]>
            </full-stacktrace>
          </exception> <!-- java.lang.IndexOutOfBoundsException -->
          <reporter-output>
          </reporter-output>
        </test-method> <!-- TS7085_DeleteCasesAdminRestrictedMessage -->
        <test-method status="PASS" signature="alert()[pri:0, instance:Tests.CustomerCareCaseManagement@5abca1e0]" name="alert" is-config="true" duration-ms="7223" started-at="2017-11-30T23:01:59Z" finished-at="2017-11-30T23:02:06Z">
          <reporter-output>
          </reporter-output>
        </test-method> <!-- alert -->
        <test-method status="PASS" signature="mainSteup()[pri:0, instance:Tests.CustomerCareCaseManagement@5abca1e0]" name="mainSteup" is-config="true" duration-ms="43483" started-at="2017-11-30T23:02:06Z" finished-at="2017-11-30T23:02:49Z">
          <reporter-output>
          </reporter-output>
        </test-method> <!-- mainSteup -->
        <test-method status="PASS" signature="TS7088_CaseRelatedFieldsValuesType()[pri:0, instance:Tests.CustomerCareCaseManagement@5abca1e0]" name="TS7088_CaseRelatedFieldsValuesType" duration-ms="10238" started-at="2017-11-30T23:02:49Z" finished-at="2017-11-30T23:03:00Z">
          <reporter-output>
          </reporter-output>
        </test-method> <!-- TS7088_CaseRelatedFieldsValuesType -->
        <test-method status="PASS" signature="alert()[pri:0, instance:Tests.CustomerCareCaseManagement@5abca1e0]" name="alert" is-config="true" duration-ms="6664" started-at="2017-11-30T23:03:00Z" finished-at="2017-11-30T23:03:06Z">
          <reporter-output>
          </reporter-output>
        </test-method> <!-- alert -->
        <test-method status="PASS" signature="mainSteup()[pri:0, instance:Tests.CustomerCareCaseManagement@5abca1e0]" name="mainSteup" is-config="true" duration-ms="43194" started-at="2017-11-30T23:03:06Z" finished-at="2017-11-30T23:03:49Z">
          <reporter-output>
          </reporter-output>
        </test-method> <!-- mainSteup -->
        <test-method status="PASS" signature="TS7090_CaseRelatedFieldsValuesSubArea()[pri:0, instance:Tests.CustomerCareCaseManagement@5abca1e0]" name="TS7090_CaseRelatedFieldsValuesSubArea" duration-ms="10303" started-at="2017-11-30T23:03:49Z" finished-at="2017-11-30T23:04:00Z">
          <reporter-output>
          </reporter-output>
        </test-method> <!-- TS7090_CaseRelatedFieldsValuesSubArea -->
        <test-method status="PASS" signature="alert()[pri:0, instance:Tests.CustomerCareCaseManagement@5abca1e0]" name="alert" is-config="true" duration-ms="6882" started-at="2017-11-30T23:04:00Z" finished-at="2017-11-30T23:04:07Z">
          <reporter-output>
          </reporter-output>
        </test-method> <!-- alert -->
        <test-method status="PASS" signature="mainSteup()[pri:0, instance:Tests.CustomerCareCaseManagement@5abca1e0]" name="mainSteup" is-config="true" duration-ms="45896" started-at="2017-11-30T23:04:07Z" finished-at="2017-11-30T23:04:53Z">
          <reporter-output>
          </reporter-output>
        </test-method> <!-- mainSteup -->
        <test-method status="FAIL" signature="TS7092_Case_Related_Field_Valores_del_Canal_de_inicio()[pri:0, instance:Tests.CustomerCareCaseManagement@5abca1e0]" name="TS7092_Case_Related_Field_Valores_del_Canal_de_inicio" duration-ms="10067" started-at="2017-11-30T23:04:53Z" finished-at="2017-11-30T23:05:03Z">
          <exception class="org.openqa.selenium.NoSuchElementException">
            <message>
              <![CDATA[no such element: Unable to locate element: {"method":"id","selector":"cas11"}
  (Session info: chrome=62.0.3202.94)
  (Driver info: chromedriver=2.30.477700 (0057494ad8732195794a7b32078424f92a5fce41),platform=Windows NT 10.0.15063 x86_64) (WARNING: The server did not provide any stacktrace information)
Command duration or timeout: 21 milliseconds
For documentation on this error, please visit: http://seleniumhq.org/exceptions/no_such_element.html
Build info: version: '3.4.0', revision: 'unknown', time: 'unknown'
System info: host: 'LAPTOP-ADMPVVC9', ip: '10.112.4.196', os.name: 'Windows 10', os.arch: 'amd64', os.version: '10.0', java.version: '1.8.0_131'
Driver info: org.openqa.selenium.chrome.ChromeDriver
Capabilities [{applicationCacheEnabled=false, rotatable=false, mobileEmulationEnabled=false, networkConnectionEnabled=false, chrome={chromedriverVersion=2.30.477700 (0057494ad8732195794a7b32078424f92a5fce41), userDataDir=C:\Users\pablo\AppData\Local\Temp\scoped_dir1280_20351}, takesHeapSnapshot=true, pageLoadStrategy=normal, databaseEnabled=false, handlesAlerts=true, hasTouchScreen=false, version=62.0.3202.94, platform=XP, browserConnectionEnabled=false, nativeEvents=true, acceptSslCerts=true, locationContextEnabled=true, webStorageEnabled=true, browserName=chrome, takesScreenshot=true, javascriptEnabled=true, cssSelectorsEnabled=true, unexpectedAlertBehaviour=}]
Session ID: 0021f33795f039e345a6f653d605deda
*** Element info: {Using=id, value=cas11}]]>
            </message>
            <full-stacktrace>
              <![CDATA[org.openqa.selenium.NoSuchElementException: no such element: Unable to locate element: {"method":"id","selector":"cas11"}
  (Session info: chrome=62.0.3202.94)
  (Driver info: chromedriver=2.30.477700 (0057494ad8732195794a7b32078424f92a5fce41),platform=Windows NT 10.0.15063 x86_64) (WARNING: The server did not provide any stacktrace information)
Command duration or timeout: 21 milliseconds
For documentation on this error, please visit: http://seleniumhq.org/exceptions/no_such_element.html
Build info: version: '3.4.0', revision: 'unknown', time: 'unknown'
System info: host: 'LAPTOP-ADMPVVC9', ip: '10.112.4.196', os.name: 'Windows 10', os.arch: 'amd64', os.version: '10.0', java.version: '1.8.0_131'
Driver info: org.openqa.selenium.chrome.ChromeDriver
Capabilities [{applicationCacheEnabled=false, rotatable=false, mobileEmulationEnabled=false, networkConnectionEnabled=false, chrome={chromedriverVersion=2.30.477700 (0057494ad8732195794a7b32078424f92a5fce41), userDataDir=C:\Users\pablo\AppData\Local\Temp\scoped_dir1280_20351}, takesHeapSnapshot=true, pageLoadStrategy=normal, databaseEnabled=false, handlesAlerts=true, hasTouchScreen=false, version=62.0.3202.94, platform=XP, browserConnectionEnabled=false, nativeEvents=true, acceptSslCerts=true, locationContextEnabled=true, webStorageEnabled=true, browserName=chrome, takesScreenshot=true, javascriptEnabled=true, cssSelectorsEnabled=true, unexpectedAlertBehaviour=}]
Session ID: 0021f33795f039e345a6f653d605deda
*** Element info: {Using=id, value=cas11}
	at sun.reflect.NativeConstructorAccessorImpl.newInstance0(Native Method)
	at sun.reflect.NativeConstructorAccessorImpl.newInstance(Unknown Source)
	at sun.reflect.DelegatingConstructorAccessorImpl.newInstance(Unknown Source)
	at java.lang.reflect.Constructor.newInstance(Unknown Source)
	at org.openqa.selenium.remote.ErrorHandler.createThrowable(ErrorHandler.java:215)
	at org.openqa.selenium.remote.ErrorHandler.throwIfResponseFailed(ErrorHandler.java:167)
	at org.openqa.selenium.remote.RemoteWebDriver.execute(RemoteWebDriver.java:671)
	at org.openqa.selenium.remote.RemoteWebDriver.findElement(RemoteWebDriver.java:410)
	at org.openqa.selenium.remote.RemoteWebDriver.findElementById(RemoteWebDriver.java:453)
	at org.openqa.selenium.By$ById.findElement(By.java:218)
	at org.openqa.selenium.remote.RemoteWebDriver.findElement(RemoteWebDriver.java:402)
	at Pages.CasePage.FieldsValuesinicio(CasePage.java:317)
	at Tests.CustomerCareCaseManagement.TS7092_Case_Related_Field_Valores_del_Canal_de_inicio(CustomerCareCaseManagement.java:254)
	at sun.reflect.NativeMethodAccessorImpl.invoke0(Native Method)
	at sun.reflect.NativeMethodAccessorImpl.invoke(Unknown Source)
	at sun.reflect.DelegatingMethodAccessorImpl.invoke(Unknown Source)
	at java.lang.reflect.Method.invoke(Unknown Source)
	at org.testng.internal.MethodInvocationHelper.invokeMethod(MethodInvocationHelper.java:108)
	at org.testng.internal.Invoker.invokeMethod(Invoker.java:661)
	at org.testng.internal.Invoker.invokeTestMethod(Invoker.java:869)
	at org.testng.internal.Invoker.invokeTestMethods(Invoker.java:1193)
	at org.testng.internal.TestMethodWorker.invokeTestMethods(TestMethodWorker.java:126)
	at org.testng.internal.TestMethodWorker.run(TestMethodWorker.java:109)
	at java.util.concurrent.ThreadPoolExecutor.runWorker(Unknown Source)
	at java.util.concurrent.ThreadPoolExecutor$Worker.run(Unknown Source)
	at java.lang.Thread.run(Unknown Source)
]]>
            </full-stacktrace>
          </exception> <!-- org.openqa.selenium.NoSuchElementException -->
          <reporter-output>
          </reporter-output>
        </test-method> <!-- TS7092_Case_Related_Field_Valores_del_Canal_de_inicio -->
        <test-method status="PASS" signature="alert()[pri:0, instance:Tests.CustomerCareCaseManagement@5abca1e0]" name="alert" is-config="true" duration-ms="7017" started-at="2017-11-30T23:05:03Z" finished-at="2017-11-30T23:05:10Z">
          <reporter-output>
          </reporter-output>
        </test-method> <!-- alert -->
        <test-method status="PASS" signature="mainSteup()[pri:0, instance:Tests.CustomerCareCaseManagement@5abca1e0]" name="mainSteup" is-config="true" duration-ms="43288" started-at="2017-11-30T23:05:10Z" finished-at="2017-11-30T23:05:53Z">
          <reporter-output>
          </reporter-output>
        </test-method> <!-- mainSteup -->
        <test-method status="FAIL" signature="TS7193_CaseRelatedFieldsValuesCanalClosing()[pri:0, instance:Tests.CustomerCareCaseManagement@5abca1e0]" name="TS7193_CaseRelatedFieldsValuesCanalClosing" duration-ms="10103" started-at="2017-11-30T23:05:53Z" finished-at="2017-11-30T23:06:03Z">
          <exception class="org.openqa.selenium.NoSuchElementException">
            <message>
              <![CDATA[no such element: Unable to locate element: {"method":"id","selector":"00Nc0000001pWcr"}
  (Session info: chrome=62.0.3202.94)
  (Driver info: chromedriver=2.30.477700 (0057494ad8732195794a7b32078424f92a5fce41),platform=Windows NT 10.0.15063 x86_64) (WARNING: The server did not provide any stacktrace information)
Command duration or timeout: 24 milliseconds
For documentation on this error, please visit: http://seleniumhq.org/exceptions/no_such_element.html
Build info: version: '3.4.0', revision: 'unknown', time: 'unknown'
System info: host: 'LAPTOP-ADMPVVC9', ip: '10.112.4.196', os.name: 'Windows 10', os.arch: 'amd64', os.version: '10.0', java.version: '1.8.0_131'
Driver info: org.openqa.selenium.chrome.ChromeDriver
Capabilities [{applicationCacheEnabled=false, rotatable=false, mobileEmulationEnabled=false, networkConnectionEnabled=false, chrome={chromedriverVersion=2.30.477700 (0057494ad8732195794a7b32078424f92a5fce41), userDataDir=C:\Users\pablo\AppData\Local\Temp\scoped_dir1280_20351}, takesHeapSnapshot=true, pageLoadStrategy=normal, databaseEnabled=false, handlesAlerts=true, hasTouchScreen=false, version=62.0.3202.94, platform=XP, browserConnectionEnabled=false, nativeEvents=true, acceptSslCerts=true, locationContextEnabled=true, webStorageEnabled=true, browserName=chrome, takesScreenshot=true, javascriptEnabled=true, cssSelectorsEnabled=true, unexpectedAlertBehaviour=}]
Session ID: 0021f33795f039e345a6f653d605deda
*** Element info: {Using=id, value=00Nc0000001pWcr}]]>
            </message>
            <full-stacktrace>
              <![CDATA[org.openqa.selenium.NoSuchElementException: no such element: Unable to locate element: {"method":"id","selector":"00Nc0000001pWcr"}
  (Session info: chrome=62.0.3202.94)
  (Driver info: chromedriver=2.30.477700 (0057494ad8732195794a7b32078424f92a5fce41),platform=Windows NT 10.0.15063 x86_64) (WARNING: The server did not provide any stacktrace information)
Command duration or timeout: 24 milliseconds
For documentation on this error, please visit: http://seleniumhq.org/exceptions/no_such_element.html
Build info: version: '3.4.0', revision: 'unknown', time: 'unknown'
System info: host: 'LAPTOP-ADMPVVC9', ip: '10.112.4.196', os.name: 'Windows 10', os.arch: 'amd64', os.version: '10.0', java.version: '1.8.0_131'
Driver info: org.openqa.selenium.chrome.ChromeDriver
Capabilities [{applicationCacheEnabled=false, rotatable=false, mobileEmulationEnabled=false, networkConnectionEnabled=false, chrome={chromedriverVersion=2.30.477700 (0057494ad8732195794a7b32078424f92a5fce41), userDataDir=C:\Users\pablo\AppData\Local\Temp\scoped_dir1280_20351}, takesHeapSnapshot=true, pageLoadStrategy=normal, databaseEnabled=false, handlesAlerts=true, hasTouchScreen=false, version=62.0.3202.94, platform=XP, browserConnectionEnabled=false, nativeEvents=true, acceptSslCerts=true, locationContextEnabled=true, webStorageEnabled=true, browserName=chrome, takesScreenshot=true, javascriptEnabled=true, cssSelectorsEnabled=true, unexpectedAlertBehaviour=}]
Session ID: 0021f33795f039e345a6f653d605deda
*** Element info: {Using=id, value=00Nc0000001pWcr}
	at sun.reflect.GeneratedConstructorAccessor19.newInstance(Unknown Source)
	at sun.reflect.DelegatingConstructorAccessorImpl.newInstance(Unknown Source)
	at java.lang.reflect.Constructor.newInstance(Unknown Source)
	at org.openqa.selenium.remote.ErrorHandler.createThrowable(ErrorHandler.java:215)
	at org.openqa.selenium.remote.ErrorHandler.throwIfResponseFailed(ErrorHandler.java:167)
	at org.openqa.selenium.remote.RemoteWebDriver.execute(RemoteWebDriver.java:671)
	at org.openqa.selenium.remote.RemoteWebDriver.findElement(RemoteWebDriver.java:410)
	at org.openqa.selenium.remote.RemoteWebDriver.findElementById(RemoteWebDriver.java:453)
	at org.openqa.selenium.By$ById.findElement(By.java:218)
	at org.openqa.selenium.remote.RemoteWebDriver.findElement(RemoteWebDriver.java:402)
	at Pages.CasePage.ValidChannelClosing(CasePage.java:267)
	at Tests.CustomerCareCaseManagement.TS7193_CaseRelatedFieldsValuesCanalClosing(CustomerCareCaseManagement.java:129)
	at sun.reflect.NativeMethodAccessorImpl.invoke0(Native Method)
	at sun.reflect.NativeMethodAccessorImpl.invoke(Unknown Source)
	at sun.reflect.DelegatingMethodAccessorImpl.invoke(Unknown Source)
	at java.lang.reflect.Method.invoke(Unknown Source)
	at org.testng.internal.MethodInvocationHelper.invokeMethod(MethodInvocationHelper.java:108)
	at org.testng.internal.Invoker.invokeMethod(Invoker.java:661)
	at org.testng.internal.Invoker.invokeTestMethod(Invoker.java:869)
	at org.testng.internal.Invoker.invokeTestMethods(Invoker.java:1193)
	at org.testng.internal.TestMethodWorker.invokeTestMethods(TestMethodWorker.java:126)
	at org.testng.internal.TestMethodWorker.run(TestMethodWorker.java:109)
	at java.util.concurrent.ThreadPoolExecutor.runWorker(Unknown Source)
	at java.util.concurrent.ThreadPoolExecutor$Worker.run(Unknown Source)
	at java.lang.Thread.run(Unknown Source)
]]>
            </full-stacktrace>
          </exception> <!-- org.openqa.selenium.NoSuchElementException -->
          <reporter-output>
          </reporter-output>
        </test-method> <!-- TS7193_CaseRelatedFieldsValuesCanalClosing -->
        <test-method status="PASS" signature="alert()[pri:0, instance:Tests.CustomerCareCaseManagement@5abca1e0]" name="alert" is-config="true" duration-ms="7024" started-at="2017-11-30T23:06:03Z" finished-at="2017-11-30T23:06:10Z">
          <reporter-output>
          </reporter-output>
        </test-method> <!-- alert -->
        <test-method status="PASS" signature="mainSteup()[pri:0, instance:Tests.CustomerCareCaseManagement@5abca1e0]" name="mainSteup" is-config="true" duration-ms="43706" started-at="2017-11-30T23:06:10Z" finished-at="2017-11-30T23:06:54Z">
          <reporter-output>
          </reporter-output>
        </test-method> <!-- mainSteup -->
        <test-method status="PASS" signature="TS7195_CaseRelatedCreateValuesCheck()[pri:0, instance:Tests.CustomerCareCaseManagement@5abca1e0]" name="TS7195_CaseRelatedCreateValuesCheck" duration-ms="10230" started-at="2017-11-30T23:06:54Z" finished-at="2017-11-30T23:07:04Z">
          <reporter-output>
          </reporter-output>
        </test-method> <!-- TS7195_CaseRelatedCreateValuesCheck -->
        <test-method status="PASS" signature="alert()[pri:0, instance:Tests.CustomerCareCaseManagement@5abca1e0]" name="alert" is-config="true" duration-ms="7288" started-at="2017-11-30T23:07:04Z" finished-at="2017-11-30T23:07:11Z">
          <reporter-output>
          </reporter-output>
        </test-method> <!-- alert -->
        <test-method status="PASS" signature="mainSteup()[pri:0, instance:Tests.CustomerCareCaseManagement@5abca1e0]" name="mainSteup" is-config="true" duration-ms="43410" started-at="2017-11-30T23:07:11Z" finished-at="2017-11-30T23:07:55Z">
          <reporter-output>
          </reporter-output>
        </test-method> <!-- mainSteup -->
        <test-method status="PASS" signature="TS7198_Estados_de_la_Entidad_Caso_Visualizar_picklist_Estado()[pri:0, instance:Tests.CustomerCareCaseManagement@5abca1e0]" name="TS7198_Estados_de_la_Entidad_Caso_Visualizar_picklist_Estado" duration-ms="10140" started-at="2017-11-30T23:07:55Z" finished-at="2017-11-30T23:08:05Z">
          <reporter-output>
          </reporter-output>
        </test-method> <!-- TS7198_Estados_de_la_Entidad_Caso_Visualizar_picklist_Estado -->
        <test-method status="PASS" signature="alert()[pri:0, instance:Tests.CustomerCareCaseManagement@5abca1e0]" name="alert" is-config="true" duration-ms="6799" started-at="2017-11-30T23:08:05Z" finished-at="2017-11-30T23:08:12Z">
          <reporter-output>
          </reporter-output>
        </test-method> <!-- alert -->
        <test-method status="PASS" signature="mainSteup()[pri:0, instance:Tests.CustomerCareCaseManagement@5abca1e0]" name="mainSteup" is-config="true" duration-ms="44861" started-at="2017-11-30T23:08:12Z" finished-at="2017-11-30T23:08:56Z">
          <reporter-output>
          </reporter-output>
        </test-method> <!-- mainSteup -->
        <test-method status="PASS" signature="TS7212_Case_Management_Detalles_del_caso_Descripcion()[pri:0, instance:Tests.CustomerCareCaseManagement@5abca1e0]" name="TS7212_Case_Management_Detalles_del_caso_Descripcion" duration-ms="71" started-at="2017-11-30T23:08:56Z" finished-at="2017-11-30T23:08:57Z">
          <reporter-output>
          </reporter-output>
        </test-method> <!-- TS7212_Case_Management_Detalles_del_caso_Descripcion -->
        <test-method status="PASS" signature="alert()[pri:0, instance:Tests.CustomerCareCaseManagement@5abca1e0]" name="alert" is-config="true" duration-ms="7390" started-at="2017-11-30T23:08:57Z" finished-at="2017-11-30T23:09:04Z">
          <reporter-output>
          </reporter-output>
        </test-method> <!-- alert -->
        <test-method status="PASS" signature="tearDown()[pri:0, instance:Tests.CustomerCareCaseManagement@5abca1e0]" name="tearDown" is-config="true" duration-ms="2959" started-at="2017-11-30T23:09:04Z" finished-at="2017-11-30T23:09:07Z">
          <reporter-output>
          </reporter-output>
        </test-method> <!-- tearDown -->
      </class> <!-- Tests.CustomerCareCaseManagement -->
    </test> <!-- Test -->
  </suite> <!-- Suite -->
</testng-results>
