<?xml version="1.0" encoding="UTF-8"?>
<testng-results skipped="0" failed="0" ignored="25" total="26" passed="1">
  <reporter-output>
  </reporter-output>
  <suite name="Default suite" duration-ms="668702" started-at="2018-08-29T15:47:59Z" finished-at="2018-08-29T15:59:08Z">
    <groups>
      <group name="GestionesPerfilOficina">
        <method signature="GestionesPerfilOficina.TS_98599_CRM_Movil_REPRO_Rehabilitacion_Administrativo_Fraude_DNI(java.lang.String)[pri:0, instance:Tests.GestionesPerfilOficina@43bd930a]" name="TS_98599_CRM_Movil_REPRO_Rehabilitacion_Administrativo_Fraude_DNI" class="Tests.GestionesPerfilOficina"/>
      </group> <!-- GestionesPerfilOficina -->
      <group name="Habilitacion">
        <method signature="GestionesPerfilOficina.TS_98599_CRM_Movil_REPRO_Rehabilitacion_Administrativo_Fraude_DNI(java.lang.String)[pri:0, instance:Tests.GestionesPerfilOficina@43bd930a]" name="TS_98599_CRM_Movil_REPRO_Rehabilitacion_Administrativo_Fraude_DNI" class="Tests.GestionesPerfilOficina"/>
      </group> <!-- Habilitacion -->
    </groups>
    <test name="Default test" duration-ms="668702" started-at="2018-08-29T15:47:59Z" finished-at="2018-08-29T15:59:08Z">
      <class name="Tests.GestionesPerfilOficina">
        <test-method status="PASS" signature="init()[pri:0, instance:Tests.GestionesPerfilOficina@43bd930a]" name="init" is-config="true" duration-ms="389250" started-at="2018-08-29T15:47:59Z" finished-at="2018-08-29T15:54:28Z">
          <reporter-output>
          </reporter-output>
        </test-method> <!-- init -->
        <test-method status="PASS" signature="TS_98599_CRM_Movil_REPRO_Rehabilitacion_Administrativo_Fraude_DNI(java.lang.String)[pri:0, instance:Tests.GestionesPerfilOficina@43bd930a]" name="TS_98599_CRM_Movil_REPRO_Rehabilitacion_Administrativo_Fraude_DNI" duration-ms="278724" started-at="2018-08-29T15:54:29Z" data-provider="CuentaHabilitacion" finished-at="2018-08-29T15:59:08Z">
          <params>
            <param index="0">
              <value>
                <![CDATA[35653982]]>
              </value>
            </param>
          </params>
          <reporter-output>
          </reporter-output>
        </test-method> <!-- TS_98599_CRM_Movil_REPRO_Rehabilitacion_Administrativo_Fraude_DNI -->
      </class> <!-- Tests.GestionesPerfilOficina -->
    </test> <!-- Default test -->
  </suite> <!-- Default suite -->
</testng-results>
