<?xml version="1.0" encoding="UTF-8"?>
<testng-results skipped="0" failed="1" ignored="4" total="5" passed="0">
  <reporter-output>
  </reporter-output>
  <suite name="Default suite" duration-ms="400290" started-at="2018-08-09T19:19:56Z" finished-at="2018-08-09T19:26:36Z">
    <groups>
      <group name="Sales">
        <method signature="GestionesPerfilOficina.TS_CRM_Nominacion_Argentino(java.lang.String, java.lang.String, java.lang.String, java.lang.String, java.lang.String, java.lang.String, java.lang.String, java.lang.String)[pri:0, instance:Tests.GestionesPerfilOficina@5891e32e]" name="TS_CRM_Nominacion_Argentino" class="Tests.GestionesPerfilOficina"/>
      </group> <!-- Sales -->
      <group name="PreparacionNominacion">
        <method signature="GestionesPerfilOficina.TS_CRM_Nominacion_Argentino(java.lang.String, java.lang.String, java.lang.String, java.lang.String, java.lang.String, java.lang.String, java.lang.String, java.lang.String)[pri:0, instance:Tests.GestionesPerfilOficina@5891e32e]" name="TS_CRM_Nominacion_Argentino" class="Tests.GestionesPerfilOficina"/>
      </group> <!-- PreparacionNominacion -->
    </groups>
    <test name="Default test" duration-ms="400290" started-at="2018-08-09T19:19:56Z" finished-at="2018-08-09T19:26:36Z">
      <class name="Tests.GestionesPerfilOficina">
        <test-method status="PASS" signature="init()[pri:0, instance:Tests.GestionesPerfilOficina@5891e32e]" name="init" is-config="true" duration-ms="388641" started-at="2018-08-09T19:19:56Z" finished-at="2018-08-09T19:26:24Z">
          <reporter-output>
          </reporter-output>
        </test-method> <!-- init -->
        <test-method status="FAIL" signature="TS_CRM_Nominacion_Argentino(java.lang.String, java.lang.String, java.lang.String, java.lang.String, java.lang.String, java.lang.String, java.lang.String, java.lang.String)[pri:0, instance:Tests.GestionesPerfilOficina@5891e32e]" name="TS_CRM_Nominacion_Argentino" duration-ms="10695" started-at="2018-08-09T19:26:25Z" data-provider="DatosSalesNominacion" finished-at="2018-08-09T19:26:36Z">
          <params>
            <param index="0">
              <value>
                <![CDATA[Cliente Wholesale]]>
              </value>
            </param>
            <param index="1">
              <value>
                <![CDATA[543416876777]]>
              </value>
            </param>
            <param index="2">
              <value>
                <![CDATA[52486595]]>
              </value>
            </param>
            <param index="3">
              <value>
                <![CDATA[Malan]]>
              </value>
            </param>
            <param index="4">
              <value>
                <![CDATA[Fareto]]>
              </value>
            </param>
            <param index="5">
              <value>
                <![CDATA[Masculino]]>
              </value>
            </param>
            <param index="6">
              <value>
                <![CDATA[08/08/1992]]>
              </value>
            </param>
            <param index="7">
              <value>
                <![CDATA[malannominacion@gmail.com]]>
              </value>
            </param>
          </params>
          <exception class="org.openqa.selenium.NoSuchElementException">
            <message>
              <![CDATA[no such element: Unable to locate element: {"method":"tag name","selector":"tr"}
  (Session info: chrome=68.0.3440.84)
  (Driver info: chromedriver=2.37.544315 (730aa6a5fdba159ac9f4c1e8cbc59bf1b5ce12b7),platform=Windows NT 10.0.17134 x86_64) (WARNING: The server did not provide any stacktrace information)
Command duration or timeout: 16 milliseconds
For documentation on this error, please visit: http://seleniumhq.org/exceptions/no_such_element.html
Build info: version: 'unknown', revision: 'unknown', time: 'unknown'
System info: host: 'QUELYS', ip: '10.112.5.135', os.name: 'Windows 10', os.arch: 'amd64', os.version: '10.0', java.version: '1.8.0_171'
Driver info: org.openqa.selenium.chrome.ChromeDriver
Capabilities [{applicationCacheEnabled=false, rotatable=false, mobileEmulationEnabled=false, networkConnectionEnabled=false, chrome={chromedriverVersion=2.37.544315 (730aa6a5fdba159ac9f4c1e8cbc59bf1b5ce12b7), userDataDir=C:\Users\pablo\AppData\Local\Temp\scoped_dir1744_796}, takesHeapSnapshot=true, pageLoadStrategy=normal, databaseEnabled=false, handlesAlerts=true, hasTouchScreen=false, version=68.0.3440.84, platform=XP, browserConnectionEnabled=false, nativeEvents=true, acceptSslCerts=false, acceptInsecureCerts=false, locationContextEnabled=true, webStorageEnabled=true, browserName=chrome, takesScreenshot=true, javascriptEnabled=true, cssSelectorsEnabled=true, setWindowRect=true, unexpectedAlertBehaviour=}]
Session ID: 60e8ee5e801f3490feb2cb3055660eab
*** Element info: {Using=tag name, value=tr}]]>
            </message>
            <full-stacktrace>
              <![CDATA[org.openqa.selenium.NoSuchElementException: no such element: Unable to locate element: {"method":"tag name","selector":"tr"}
  (Session info: chrome=68.0.3440.84)
  (Driver info: chromedriver=2.37.544315 (730aa6a5fdba159ac9f4c1e8cbc59bf1b5ce12b7),platform=Windows NT 10.0.17134 x86_64) (WARNING: The server did not provide any stacktrace information)
Command duration or timeout: 16 milliseconds
For documentation on this error, please visit: http://seleniumhq.org/exceptions/no_such_element.html
Build info: version: 'unknown', revision: 'unknown', time: 'unknown'
System info: host: 'QUELYS', ip: '10.112.5.135', os.name: 'Windows 10', os.arch: 'amd64', os.version: '10.0', java.version: '1.8.0_171'
Driver info: org.openqa.selenium.chrome.ChromeDriver
Capabilities [{applicationCacheEnabled=false, rotatable=false, mobileEmulationEnabled=false, networkConnectionEnabled=false, chrome={chromedriverVersion=2.37.544315 (730aa6a5fdba159ac9f4c1e8cbc59bf1b5ce12b7), userDataDir=C:\Users\pablo\AppData\Local\Temp\scoped_dir1744_796}, takesHeapSnapshot=true, pageLoadStrategy=normal, databaseEnabled=false, handlesAlerts=true, hasTouchScreen=false, version=68.0.3440.84, platform=XP, browserConnectionEnabled=false, nativeEvents=true, acceptSslCerts=false, acceptInsecureCerts=false, locationContextEnabled=true, webStorageEnabled=true, browserName=chrome, takesScreenshot=true, javascriptEnabled=true, cssSelectorsEnabled=true, setWindowRect=true, unexpectedAlertBehaviour=}]
Session ID: 60e8ee5e801f3490feb2cb3055660eab
*** Element info: {Using=tag name, value=tr}
at sun.reflect.NativeConstructorAccessorImpl.newInstance0(Native Method)
at sun.reflect.NativeConstructorAccessorImpl.newInstance(Unknown Source)
at sun.reflect.DelegatingConstructorAccessorImpl.newInstance(Unknown Source)
at java.lang.reflect.Constructor.newInstance(Unknown Source)
at org.openqa.selenium.remote.ErrorHandler.createThrowable(ErrorHandler.java:215)
at org.openqa.selenium.remote.ErrorHandler.throwIfResponseFailed(ErrorHandler.java:167)
at org.openqa.selenium.remote.RemoteWebDriver.execute(RemoteWebDriver.java:671)
at org.openqa.selenium.remote.RemoteWebElement.execute(RemoteWebElement.java:272)
at org.openqa.selenium.remote.RemoteWebElement.findElement(RemoteWebElement.java:175)
at org.openqa.selenium.remote.RemoteWebElement.findElementByTagName(RemoteWebElement.java:264)
at org.openqa.selenium.By$ByTagName.findElement(By.java:334)
at org.openqa.selenium.remote.RemoteWebElement.findElement(RemoteWebElement.java:171)
at Tests.GestionesPerfilOficina.TS_CRM_Nominacion_Argentino(GestionesPerfilOficina.java:214)
at sun.reflect.NativeMethodAccessorImpl.invoke0(Native Method)
at sun.reflect.NativeMethodAccessorImpl.invoke(Unknown Source)
at sun.reflect.DelegatingMethodAccessorImpl.invoke(Unknown Source)
at java.lang.reflect.Method.invoke(Unknown Source)
at org.testng.internal.MethodInvocationHelper.invokeMethod(MethodInvocationHelper.java:124)
at org.testng.internal.Invoker.invokeMethod(Invoker.java:580)
at org.testng.internal.Invoker.invokeTestMethod(Invoker.java:716)
at org.testng.internal.Invoker.invokeTestMethods(Invoker.java:988)
at org.testng.internal.TestMethodWorker.invokeTestMethods(TestMethodWorker.java:125)
at org.testng.internal.TestMethodWorker.run(TestMethodWorker.java:109)
at org.testng.TestRunner.privateRun(TestRunner.java:648)
at org.testng.TestRunner.run(TestRunner.java:505)
at org.testng.SuiteRunner.runTest(SuiteRunner.java:455)
at org.testng.SuiteRunner.runSequentially(SuiteRunner.java:450)
at org.testng.SuiteRunner.privateRun(SuiteRunner.java:415)
at org.testng.SuiteRunner.run(SuiteRunner.java:364)
at org.testng.SuiteRunnerWorker.runSuite(SuiteRunnerWorker.java:52)
at org.testng.SuiteRunnerWorker.run(SuiteRunnerWorker.java:84)
at org.testng.TestNG.runSuitesSequentially(TestNG.java:1208)
at org.testng.TestNG.runSuitesLocally(TestNG.java:1137)
at org.testng.TestNG.runSuites(TestNG.java:1049)
at org.testng.TestNG.run(TestNG.java:1017)
at org.testng.remote.AbstractRemoteTestNG.run(AbstractRemoteTestNG.java:114)
at org.testng.remote.RemoteTestNG.initAndRun(RemoteTestNG.java:251)
at org.testng.remote.RemoteTestNG.main(RemoteTestNG.java:77)
]]>
            </full-stacktrace>
          </exception> <!-- org.openqa.selenium.NoSuchElementException -->
          <reporter-output>
          </reporter-output>
        </test-method> <!-- TS_CRM_Nominacion_Argentino -->
      </class> <!-- Tests.GestionesPerfilOficina -->
    </test> <!-- Default test -->
  </suite> <!-- Default suite -->
</testng-results>
