<?xml version="1.0" encoding="UTF-8"?>
<testng-results skipped="0" failed="0" ignored="60" total="61" passed="1">
  <reporter-output>
  </reporter-output>
  <suite name="Default suite" duration-ms="190937" started-at="2018-02-20T20:16:58Z" finished-at="2018-02-20T20:20:09Z">
    <groups>
      <group name="Sales">
        <method signature="Sales2.TS94501_Alta_Linea_Configurar_Nueva_Linea_Visualizar_filtros_de_localidad_y_provincia_al_modificar_linea_XX()[pri:0, instance:Tests.Sales2@19c0f4a]" name="TS94501_Alta_Linea_Configurar_Nueva_Linea_Visualizar_filtros_de_localidad_y_provincia_al_modificar_linea_XX" class="Tests.Sales2"/>
      </group> <!-- Sales -->
      <group name="AltaDeLinea">
        <method signature="Sales2.TS94501_Alta_Linea_Configurar_Nueva_Linea_Visualizar_filtros_de_localidad_y_provincia_al_modificar_linea_XX()[pri:0, instance:Tests.Sales2@19c0f4a]" name="TS94501_Alta_Linea_Configurar_Nueva_Linea_Visualizar_filtros_de_localidad_y_provincia_al_modificar_linea_XX" class="Tests.Sales2"/>
      </group> <!-- AltaDeLinea -->
      <group name="Ola1">
        <method signature="Sales2.TS94501_Alta_Linea_Configurar_Nueva_Linea_Visualizar_filtros_de_localidad_y_provincia_al_modificar_linea_XX()[pri:0, instance:Tests.Sales2@19c0f4a]" name="TS94501_Alta_Linea_Configurar_Nueva_Linea_Visualizar_filtros_de_localidad_y_provincia_al_modificar_linea_XX" class="Tests.Sales2"/>
      </group> <!-- Ola1 -->
    </groups>
    <test name="Default test" duration-ms="190937" started-at="2018-02-20T20:16:58Z" finished-at="2018-02-20T20:20:09Z">
      <class name="Tests.Sales2">
        <test-method status="PASS" signature="init()[pri:0, instance:Tests.Sales2@19c0f4a]" name="init" is-config="true" duration-ms="36388" started-at="2018-02-20T17:16:58Z" finished-at="2018-02-20T17:17:35Z">
          <reporter-output>
          </reporter-output>
        </test-method> <!-- init -->
        <test-method status="PASS" signature="setup()[pri:0, instance:Tests.Sales2@19c0f4a]" name="setup" is-config="true" duration-ms="27793" started-at="2018-02-20T17:17:35Z" finished-at="2018-02-20T17:18:02Z">
          <reporter-output>
          </reporter-output>
        </test-method> <!-- setup -->
        <test-method status="PASS" signature="TS94501_Alta_Linea_Configurar_Nueva_Linea_Visualizar_filtros_de_localidad_y_provincia_al_modificar_linea_XX()[pri:0, instance:Tests.Sales2@19c0f4a]" name="TS94501_Alta_Linea_Configurar_Nueva_Linea_Visualizar_filtros_de_localidad_y_provincia_al_modificar_linea_XX" duration-ms="126736" started-at="2018-02-20T17:18:02Z" finished-at="2018-02-20T17:20:09Z">
          <reporter-output>
          </reporter-output>
        </test-method> <!-- TS94501_Alta_Linea_Configurar_Nueva_Linea_Visualizar_filtros_de_localidad_y_provincia_al_modificar_linea_XX -->
      </class> <!-- Tests.Sales2 -->
    </test> <!-- Default test -->
  </suite> <!-- Default suite -->
</testng-results>
