<?xml version="1.0" encoding="UTF-8"?>
<testng-results skipped="0" failed="1" ignored="30" total="31" passed="0">
  <reporter-output>
  </reporter-output>
  <suite name="Default suite" duration-ms="78901" started-at="2017-11-30T14:11:47Z" finished-at="2017-11-30T14:13:06Z">
    <groups>
      <group name="Fase2">
        <method signature="Sales.TS14272_Ventas_NumeroOrden_Verificar_Orden_de_Venta_Abierta_Nueva_Venta()[pri:0, instance:Tests.Sales@1efef64]" name="TS14272_Ventas_NumeroOrden_Verificar_Orden_de_Venta_Abierta_Nueva_Venta" class="Tests.Sales"/>
      </group> <!-- Fase2 -->
    </groups>
    <test name="Default test" duration-ms="78901" started-at="2017-11-30T14:11:47Z" finished-at="2017-11-30T14:13:06Z">
      <class name="Tests.Sales">
        <test-method status="PASS" signature="Init()[pri:0, instance:Tests.Sales@1efef64]" name="Init" is-config="true" duration-ms="49108" started-at="2017-11-30T11:11:47Z" finished-at="2017-11-30T11:12:36Z">
          <reporter-output>
          </reporter-output>
        </test-method> <!-- Init -->
        <test-method status="PASS" signature="setup()[pri:0, instance:Tests.Sales@1efef64]" name="setup" is-config="true" duration-ms="29758" started-at="2017-11-30T11:12:36Z" finished-at="2017-11-30T11:13:06Z">
          <reporter-output>
          </reporter-output>
        </test-method> <!-- setup -->
        <test-method status="FAIL" signature="TS14272_Ventas_NumeroOrden_Verificar_Orden_de_Venta_Abierta_Nueva_Venta()[pri:0, instance:Tests.Sales@1efef64]" name="TS14272_Ventas_NumeroOrden_Verificar_Orden_de_Venta_Abierta_Nueva_Venta" duration-ms="10" started-at="2017-11-30T11:13:06Z" finished-at="2017-11-30T11:13:06Z">
          <exception class="java.lang.AssertionError">
            <message>
              <![CDATA[expected [true] but found [false]]]>
            </message>
            <full-stacktrace>
              <![CDATA[java.lang.AssertionError: expected [true] but found [false]
	at org.testng.Assert.fail(Assert.java:93)
	at org.testng.Assert.failNotEquals(Assert.java:512)
	at org.testng.Assert.assertTrue(Assert.java:41)
	at org.testng.Assert.assertTrue(Assert.java:51)
	at Tests.Sales.TS14272_Ventas_NumeroOrden_Verificar_Orden_de_Venta_Abierta_Nueva_Venta(Sales.java:144)
	at sun.reflect.NativeMethodAccessorImpl.invoke0(Native Method)
	at sun.reflect.NativeMethodAccessorImpl.invoke(Unknown Source)
	at sun.reflect.DelegatingMethodAccessorImpl.invoke(Unknown Source)
	at java.lang.reflect.Method.invoke(Unknown Source)
	at org.testng.internal.MethodInvocationHelper.invokeMethod(MethodInvocationHelper.java:108)
	at org.testng.internal.Invoker.invokeMethod(Invoker.java:661)
	at org.testng.internal.Invoker.invokeTestMethod(Invoker.java:869)
	at org.testng.internal.Invoker.invokeTestMethods(Invoker.java:1193)
	at org.testng.internal.TestMethodWorker.invokeTestMethods(TestMethodWorker.java:126)
	at org.testng.internal.TestMethodWorker.run(TestMethodWorker.java:109)
	at org.testng.TestRunner.privateRun(TestRunner.java:744)
	at org.testng.TestRunner.run(TestRunner.java:602)
	at org.testng.SuiteRunner.runTest(SuiteRunner.java:380)
	at org.testng.SuiteRunner.runSequentially(SuiteRunner.java:375)
	at org.testng.SuiteRunner.privateRun(SuiteRunner.java:340)
	at org.testng.SuiteRunner.run(SuiteRunner.java:289)
	at org.testng.SuiteRunnerWorker.runSuite(SuiteRunnerWorker.java:52)
	at org.testng.SuiteRunnerWorker.run(SuiteRunnerWorker.java:86)
	at org.testng.TestNG.runSuitesSequentially(TestNG.java:1301)
	at org.testng.TestNG.runSuitesLocally(TestNG.java:1226)
	at org.testng.TestNG.runSuites(TestNG.java:1144)
	at org.testng.TestNG.run(TestNG.java:1115)
	at org.testng.remote.AbstractRemoteTestNG.run(AbstractRemoteTestNG.java:132)
	at org.testng.remote.RemoteTestNG.initAndRun(RemoteTestNG.java:230)
	at org.testng.remote.RemoteTestNG.main(RemoteTestNG.java:76)
]]>
            </full-stacktrace>
          </exception> <!-- java.lang.AssertionError -->
          <reporter-output>
          </reporter-output>
        </test-method> <!-- TS14272_Ventas_NumeroOrden_Verificar_Orden_de_Venta_Abierta_Nueva_Venta -->
      </class> <!-- Tests.Sales -->
    </test> <!-- Default test -->
  </suite> <!-- Default suite -->
</testng-results>
