<?xml version="1.0" encoding="UTF-8"?>
<testng-results skipped="0" failed="1" ignored="0" total="1" passed="0">
  <reporter-output>
  </reporter-output>
  <suite name="Default suite" duration-ms="417707" started-at="2018-09-10T14:56:12Z" finished-at="2018-09-10T15:03:10Z">
    <groups>
      <group name="Ajustes">
        <method signature="GestionesPerfilBackOffice.TS121329_CRM_Movil_PRE_Ajuste_Backoffice_modifica_cantidades(java.lang.String)[pri:0, instance:Tests.GestionesPerfilBackOffice@5e3a8624]" name="TS121329_CRM_Movil_PRE_Ajuste_Backoffice_modifica_cantidades" class="Tests.GestionesPerfilBackOffice"/>
      </group> <!-- Ajustes -->
      <group name="GestionesPerfilBackOffice">
        <method signature="GestionesPerfilBackOffice.TS121329_CRM_Movil_PRE_Ajuste_Backoffice_modifica_cantidades(java.lang.String)[pri:0, instance:Tests.GestionesPerfilBackOffice@5e3a8624]" name="TS121329_CRM_Movil_PRE_Ajuste_Backoffice_modifica_cantidades" class="Tests.GestionesPerfilBackOffice"/>
      </group> <!-- GestionesPerfilBackOffice -->
      <group name="E2E">
        <method signature="GestionesPerfilBackOffice.TS121329_CRM_Movil_PRE_Ajuste_Backoffice_modifica_cantidades(java.lang.String)[pri:0, instance:Tests.GestionesPerfilBackOffice@5e3a8624]" name="TS121329_CRM_Movil_PRE_Ajuste_Backoffice_modifica_cantidades" class="Tests.GestionesPerfilBackOffice"/>
      </group> <!-- E2E -->
    </groups>
    <test name="Default test" duration-ms="417707" started-at="2018-09-10T14:56:12Z" finished-at="2018-09-10T15:03:10Z">
      <class name="Tests.GestionesPerfilBackOffice">
        <test-method status="PASS" signature="init()[pri:0, instance:Tests.GestionesPerfilBackOffice@5e3a8624]" name="init" is-config="true" duration-ms="128387" started-at="2018-09-10T11:56:12Z" finished-at="2018-09-10T11:58:20Z">
          <reporter-output>
          </reporter-output>
        </test-method> <!-- init -->
        <test-method status="FAIL" signature="TS121329_CRM_Movil_PRE_Ajuste_Backoffice_modifica_cantidades(java.lang.String)[pri:0, instance:Tests.GestionesPerfilBackOffice@5e3a8624]" name="TS121329_CRM_Movil_PRE_Ajuste_Backoffice_modifica_cantidades" duration-ms="288618" started-at="2018-09-10T11:58:21Z" data-provider="CuentaAjustesPRE" finished-at="2018-09-10T12:03:10Z">
          <params>
            <param index="0">
              <value>
                <![CDATA[22222001]]>
              </value>
            </param>
          </params>
          <exception class="org.openqa.selenium.NoSuchElementException">
            <message>
              <![CDATA[no such element: Unable to locate element: {"method":"id","selector":"newOwn_mlktp"}
  (Session info: chrome=68.0.3440.106)
  (Driver info: chromedriver=2.37.544315 (730aa6a5fdba159ac9f4c1e8cbc59bf1b5ce12b7),platform=Windows NT 10.0.17134 x86_64) (WARNING: The server did not provide any stacktrace information)
Command duration or timeout: 0 milliseconds
For documentation on this error, please visit: http://seleniumhq.org/exceptions/no_such_element.html
Build info: version: '3.6.0', revision: '6fbf3ec767', time: '2017-09-27T16:15:26.402Z'
System info: host: 'LAPTOP-046MMGQB', ip: '10.112.5.41', os.name: 'Windows 10', os.arch: 'amd64', os.version: '10.0', java.version: '1.8.0_144'
Driver info: org.openqa.selenium.chrome.ChromeDriver
Capabilities [{mobileEmulationEnabled=false, hasTouchScreen=false, platform=XP, acceptSslCerts=false, acceptInsecureCerts=false, webStorageEnabled=true, browserName=chrome, takesScreenshot=true, javascriptEnabled=true, platformName=XP, setWindowRect=true, unexpectedAlertBehaviour=, applicationCacheEnabled=false, rotatable=false, networkConnectionEnabled=false, chrome={chromedriverVersion=2.37.544315 (730aa6a5fdba159ac9f4c1e8cbc59bf1b5ce12b7), userDataDir=C:\Users\Nicolas\AppData\Local\Temp\scoped_dir5604_1394}, takesHeapSnapshot=true, pageLoadStrategy=normal, unhandledPromptBehavior=, databaseEnabled=false, handlesAlerts=true, version=68.0.3440.106, browserConnectionEnabled=false, nativeEvents=true, locationContextEnabled=true, cssSelectorsEnabled=true}]
Session ID: 5efcbd849e67379bb7d809cff97cf240
*** Element info: {Using=id, value=newOwn_mlktp}]]>
            </message>
            <full-stacktrace>
              <![CDATA[org.openqa.selenium.NoSuchElementException: no such element: Unable to locate element: {"method":"id","selector":"newOwn_mlktp"}
  (Session info: chrome=68.0.3440.106)
  (Driver info: chromedriver=2.37.544315 (730aa6a5fdba159ac9f4c1e8cbc59bf1b5ce12b7),platform=Windows NT 10.0.17134 x86_64) (WARNING: The server did not provide any stacktrace information)
Command duration or timeout: 0 milliseconds
For documentation on this error, please visit: http://seleniumhq.org/exceptions/no_such_element.html
Build info: version: '3.6.0', revision: '6fbf3ec767', time: '2017-09-27T16:15:26.402Z'
System info: host: 'LAPTOP-046MMGQB', ip: '10.112.5.41', os.name: 'Windows 10', os.arch: 'amd64', os.version: '10.0', java.version: '1.8.0_144'
Driver info: org.openqa.selenium.chrome.ChromeDriver
Capabilities [{mobileEmulationEnabled=false, hasTouchScreen=false, platform=XP, acceptSslCerts=false, acceptInsecureCerts=false, webStorageEnabled=true, browserName=chrome, takesScreenshot=true, javascriptEnabled=true, platformName=XP, setWindowRect=true, unexpectedAlertBehaviour=, applicationCacheEnabled=false, rotatable=false, networkConnectionEnabled=false, chrome={chromedriverVersion=2.37.544315 (730aa6a5fdba159ac9f4c1e8cbc59bf1b5ce12b7), userDataDir=C:\Users\Nicolas\AppData\Local\Temp\scoped_dir5604_1394}, takesHeapSnapshot=true, pageLoadStrategy=normal, unhandledPromptBehavior=, databaseEnabled=false, handlesAlerts=true, version=68.0.3440.106, browserConnectionEnabled=false, nativeEvents=true, locationContextEnabled=true, cssSelectorsEnabled=true}]
Session ID: 5efcbd849e67379bb7d809cff97cf240
*** Element info: {Using=id, value=newOwn_mlktp}
	at sun.reflect.GeneratedConstructorAccessor30.newInstance(Unknown Source)
	at sun.reflect.DelegatingConstructorAccessorImpl.newInstance(Unknown Source)
	at java.lang.reflect.Constructor.newInstance(Unknown Source)
	at org.openqa.selenium.remote.ErrorHandler.createThrowable(ErrorHandler.java:214)
	at org.openqa.selenium.remote.ErrorHandler.throwIfResponseFailed(ErrorHandler.java:166)
	at org.openqa.selenium.remote.http.JsonHttpResponseCodec.reconstructValue(JsonHttpResponseCodec.java:40)
	at org.openqa.selenium.remote.http.AbstractHttpResponseCodec.decode(AbstractHttpResponseCodec.java:82)
	at org.openqa.selenium.remote.http.AbstractHttpResponseCodec.decode(AbstractHttpResponseCodec.java:45)
	at org.openqa.selenium.remote.HttpCommandExecutor.execute(HttpCommandExecutor.java:164)
	at org.openqa.selenium.remote.service.DriverCommandExecutor.execute(DriverCommandExecutor.java:83)
	at org.openqa.selenium.remote.RemoteWebDriver.execute(RemoteWebDriver.java:586)
	at org.openqa.selenium.remote.RemoteWebDriver.findElement(RemoteWebDriver.java:356)
	at org.openqa.selenium.remote.RemoteWebDriver.findElementById(RemoteWebDriver.java:402)
	at org.openqa.selenium.By$ById.findElement(By.java:218)
	at org.openqa.selenium.remote.RemoteWebDriver.findElement(RemoteWebDriver.java:348)
	at Tests.GestionesPerfilBackOffice.TS121329_CRM_Movil_PRE_Ajuste_Backoffice_modifica_cantidades(GestionesPerfilBackOffice.java:131)
	at sun.reflect.NativeMethodAccessorImpl.invoke0(Native Method)
	at sun.reflect.NativeMethodAccessorImpl.invoke(Unknown Source)
	at sun.reflect.DelegatingMethodAccessorImpl.invoke(Unknown Source)
	at java.lang.reflect.Method.invoke(Unknown Source)
	at org.testng.internal.MethodInvocationHelper.invokeMethod(MethodInvocationHelper.java:108)
	at org.testng.internal.Invoker.invokeMethod(Invoker.java:669)
	at org.testng.internal.Invoker.invokeTestMethod(Invoker.java:877)
	at org.testng.internal.Invoker.invokeTestMethods(Invoker.java:1201)
	at org.testng.internal.TestMethodWorker.invokeTestMethods(TestMethodWorker.java:125)
	at org.testng.internal.TestMethodWorker.run(TestMethodWorker.java:109)
	at org.testng.TestRunner.privateRun(TestRunner.java:776)
	at org.testng.TestRunner.run(TestRunner.java:634)
	at org.testng.SuiteRunner.runTest(SuiteRunner.java:425)
	at org.testng.SuiteRunner.runSequentially(SuiteRunner.java:420)
	at org.testng.SuiteRunner.privateRun(SuiteRunner.java:385)
	at org.testng.SuiteRunner.run(SuiteRunner.java:334)
	at org.testng.SuiteRunnerWorker.runSuite(SuiteRunnerWorker.java:52)
	at org.testng.SuiteRunnerWorker.run(SuiteRunnerWorker.java:86)
	at org.testng.TestNG.runSuitesSequentially(TestNG.java:1318)
	at org.testng.TestNG.runSuitesLocally(TestNG.java:1243)
	at org.testng.TestNG.runSuites(TestNG.java:1161)
	at org.testng.TestNG.run(TestNG.java:1129)
	at org.testng.remote.AbstractRemoteTestNG.run(AbstractRemoteTestNG.java:114)
	at org.testng.remote.RemoteTestNG.initAndRun(RemoteTestNG.java:251)
	at org.testng.remote.RemoteTestNG.main(RemoteTestNG.java:77)
]]>
            </full-stacktrace>
          </exception> <!-- org.openqa.selenium.NoSuchElementException -->
          <reporter-output>
          </reporter-output>
        </test-method> <!-- TS121329_CRM_Movil_PRE_Ajuste_Backoffice_modifica_cantidades -->
      </class> <!-- Tests.GestionesPerfilBackOffice -->
    </test> <!-- Default test -->
  </suite> <!-- Default suite -->
</testng-results>
