<?xml version="1.0" encoding="UTF-8"?>
<!-- Generated by org.testng.reporters.JUnitReportReporter -->
<testsuite skipped="0" hostname="LAPTOP-ADMPVVC9" name="Tests.testEventosMasivos" tests="3" failures="0" timestamp="01 dic 2017 04:20:56 GMT" time="185.469" errors="0">
  <testcase name="TS16232_CRM_Fase_2_Technical_Care_Representante_Incidentes_Eventos_Fecha_de_Creacion_Formato" time="64.819" classname="Tests.testEventosMasivos"/>
  <testcase name="TS16230_CRM_Fase_2_Technical_Care_Sistema_Incidentes_Masivos_Creación_de_Eventos_Masivos_Ingreso_a_un_evento_masivo" time="59.808" classname="Tests.testEventosMasivos"/>
  <testcase name="TS16231_CRM_Fase_2_Technical_Care_Representante_Incidentes_Eventos_Fecha_de_Inicio_Formato" time="60.842" classname="Tests.testEventosMasivos"/>
</testsuite> <!-- Tests.testEventosMasivos -->
