<?xml version="1.0" encoding="UTF-8"?>
<!-- Generated by org.testng.reporters.JUnitReportReporter -->
<testsuite skipped="0" hostname="LAPTOP-ADMPVVC9" name="Tests.TestsJ" tests="24" failures="4" timestamp="01 dic 2017 04:20:56 GMT" time="175.779" errors="7">
  <testcase name="TS38477_360_View_360_card_servicio_prepago_Persistencia_Visualizar_Acciones_Detalle_de_consumos" time="2.220" classname="Tests.TestsJ"/>
  <testcase name="TS38418_360_View_360_card_servicio_prepago_Acciones_Detalle_de_consumos" time="1.412" classname="Tests.TestsJ"/>
  <testcase name="TS38172_360_View_UX_360_Card_Historiales_Campos_Historial_de_Packs" time="2.625" classname="Tests.TestsJ">
    <error type="org.openqa.selenium.WebDriverException" message="unknown error: Element &lt;iframe id=&quot;ext-comp-1019&quot; name=&quot;ext-comp-1019&quot; frameborder=&quot;0&quot; src=&quot;/apex/ta_Care_ConsoleRightSidebar?id=001c000001BMqtL&amp;amp;isdtp=vw&amp;amp;inContextPane=true&amp;amp;nonce=94464606b3fa1f982ca03f2dbf404604feb2b13cf7ed5d609a94c63018dd9695&amp;amp;sfdcIFrameOrigin=https%3A%2F%2Fcrm--sit.cs14.my.salesforce.com&quot; style=&quot;width: 245px; height: 491px;&quot; cd_frame_id_=&quot;edeb761339f534a28f47a0a545d86778&quot;&gt;&lt;/iframe&gt; is not clickable at point (74, 117). Other element would receive the click: &lt;iframe id=&quot;ext-comp-1022&quot; name=&quot;ext-comp-1022&quot; frameborder=&quot;0&quot; src=&quot;/apex/ta_Care_ConsoleLeftSidebar?id=001c000001BMqtL&amp;amp;isdtp=vw&amp;amp;inContextPane=true&amp;amp;nonce=94464606b3fa1f982ca03f2dbf404604feb2b13cf7ed5d609a94c63018dd9695&amp;amp;sfdcIFrameOrigin=https%3A%2F%2Fcrm--sit.cs14.my.salesforce.com&quot; style=&quot;width: 247px; height: 491px;&quot;&gt;&lt;/iframe&gt;
  (Session info: chrome=62.0.3202.94)
  (Driver info: chromedriver=2.30.477700 (0057494ad8732195794a7b32078424f92a5fce41),platform=Windows NT 10.0.15063 x86_64) (WARNING: The server did not provide any stacktrace information)
Command duration or timeout: 103 milliseconds
Build info: version: &#039;3.4.0&#039;, revision: &#039;unknown&#039;, time: &#039;unknown&#039;
System info: host: &#039;LAPTOP-ADMPVVC9&#039;, ip: &#039;10.112.4.196&#039;, os.name: &#039;Windows 10&#039;, os.arch: &#039;amd64&#039;, os.version: &#039;10.0&#039;, java.version: &#039;1.8.0_131&#039;
Driver info: org.openqa.selenium.chrome.ChromeDriver
Capabilities [{applicationCacheEnabled=false, rotatable=false, mobileEmulationEnabled=false, networkConnectionEnabled=false, chrome={chromedriverVersion=2.30.477700 (0057494ad8732195794a7b32078424f92a5fce41), userDataDir=C:\Users\pablo\AppData\Local\Temp\scoped_dir14292_13259}, takesHeapSnapshot=true, pageLoadStrategy=normal, databaseEnabled=false, handlesAlerts=true, hasTouchScreen=false, version=62.0.3202.94, platform=XP, browserConnectionEnabled=false, nativeEvents=true, acceptSslCerts=true, locationContextEnabled=true, webStorageEnabled=true, browserName=chrome, takesScreenshot=true, javascriptEnabled=true, cssSelectorsEnabled=true, unexpectedAlertBehaviour=}]
Session ID: 186b8ca387a6633b9fa565f7b682e346">
      <![CDATA[org.openqa.selenium.WebDriverException: unknown error: Element <iframe id="ext-comp-1019" name="ext-comp-1019" frameborder="0" src="/apex/ta_Care_ConsoleRightSidebar?id=001c000001BMqtL&amp;isdtp=vw&amp;inContextPane=true&amp;nonce=94464606b3fa1f982ca03f2dbf404604feb2b13cf7ed5d609a94c63018dd9695&amp;sfdcIFrameOrigin=https%3A%2F%2Fcrm--sit.cs14.my.salesforce.com" style="width: 245px; height: 491px;" cd_frame_id_="edeb761339f534a28f47a0a545d86778"></iframe> is not clickable at point (74, 117). Other element would receive the click: <iframe id="ext-comp-1022" name="ext-comp-1022" frameborder="0" src="/apex/ta_Care_ConsoleLeftSidebar?id=001c000001BMqtL&amp;isdtp=vw&amp;inContextPane=true&amp;nonce=94464606b3fa1f982ca03f2dbf404604feb2b13cf7ed5d609a94c63018dd9695&amp;sfdcIFrameOrigin=https%3A%2F%2Fcrm--sit.cs14.my.salesforce.com" style="width: 247px; height: 491px;"></iframe>
  (Session info: chrome=62.0.3202.94)
  (Driver info: chromedriver=2.30.477700 (0057494ad8732195794a7b32078424f92a5fce41),platform=Windows NT 10.0.15063 x86_64) (WARNING: The server did not provide any stacktrace information)
Command duration or timeout: 103 milliseconds
Build info: version: '3.4.0', revision: 'unknown', time: 'unknown'
System info: host: 'LAPTOP-ADMPVVC9', ip: '10.112.4.196', os.name: 'Windows 10', os.arch: 'amd64', os.version: '10.0', java.version: '1.8.0_131'
Driver info: org.openqa.selenium.chrome.ChromeDriver
Capabilities [{applicationCacheEnabled=false, rotatable=false, mobileEmulationEnabled=false, networkConnectionEnabled=false, chrome={chromedriverVersion=2.30.477700 (0057494ad8732195794a7b32078424f92a5fce41), userDataDir=C:\Users\pablo\AppData\Local\Temp\scoped_dir14292_13259}, takesHeapSnapshot=true, pageLoadStrategy=normal, databaseEnabled=false, handlesAlerts=true, hasTouchScreen=false, version=62.0.3202.94, platform=XP, browserConnectionEnabled=false, nativeEvents=true, acceptSslCerts=true, locationContextEnabled=true, webStorageEnabled=true, browserName=chrome, takesScreenshot=true, javascriptEnabled=true, cssSelectorsEnabled=true, unexpectedAlertBehaviour=}]
Session ID: 186b8ca387a6633b9fa565f7b682e346
	at sun.reflect.NativeConstructorAccessorImpl.newInstance0(Native Method)
	at sun.reflect.NativeConstructorAccessorImpl.newInstance(Unknown Source)
	at sun.reflect.DelegatingConstructorAccessorImpl.newInstance(Unknown Source)
	at java.lang.reflect.Constructor.newInstance(Unknown Source)
	at org.openqa.selenium.remote.ErrorHandler.createThrowable(ErrorHandler.java:215)
	at org.openqa.selenium.remote.ErrorHandler.throwIfResponseFailed(ErrorHandler.java:167)
	at org.openqa.selenium.remote.RemoteWebDriver.execute(RemoteWebDriver.java:671)
	at org.openqa.selenium.remote.RemoteWebElement.execute(RemoteWebElement.java:272)
	at org.openqa.selenium.remote.RemoteWebElement.click(RemoteWebElement.java:82)
	at Tests.TestsJ.irAGestion(TestsJ.java:181)
	at Tests.TestsJ.TS38172_360_View_UX_360_Card_Historiales_Campos_Historial_de_Packs(TestsJ.java:293)
	at sun.reflect.NativeMethodAccessorImpl.invoke0(Native Method)
	at sun.reflect.NativeMethodAccessorImpl.invoke(Unknown Source)
	at sun.reflect.DelegatingMethodAccessorImpl.invoke(Unknown Source)
	at java.lang.reflect.Method.invoke(Unknown Source)
	at org.testng.internal.MethodInvocationHelper.invokeMethod(MethodInvocationHelper.java:108)
	at org.testng.internal.Invoker.invokeMethod(Invoker.java:661)
	at org.testng.internal.Invoker.invokeTestMethod(Invoker.java:869)
	at org.testng.internal.Invoker.invokeTestMethods(Invoker.java:1193)
	at org.testng.internal.TestMethodWorker.invokeTestMethods(TestMethodWorker.java:126)
	at org.testng.internal.TestMethodWorker.run(TestMethodWorker.java:109)
	at java.util.concurrent.ThreadPoolExecutor.runWorker(Unknown Source)
	at java.util.concurrent.ThreadPoolExecutor$Worker.run(Unknown Source)
	at java.lang.Thread.run(Unknown Source)
]]>
    </error>
  </testcase> <!-- TS38172_360_View_UX_360_Card_Historiales_Campos_Historial_de_Packs -->
  <testcase name="TS38164_360_View_UX_360_Card_Historiales_Visualizar_HISTORIAL_DE_PACKS" time="2.803" classname="Tests.TestsJ"/>
  <testcase name="TS38417_360_View_360_card_servicio_prepago_Información_de_la_card_Visualizar_campos" time="1.360" classname="Tests.TestsJ"/>
  <testcase name="TS38185_360_View_360_View_Historial_de_Packs_Desplegable_nombre_Historial_Packs" time="21.747" classname="Tests.TestsJ">
    <error type="org.openqa.selenium.WebDriverException" message="unknown error: Element &lt;iframe id=&quot;ext-comp-1019&quot; name=&quot;ext-comp-1019&quot; frameborder=&quot;0&quot; src=&quot;/apex/ta_Care_ConsoleRightSidebar?id=001c000001BMqtL&amp;amp;isdtp=vw&amp;amp;inContextPane=true&amp;amp;nonce=94464606b3fa1f982ca03f2dbf404604feb2b13cf7ed5d609a94c63018dd9695&amp;amp;sfdcIFrameOrigin=https%3A%2F%2Fcrm--sit.cs14.my.salesforce.com&quot; style=&quot;width: 245px; height: 491px;&quot; cd_frame_id_=&quot;8647e711e83b4740cf377207a5b4f163&quot;&gt;&lt;/iframe&gt; is not clickable at point (74, 117). Other element would receive the click: &lt;iframe id=&quot;ext-comp-1022&quot; name=&quot;ext-comp-1022&quot; frameborder=&quot;0&quot; src=&quot;/apex/ta_Care_ConsoleLeftSidebar?id=001c000001BMqtL&amp;amp;isdtp=vw&amp;amp;inContextPane=true&amp;amp;nonce=94464606b3fa1f982ca03f2dbf404604feb2b13cf7ed5d609a94c63018dd9695&amp;amp;sfdcIFrameOrigin=https%3A%2F%2Fcrm--sit.cs14.my.salesforce.com&quot; style=&quot;width: 247px; height: 491px;&quot;&gt;&lt;/iframe&gt;
  (Session info: chrome=62.0.3202.94)
  (Driver info: chromedriver=2.30.477700 (0057494ad8732195794a7b32078424f92a5fce41),platform=Windows NT 10.0.15063 x86_64) (WARNING: The server did not provide any stacktrace information)
Command duration or timeout: 68 milliseconds
Build info: version: &#039;3.4.0&#039;, revision: &#039;unknown&#039;, time: &#039;unknown&#039;
System info: host: &#039;LAPTOP-ADMPVVC9&#039;, ip: &#039;10.112.4.196&#039;, os.name: &#039;Windows 10&#039;, os.arch: &#039;amd64&#039;, os.version: &#039;10.0&#039;, java.version: &#039;1.8.0_131&#039;
Driver info: org.openqa.selenium.chrome.ChromeDriver
Capabilities [{applicationCacheEnabled=false, rotatable=false, mobileEmulationEnabled=false, networkConnectionEnabled=false, chrome={chromedriverVersion=2.30.477700 (0057494ad8732195794a7b32078424f92a5fce41), userDataDir=C:\Users\pablo\AppData\Local\Temp\scoped_dir14292_13259}, takesHeapSnapshot=true, pageLoadStrategy=normal, databaseEnabled=false, handlesAlerts=true, hasTouchScreen=false, version=62.0.3202.94, platform=XP, browserConnectionEnabled=false, nativeEvents=true, acceptSslCerts=true, locationContextEnabled=true, webStorageEnabled=true, browserName=chrome, takesScreenshot=true, javascriptEnabled=true, cssSelectorsEnabled=true, unexpectedAlertBehaviour=}]
Session ID: 186b8ca387a6633b9fa565f7b682e346">
      <![CDATA[org.openqa.selenium.WebDriverException: unknown error: Element <iframe id="ext-comp-1019" name="ext-comp-1019" frameborder="0" src="/apex/ta_Care_ConsoleRightSidebar?id=001c000001BMqtL&amp;isdtp=vw&amp;inContextPane=true&amp;nonce=94464606b3fa1f982ca03f2dbf404604feb2b13cf7ed5d609a94c63018dd9695&amp;sfdcIFrameOrigin=https%3A%2F%2Fcrm--sit.cs14.my.salesforce.com" style="width: 245px; height: 491px;" cd_frame_id_="8647e711e83b4740cf377207a5b4f163"></iframe> is not clickable at point (74, 117). Other element would receive the click: <iframe id="ext-comp-1022" name="ext-comp-1022" frameborder="0" src="/apex/ta_Care_ConsoleLeftSidebar?id=001c000001BMqtL&amp;isdtp=vw&amp;inContextPane=true&amp;nonce=94464606b3fa1f982ca03f2dbf404604feb2b13cf7ed5d609a94c63018dd9695&amp;sfdcIFrameOrigin=https%3A%2F%2Fcrm--sit.cs14.my.salesforce.com" style="width: 247px; height: 491px;"></iframe>
  (Session info: chrome=62.0.3202.94)
  (Driver info: chromedriver=2.30.477700 (0057494ad8732195794a7b32078424f92a5fce41),platform=Windows NT 10.0.15063 x86_64) (WARNING: The server did not provide any stacktrace information)
Command duration or timeout: 68 milliseconds
Build info: version: '3.4.0', revision: 'unknown', time: 'unknown'
System info: host: 'LAPTOP-ADMPVVC9', ip: '10.112.4.196', os.name: 'Windows 10', os.arch: 'amd64', os.version: '10.0', java.version: '1.8.0_131'
Driver info: org.openqa.selenium.chrome.ChromeDriver
Capabilities [{applicationCacheEnabled=false, rotatable=false, mobileEmulationEnabled=false, networkConnectionEnabled=false, chrome={chromedriverVersion=2.30.477700 (0057494ad8732195794a7b32078424f92a5fce41), userDataDir=C:\Users\pablo\AppData\Local\Temp\scoped_dir14292_13259}, takesHeapSnapshot=true, pageLoadStrategy=normal, databaseEnabled=false, handlesAlerts=true, hasTouchScreen=false, version=62.0.3202.94, platform=XP, browserConnectionEnabled=false, nativeEvents=true, acceptSslCerts=true, locationContextEnabled=true, webStorageEnabled=true, browserName=chrome, takesScreenshot=true, javascriptEnabled=true, cssSelectorsEnabled=true, unexpectedAlertBehaviour=}]
Session ID: 186b8ca387a6633b9fa565f7b682e346
	at sun.reflect.NativeConstructorAccessorImpl.newInstance0(Native Method)
	at sun.reflect.NativeConstructorAccessorImpl.newInstance(Unknown Source)
	at sun.reflect.DelegatingConstructorAccessorImpl.newInstance(Unknown Source)
	at java.lang.reflect.Constructor.newInstance(Unknown Source)
	at org.openqa.selenium.remote.ErrorHandler.createThrowable(ErrorHandler.java:215)
	at org.openqa.selenium.remote.ErrorHandler.throwIfResponseFailed(ErrorHandler.java:167)
	at org.openqa.selenium.remote.RemoteWebDriver.execute(RemoteWebDriver.java:671)
	at org.openqa.selenium.remote.RemoteWebElement.execute(RemoteWebElement.java:272)
	at org.openqa.selenium.remote.RemoteWebElement.click(RemoteWebElement.java:82)
	at Tests.TestsJ.irAGestion(TestsJ.java:181)
	at Tests.TestsJ.TS38185_360_View_360_View_Historial_de_Packs_Desplegable_nombre_Historial_Packs(TestsJ.java:336)
	at sun.reflect.NativeMethodAccessorImpl.invoke0(Native Method)
	at sun.reflect.NativeMethodAccessorImpl.invoke(Unknown Source)
	at sun.reflect.DelegatingMethodAccessorImpl.invoke(Unknown Source)
	at java.lang.reflect.Method.invoke(Unknown Source)
	at org.testng.internal.MethodInvocationHelper.invokeMethod(MethodInvocationHelper.java:108)
	at org.testng.internal.Invoker.invokeMethod(Invoker.java:661)
	at org.testng.internal.Invoker.invokeTestMethod(Invoker.java:869)
	at org.testng.internal.Invoker.invokeTestMethods(Invoker.java:1193)
	at org.testng.internal.TestMethodWorker.invokeTestMethods(TestMethodWorker.java:126)
	at org.testng.internal.TestMethodWorker.run(TestMethodWorker.java:109)
	at java.util.concurrent.ThreadPoolExecutor.runWorker(Unknown Source)
	at java.util.concurrent.ThreadPoolExecutor$Worker.run(Unknown Source)
	at java.lang.Thread.run(Unknown Source)
]]>
    </error>
  </testcase> <!-- TS38185_360_View_360_View_Historial_de_Packs_Desplegable_nombre_Historial_Packs -->
  <testcase name="TS38479_360_View_360_card_servicio_prepago_Persistencia_Visualizar_Acciones_Ahorrá" time="2.215" classname="Tests.TestsJ"/>
  <testcase name="TS38421_360_View_360_card_servicio_prepago_Mis_Servicios" time="1.453" classname="Tests.TestsJ"/>
  <testcase name="TS38188_360_View_360_View_Historial_de_Packs_Detalle_Ordenamiento_columna_cierra_registros" time="2.536" classname="Tests.TestsJ">
    <error type="org.openqa.selenium.WebDriverException" message="unknown error: Element &lt;iframe id=&quot;ext-comp-1019&quot; name=&quot;ext-comp-1019&quot; frameborder=&quot;0&quot; src=&quot;/apex/ta_Care_ConsoleRightSidebar?id=001c000001BMqtL&amp;amp;isdtp=vw&amp;amp;inContextPane=true&amp;amp;nonce=94464606b3fa1f982ca03f2dbf404604feb2b13cf7ed5d609a94c63018dd9695&amp;amp;sfdcIFrameOrigin=https%3A%2F%2Fcrm--sit.cs14.my.salesforce.com&quot; style=&quot;width: 245px; height: 491px;&quot; cd_frame_id_=&quot;7af3a22ff0350f86dcd730bc871f99d8&quot;&gt;&lt;/iframe&gt; is not clickable at point (74, 117). Other element would receive the click: &lt;iframe id=&quot;ext-comp-1022&quot; name=&quot;ext-comp-1022&quot; frameborder=&quot;0&quot; src=&quot;/apex/ta_Care_ConsoleLeftSidebar?id=001c000001BMqtL&amp;amp;isdtp=vw&amp;amp;inContextPane=true&amp;amp;nonce=94464606b3fa1f982ca03f2dbf404604feb2b13cf7ed5d609a94c63018dd9695&amp;amp;sfdcIFrameOrigin=https%3A%2F%2Fcrm--sit.cs14.my.salesforce.com&quot; style=&quot;width: 247px; height: 491px;&quot;&gt;&lt;/iframe&gt;
  (Session info: chrome=62.0.3202.94)
  (Driver info: chromedriver=2.30.477700 (0057494ad8732195794a7b32078424f92a5fce41),platform=Windows NT 10.0.15063 x86_64) (WARNING: The server did not provide any stacktrace information)
Command duration or timeout: 131 milliseconds
Build info: version: &#039;3.4.0&#039;, revision: &#039;unknown&#039;, time: &#039;unknown&#039;
System info: host: &#039;LAPTOP-ADMPVVC9&#039;, ip: &#039;10.112.4.196&#039;, os.name: &#039;Windows 10&#039;, os.arch: &#039;amd64&#039;, os.version: &#039;10.0&#039;, java.version: &#039;1.8.0_131&#039;
Driver info: org.openqa.selenium.chrome.ChromeDriver
Capabilities [{applicationCacheEnabled=false, rotatable=false, mobileEmulationEnabled=false, networkConnectionEnabled=false, chrome={chromedriverVersion=2.30.477700 (0057494ad8732195794a7b32078424f92a5fce41), userDataDir=C:\Users\pablo\AppData\Local\Temp\scoped_dir14292_13259}, takesHeapSnapshot=true, pageLoadStrategy=normal, databaseEnabled=false, handlesAlerts=true, hasTouchScreen=false, version=62.0.3202.94, platform=XP, browserConnectionEnabled=false, nativeEvents=true, acceptSslCerts=true, locationContextEnabled=true, webStorageEnabled=true, browserName=chrome, takesScreenshot=true, javascriptEnabled=true, cssSelectorsEnabled=true, unexpectedAlertBehaviour=}]
Session ID: 186b8ca387a6633b9fa565f7b682e346">
      <![CDATA[org.openqa.selenium.WebDriverException: unknown error: Element <iframe id="ext-comp-1019" name="ext-comp-1019" frameborder="0" src="/apex/ta_Care_ConsoleRightSidebar?id=001c000001BMqtL&amp;isdtp=vw&amp;inContextPane=true&amp;nonce=94464606b3fa1f982ca03f2dbf404604feb2b13cf7ed5d609a94c63018dd9695&amp;sfdcIFrameOrigin=https%3A%2F%2Fcrm--sit.cs14.my.salesforce.com" style="width: 245px; height: 491px;" cd_frame_id_="7af3a22ff0350f86dcd730bc871f99d8"></iframe> is not clickable at point (74, 117). Other element would receive the click: <iframe id="ext-comp-1022" name="ext-comp-1022" frameborder="0" src="/apex/ta_Care_ConsoleLeftSidebar?id=001c000001BMqtL&amp;isdtp=vw&amp;inContextPane=true&amp;nonce=94464606b3fa1f982ca03f2dbf404604feb2b13cf7ed5d609a94c63018dd9695&amp;sfdcIFrameOrigin=https%3A%2F%2Fcrm--sit.cs14.my.salesforce.com" style="width: 247px; height: 491px;"></iframe>
  (Session info: chrome=62.0.3202.94)
  (Driver info: chromedriver=2.30.477700 (0057494ad8732195794a7b32078424f92a5fce41),platform=Windows NT 10.0.15063 x86_64) (WARNING: The server did not provide any stacktrace information)
Command duration or timeout: 131 milliseconds
Build info: version: '3.4.0', revision: 'unknown', time: 'unknown'
System info: host: 'LAPTOP-ADMPVVC9', ip: '10.112.4.196', os.name: 'Windows 10', os.arch: 'amd64', os.version: '10.0', java.version: '1.8.0_131'
Driver info: org.openqa.selenium.chrome.ChromeDriver
Capabilities [{applicationCacheEnabled=false, rotatable=false, mobileEmulationEnabled=false, networkConnectionEnabled=false, chrome={chromedriverVersion=2.30.477700 (0057494ad8732195794a7b32078424f92a5fce41), userDataDir=C:\Users\pablo\AppData\Local\Temp\scoped_dir14292_13259}, takesHeapSnapshot=true, pageLoadStrategy=normal, databaseEnabled=false, handlesAlerts=true, hasTouchScreen=false, version=62.0.3202.94, platform=XP, browserConnectionEnabled=false, nativeEvents=true, acceptSslCerts=true, locationContextEnabled=true, webStorageEnabled=true, browserName=chrome, takesScreenshot=true, javascriptEnabled=true, cssSelectorsEnabled=true, unexpectedAlertBehaviour=}]
Session ID: 186b8ca387a6633b9fa565f7b682e346
	at sun.reflect.NativeConstructorAccessorImpl.newInstance0(Native Method)
	at sun.reflect.NativeConstructorAccessorImpl.newInstance(Unknown Source)
	at sun.reflect.DelegatingConstructorAccessorImpl.newInstance(Unknown Source)
	at java.lang.reflect.Constructor.newInstance(Unknown Source)
	at org.openqa.selenium.remote.ErrorHandler.createThrowable(ErrorHandler.java:215)
	at org.openqa.selenium.remote.ErrorHandler.throwIfResponseFailed(ErrorHandler.java:167)
	at org.openqa.selenium.remote.RemoteWebDriver.execute(RemoteWebDriver.java:671)
	at org.openqa.selenium.remote.RemoteWebElement.execute(RemoteWebElement.java:272)
	at org.openqa.selenium.remote.RemoteWebElement.click(RemoteWebElement.java:82)
	at Tests.TestsJ.irAGestion(TestsJ.java:181)
	at Tests.TestsJ.TS38188_360_View_360_View_Historial_de_Packs_Detalle_Ordenamiento_columna_cierra_registros(TestsJ.java:373)
	at sun.reflect.NativeMethodAccessorImpl.invoke0(Native Method)
	at sun.reflect.NativeMethodAccessorImpl.invoke(Unknown Source)
	at sun.reflect.DelegatingMethodAccessorImpl.invoke(Unknown Source)
	at java.lang.reflect.Method.invoke(Unknown Source)
	at org.testng.internal.MethodInvocationHelper.invokeMethod(MethodInvocationHelper.java:108)
	at org.testng.internal.Invoker.invokeMethod(Invoker.java:661)
	at org.testng.internal.Invoker.invokeTestMethod(Invoker.java:869)
	at org.testng.internal.Invoker.invokeTestMethods(Invoker.java:1193)
	at org.testng.internal.TestMethodWorker.invokeTestMethods(TestMethodWorker.java:126)
	at org.testng.internal.TestMethodWorker.run(TestMethodWorker.java:109)
	at java.util.concurrent.ThreadPoolExecutor.runWorker(Unknown Source)
	at java.util.concurrent.ThreadPoolExecutor$Worker.run(Unknown Source)
	at java.lang.Thread.run(Unknown Source)
]]>
    </error>
  </testcase> <!-- TS38188_360_View_360_View_Historial_de_Packs_Detalle_Ordenamiento_columna_cierra_registros -->
  <testcase name="TS38187_360_View_360_View_Historial_de_Packs_Detalle_Aperturar_registro_Detalle" time="2.474" classname="Tests.TestsJ">
    <error type="org.openqa.selenium.WebDriverException" message="unknown error: Element &lt;iframe id=&quot;ext-comp-1019&quot; name=&quot;ext-comp-1019&quot; frameborder=&quot;0&quot; src=&quot;/apex/ta_Care_ConsoleRightSidebar?id=001c000001BMqtL&amp;amp;isdtp=vw&amp;amp;inContextPane=true&amp;amp;nonce=94464606b3fa1f982ca03f2dbf404604feb2b13cf7ed5d609a94c63018dd9695&amp;amp;sfdcIFrameOrigin=https%3A%2F%2Fcrm--sit.cs14.my.salesforce.com&quot; style=&quot;width: 245px; height: 491px;&quot; cd_frame_id_=&quot;399248744fecf3f92a3f10e1ba99c884&quot;&gt;&lt;/iframe&gt; is not clickable at point (74, 117). Other element would receive the click: &lt;iframe id=&quot;ext-comp-1022&quot; name=&quot;ext-comp-1022&quot; frameborder=&quot;0&quot; src=&quot;/apex/ta_Care_ConsoleLeftSidebar?id=001c000001BMqtL&amp;amp;isdtp=vw&amp;amp;inContextPane=true&amp;amp;nonce=94464606b3fa1f982ca03f2dbf404604feb2b13cf7ed5d609a94c63018dd9695&amp;amp;sfdcIFrameOrigin=https%3A%2F%2Fcrm--sit.cs14.my.salesforce.com&quot; style=&quot;width: 247px; height: 491px;&quot;&gt;&lt;/iframe&gt;
  (Session info: chrome=62.0.3202.94)
  (Driver info: chromedriver=2.30.477700 (0057494ad8732195794a7b32078424f92a5fce41),platform=Windows NT 10.0.15063 x86_64) (WARNING: The server did not provide any stacktrace information)
Command duration or timeout: 107 milliseconds
Build info: version: &#039;3.4.0&#039;, revision: &#039;unknown&#039;, time: &#039;unknown&#039;
System info: host: &#039;LAPTOP-ADMPVVC9&#039;, ip: &#039;10.112.4.196&#039;, os.name: &#039;Windows 10&#039;, os.arch: &#039;amd64&#039;, os.version: &#039;10.0&#039;, java.version: &#039;1.8.0_131&#039;
Driver info: org.openqa.selenium.chrome.ChromeDriver
Capabilities [{applicationCacheEnabled=false, rotatable=false, mobileEmulationEnabled=false, networkConnectionEnabled=false, chrome={chromedriverVersion=2.30.477700 (0057494ad8732195794a7b32078424f92a5fce41), userDataDir=C:\Users\pablo\AppData\Local\Temp\scoped_dir14292_13259}, takesHeapSnapshot=true, pageLoadStrategy=normal, databaseEnabled=false, handlesAlerts=true, hasTouchScreen=false, version=62.0.3202.94, platform=XP, browserConnectionEnabled=false, nativeEvents=true, acceptSslCerts=true, locationContextEnabled=true, webStorageEnabled=true, browserName=chrome, takesScreenshot=true, javascriptEnabled=true, cssSelectorsEnabled=true, unexpectedAlertBehaviour=}]
Session ID: 186b8ca387a6633b9fa565f7b682e346">
      <![CDATA[org.openqa.selenium.WebDriverException: unknown error: Element <iframe id="ext-comp-1019" name="ext-comp-1019" frameborder="0" src="/apex/ta_Care_ConsoleRightSidebar?id=001c000001BMqtL&amp;isdtp=vw&amp;inContextPane=true&amp;nonce=94464606b3fa1f982ca03f2dbf404604feb2b13cf7ed5d609a94c63018dd9695&amp;sfdcIFrameOrigin=https%3A%2F%2Fcrm--sit.cs14.my.salesforce.com" style="width: 245px; height: 491px;" cd_frame_id_="399248744fecf3f92a3f10e1ba99c884"></iframe> is not clickable at point (74, 117). Other element would receive the click: <iframe id="ext-comp-1022" name="ext-comp-1022" frameborder="0" src="/apex/ta_Care_ConsoleLeftSidebar?id=001c000001BMqtL&amp;isdtp=vw&amp;inContextPane=true&amp;nonce=94464606b3fa1f982ca03f2dbf404604feb2b13cf7ed5d609a94c63018dd9695&amp;sfdcIFrameOrigin=https%3A%2F%2Fcrm--sit.cs14.my.salesforce.com" style="width: 247px; height: 491px;"></iframe>
  (Session info: chrome=62.0.3202.94)
  (Driver info: chromedriver=2.30.477700 (0057494ad8732195794a7b32078424f92a5fce41),platform=Windows NT 10.0.15063 x86_64) (WARNING: The server did not provide any stacktrace information)
Command duration or timeout: 107 milliseconds
Build info: version: '3.4.0', revision: 'unknown', time: 'unknown'
System info: host: 'LAPTOP-ADMPVVC9', ip: '10.112.4.196', os.name: 'Windows 10', os.arch: 'amd64', os.version: '10.0', java.version: '1.8.0_131'
Driver info: org.openqa.selenium.chrome.ChromeDriver
Capabilities [{applicationCacheEnabled=false, rotatable=false, mobileEmulationEnabled=false, networkConnectionEnabled=false, chrome={chromedriverVersion=2.30.477700 (0057494ad8732195794a7b32078424f92a5fce41), userDataDir=C:\Users\pablo\AppData\Local\Temp\scoped_dir14292_13259}, takesHeapSnapshot=true, pageLoadStrategy=normal, databaseEnabled=false, handlesAlerts=true, hasTouchScreen=false, version=62.0.3202.94, platform=XP, browserConnectionEnabled=false, nativeEvents=true, acceptSslCerts=true, locationContextEnabled=true, webStorageEnabled=true, browserName=chrome, takesScreenshot=true, javascriptEnabled=true, cssSelectorsEnabled=true, unexpectedAlertBehaviour=}]
Session ID: 186b8ca387a6633b9fa565f7b682e346
	at sun.reflect.NativeConstructorAccessorImpl.newInstance0(Native Method)
	at sun.reflect.NativeConstructorAccessorImpl.newInstance(Unknown Source)
	at sun.reflect.DelegatingConstructorAccessorImpl.newInstance(Unknown Source)
	at java.lang.reflect.Constructor.newInstance(Unknown Source)
	at org.openqa.selenium.remote.ErrorHandler.createThrowable(ErrorHandler.java:215)
	at org.openqa.selenium.remote.ErrorHandler.throwIfResponseFailed(ErrorHandler.java:167)
	at org.openqa.selenium.remote.RemoteWebDriver.execute(RemoteWebDriver.java:671)
	at org.openqa.selenium.remote.RemoteWebElement.execute(RemoteWebElement.java:272)
	at org.openqa.selenium.remote.RemoteWebElement.click(RemoteWebElement.java:82)
	at Tests.TestsJ.irAGestion(TestsJ.java:181)
	at Tests.TestsJ.TS38187_360_View_360_View_Historial_de_Packs_Detalle_Aperturar_registro_Detalle(TestsJ.java:360)
	at sun.reflect.NativeMethodAccessorImpl.invoke0(Native Method)
	at sun.reflect.NativeMethodAccessorImpl.invoke(Unknown Source)
	at sun.reflect.DelegatingMethodAccessorImpl.invoke(Unknown Source)
	at java.lang.reflect.Method.invoke(Unknown Source)
	at org.testng.internal.MethodInvocationHelper.invokeMethod(MethodInvocationHelper.java:108)
	at org.testng.internal.Invoker.invokeMethod(Invoker.java:661)
	at org.testng.internal.Invoker.invokeTestMethod(Invoker.java:869)
	at org.testng.internal.Invoker.invokeTestMethods(Invoker.java:1193)
	at org.testng.internal.TestMethodWorker.invokeTestMethods(TestMethodWorker.java:126)
	at org.testng.internal.TestMethodWorker.run(TestMethodWorker.java:109)
	at java.util.concurrent.ThreadPoolExecutor.runWorker(Unknown Source)
	at java.util.concurrent.ThreadPoolExecutor$Worker.run(Unknown Source)
	at java.lang.Thread.run(Unknown Source)
]]>
    </error>
  </testcase> <!-- TS38187_360_View_360_View_Historial_de_Packs_Detalle_Aperturar_registro_Detalle -->
  <testcase name="TS38629_360_View_360_View_Card_Pre_pago_Acción_sobre_Historiales_Visualizar_Ultimas_5_recargas_SOS_desde_el_dia_de_la_fecha" time="4.597" classname="Tests.TestsJ">
    <error type="java.lang.NullPointerException">
      <![CDATA[java.lang.NullPointerException
	at Tests.TestsJ.TS38629_360_View_360_View_Card_Pre_pago_Acción_sobre_Historiales_Visualizar_Ultimas_5_recargas_SOS_desde_el_dia_de_la_fecha(TestsJ.java:524)
	at sun.reflect.NativeMethodAccessorImpl.invoke0(Native Method)
	at sun.reflect.NativeMethodAccessorImpl.invoke(Unknown Source)
	at sun.reflect.DelegatingMethodAccessorImpl.invoke(Unknown Source)
	at java.lang.reflect.Method.invoke(Unknown Source)
	at org.testng.internal.MethodInvocationHelper.invokeMethod(MethodInvocationHelper.java:108)
	at org.testng.internal.Invoker.invokeMethod(Invoker.java:661)
	at org.testng.internal.Invoker.invokeTestMethod(Invoker.java:869)
	at org.testng.internal.Invoker.invokeTestMethods(Invoker.java:1193)
	at org.testng.internal.TestMethodWorker.invokeTestMethods(TestMethodWorker.java:126)
	at org.testng.internal.TestMethodWorker.run(TestMethodWorker.java:109)
	at java.util.concurrent.ThreadPoolExecutor.runWorker(Unknown Source)
	at java.util.concurrent.ThreadPoolExecutor$Worker.run(Unknown Source)
	at java.lang.Thread.run(Unknown Source)
]]>
    </error>
  </testcase> <!-- TS38629_360_View_360_View_Card_Pre_pago_Acción_sobre_Historiales_Visualizar_Ultimas_5_recargas_SOS_desde_el_dia_de_la_fecha -->
  <testcase name="TS38166_360_View_UX_360_Card_Historiales_Visualizar_HISTORIAL_DE_AJUSTES" time="5.413" classname="Tests.TestsJ"/>
  <testcase name="TS38170_360_View_UX_360_Card_Historiales_Visualizar_botón_Ver_Detalle_HISTORIAL_DE_AJUSTES" time="4.627" classname="Tests.TestsJ"/>
  <testcase name="TS38416_360_View_360_card_servicio_prepago_Header_Visualizar_campos" time="1.428" classname="Tests.TestsJ"/>
  <testcase name="TS38189_360_View_Historial_de_Recargas_Pre_pago_Visualización_de_registros_y_criterios_de_ordenamiento_Ordenamiento_columna" time="9.017" classname="Tests.TestsJ"/>
  <testcase name="TS38631_360_View_360_View_Card_Pre_pago_Acción_sobre_Historiales_Visualizar_Ultimos_5_ajustes_desde_el_dia_de_la_fecha" time="5.053" classname="Tests.TestsJ">
    <failure type="java.lang.AssertionError" message="expected [true] but found [false]">
      <![CDATA[java.lang.AssertionError: expected [true] but found [false]
	at org.testng.Assert.fail(Assert.java:93)
	at org.testng.Assert.failNotEquals(Assert.java:512)
	at org.testng.Assert.assertTrue(Assert.java:41)
	at org.testng.Assert.assertTrue(Assert.java:51)
	at Tests.TestsJ.TS38631_360_View_360_View_Card_Pre_pago_Acción_sobre_Historiales_Visualizar_Ultimos_5_ajustes_desde_el_dia_de_la_fecha(TestsJ.java:557)
	at sun.reflect.NativeMethodAccessorImpl.invoke0(Native Method)
	at sun.reflect.NativeMethodAccessorImpl.invoke(Unknown Source)
	at sun.reflect.DelegatingMethodAccessorImpl.invoke(Unknown Source)
	at java.lang.reflect.Method.invoke(Unknown Source)
	at org.testng.internal.MethodInvocationHelper.invokeMethod(MethodInvocationHelper.java:108)
	at org.testng.internal.Invoker.invokeMethod(Invoker.java:661)
	at org.testng.internal.Invoker.invokeTestMethod(Invoker.java:869)
	at org.testng.internal.Invoker.invokeTestMethods(Invoker.java:1193)
	at org.testng.internal.TestMethodWorker.invokeTestMethods(TestMethodWorker.java:126)
	at org.testng.internal.TestMethodWorker.run(TestMethodWorker.java:109)
	at java.util.concurrent.ThreadPoolExecutor.runWorker(Unknown Source)
	at java.util.concurrent.ThreadPoolExecutor$Worker.run(Unknown Source)
	at java.lang.Thread.run(Unknown Source)
]]>
    </failure>
  </testcase> <!-- TS38631_360_View_360_View_Card_Pre_pago_Acción_sobre_Historiales_Visualizar_Ultimos_5_ajustes_desde_el_dia_de_la_fecha -->
  <testcase name="TS38419_360_View_360_card_servicio_prepago_Acciones_Historial_de_Recargas" time="4.675" classname="Tests.TestsJ"/>
  <testcase name="TS38630_360_View_360_View_Card_Pre_pago_Acción_sobre_Historiales_Visualizar_Ultimas_5_compras_de_Packs_desde_el_dia_de_la_fecha" time="4.669" classname="Tests.TestsJ">
    <failure type="java.lang.AssertionError" message="expected [true] but found [false]">
      <![CDATA[java.lang.AssertionError: expected [true] but found [false]
	at org.testng.Assert.fail(Assert.java:93)
	at org.testng.Assert.failNotEquals(Assert.java:512)
	at org.testng.Assert.assertTrue(Assert.java:41)
	at org.testng.Assert.assertTrue(Assert.java:51)
	at Tests.TestsJ.TS38630_360_View_360_View_Card_Pre_pago_Acción_sobre_Historiales_Visualizar_Ultimas_5_compras_de_Packs_desde_el_dia_de_la_fecha(TestsJ.java:542)
	at sun.reflect.NativeMethodAccessorImpl.invoke0(Native Method)
	at sun.reflect.NativeMethodAccessorImpl.invoke(Unknown Source)
	at sun.reflect.DelegatingMethodAccessorImpl.invoke(Unknown Source)
	at java.lang.reflect.Method.invoke(Unknown Source)
	at org.testng.internal.MethodInvocationHelper.invokeMethod(MethodInvocationHelper.java:108)
	at org.testng.internal.Invoker.invokeMethod(Invoker.java:661)
	at org.testng.internal.Invoker.invokeTestMethod(Invoker.java:869)
	at org.testng.internal.Invoker.invokeTestMethods(Invoker.java:1193)
	at org.testng.internal.TestMethodWorker.invokeTestMethods(TestMethodWorker.java:126)
	at org.testng.internal.TestMethodWorker.run(TestMethodWorker.java:109)
	at java.util.concurrent.ThreadPoolExecutor.runWorker(Unknown Source)
	at java.util.concurrent.ThreadPoolExecutor$Worker.run(Unknown Source)
	at java.lang.Thread.run(Unknown Source)
]]>
    </failure>
  </testcase> <!-- TS38630_360_View_360_View_Card_Pre_pago_Acción_sobre_Historiales_Visualizar_Ultimas_5_compras_de_Packs_desde_el_dia_de_la_fecha -->
  <testcase name="TS38480_360_View_360_card_servicio_prepago_Persistencia_Visualizar_Acciones_Mis_Servicios" time="2.184" classname="Tests.TestsJ"/>
  <testcase name="TS38068_Consumption_Details_Definicion_de_Filtros_sobre_Calendario_Fecha_Desde_No_se_puede_ingresar_una_fecha_posterior_a_día_de_consulta" time="76.456" classname="Tests.TestsJ"/>
  <testcase name="TS38174_360_View_UX_360_Card_Historiales_Campos_Historial_de_Ajustes" time="4.847" classname="Tests.TestsJ">
    <failure type="java.lang.AssertionError" message="expected [true] but found [false]">
      <![CDATA[java.lang.AssertionError: expected [true] but found [false]
	at org.testng.Assert.fail(Assert.java:93)
	at org.testng.Assert.failNotEquals(Assert.java:512)
	at org.testng.Assert.assertTrue(Assert.java:41)
	at org.testng.Assert.assertTrue(Assert.java:51)
	at Tests.TestsJ.TS38174_360_View_UX_360_Card_Historiales_Campos_Historial_de_Ajustes(TestsJ.java:330)
	at sun.reflect.NativeMethodAccessorImpl.invoke0(Native Method)
	at sun.reflect.NativeMethodAccessorImpl.invoke(Unknown Source)
	at sun.reflect.DelegatingMethodAccessorImpl.invoke(Unknown Source)
	at java.lang.reflect.Method.invoke(Unknown Source)
	at org.testng.internal.MethodInvocationHelper.invokeMethod(MethodInvocationHelper.java:108)
	at org.testng.internal.Invoker.invokeMethod(Invoker.java:661)
	at org.testng.internal.Invoker.invokeTestMethod(Invoker.java:869)
	at org.testng.internal.Invoker.invokeTestMethods(Invoker.java:1193)
	at org.testng.internal.TestMethodWorker.invokeTestMethods(TestMethodWorker.java:126)
	at org.testng.internal.TestMethodWorker.run(TestMethodWorker.java:109)
	at java.util.concurrent.ThreadPoolExecutor.runWorker(Unknown Source)
	at java.util.concurrent.ThreadPoolExecutor$Worker.run(Unknown Source)
	at java.lang.Thread.run(Unknown Source)
]]>
    </failure>
  </testcase> <!-- TS38174_360_View_UX_360_Card_Historiales_Campos_Historial_de_Ajustes -->
  <testcase name="TS38186_360_View_360_View_Historial_de_Packs_Fecha_Desde_y_Hasta_no_superan_los_30_dias" time="2.540" classname="Tests.TestsJ">
    <error type="org.openqa.selenium.WebDriverException" message="unknown error: Element &lt;iframe id=&quot;ext-comp-1019&quot; name=&quot;ext-comp-1019&quot; frameborder=&quot;0&quot; src=&quot;/apex/ta_Care_ConsoleRightSidebar?id=001c000001BMqtL&amp;amp;isdtp=vw&amp;amp;inContextPane=true&amp;amp;nonce=94464606b3fa1f982ca03f2dbf404604feb2b13cf7ed5d609a94c63018dd9695&amp;amp;sfdcIFrameOrigin=https%3A%2F%2Fcrm--sit.cs14.my.salesforce.com&quot; style=&quot;width: 245px; height: 491px;&quot; cd_frame_id_=&quot;8d7673a83379a0438c82951e11677e23&quot;&gt;&lt;/iframe&gt; is not clickable at point (74, 117). Other element would receive the click: &lt;iframe id=&quot;ext-comp-1022&quot; name=&quot;ext-comp-1022&quot; frameborder=&quot;0&quot; src=&quot;/apex/ta_Care_ConsoleLeftSidebar?id=001c000001BMqtL&amp;amp;isdtp=vw&amp;amp;inContextPane=true&amp;amp;nonce=94464606b3fa1f982ca03f2dbf404604feb2b13cf7ed5d609a94c63018dd9695&amp;amp;sfdcIFrameOrigin=https%3A%2F%2Fcrm--sit.cs14.my.salesforce.com&quot; style=&quot;width: 247px; height: 491px;&quot;&gt;&lt;/iframe&gt;
  (Session info: chrome=62.0.3202.94)
  (Driver info: chromedriver=2.30.477700 (0057494ad8732195794a7b32078424f92a5fce41),platform=Windows NT 10.0.15063 x86_64) (WARNING: The server did not provide any stacktrace information)
Command duration or timeout: 90 milliseconds
Build info: version: &#039;3.4.0&#039;, revision: &#039;unknown&#039;, time: &#039;unknown&#039;
System info: host: &#039;LAPTOP-ADMPVVC9&#039;, ip: &#039;10.112.4.196&#039;, os.name: &#039;Windows 10&#039;, os.arch: &#039;amd64&#039;, os.version: &#039;10.0&#039;, java.version: &#039;1.8.0_131&#039;
Driver info: org.openqa.selenium.chrome.ChromeDriver
Capabilities [{applicationCacheEnabled=false, rotatable=false, mobileEmulationEnabled=false, networkConnectionEnabled=false, chrome={chromedriverVersion=2.30.477700 (0057494ad8732195794a7b32078424f92a5fce41), userDataDir=C:\Users\pablo\AppData\Local\Temp\scoped_dir14292_13259}, takesHeapSnapshot=true, pageLoadStrategy=normal, databaseEnabled=false, handlesAlerts=true, hasTouchScreen=false, version=62.0.3202.94, platform=XP, browserConnectionEnabled=false, nativeEvents=true, acceptSslCerts=true, locationContextEnabled=true, webStorageEnabled=true, browserName=chrome, takesScreenshot=true, javascriptEnabled=true, cssSelectorsEnabled=true, unexpectedAlertBehaviour=}]
Session ID: 186b8ca387a6633b9fa565f7b682e346">
      <![CDATA[org.openqa.selenium.WebDriverException: unknown error: Element <iframe id="ext-comp-1019" name="ext-comp-1019" frameborder="0" src="/apex/ta_Care_ConsoleRightSidebar?id=001c000001BMqtL&amp;isdtp=vw&amp;inContextPane=true&amp;nonce=94464606b3fa1f982ca03f2dbf404604feb2b13cf7ed5d609a94c63018dd9695&amp;sfdcIFrameOrigin=https%3A%2F%2Fcrm--sit.cs14.my.salesforce.com" style="width: 245px; height: 491px;" cd_frame_id_="8d7673a83379a0438c82951e11677e23"></iframe> is not clickable at point (74, 117). Other element would receive the click: <iframe id="ext-comp-1022" name="ext-comp-1022" frameborder="0" src="/apex/ta_Care_ConsoleLeftSidebar?id=001c000001BMqtL&amp;isdtp=vw&amp;inContextPane=true&amp;nonce=94464606b3fa1f982ca03f2dbf404604feb2b13cf7ed5d609a94c63018dd9695&amp;sfdcIFrameOrigin=https%3A%2F%2Fcrm--sit.cs14.my.salesforce.com" style="width: 247px; height: 491px;"></iframe>
  (Session info: chrome=62.0.3202.94)
  (Driver info: chromedriver=2.30.477700 (0057494ad8732195794a7b32078424f92a5fce41),platform=Windows NT 10.0.15063 x86_64) (WARNING: The server did not provide any stacktrace information)
Command duration or timeout: 90 milliseconds
Build info: version: '3.4.0', revision: 'unknown', time: 'unknown'
System info: host: 'LAPTOP-ADMPVVC9', ip: '10.112.4.196', os.name: 'Windows 10', os.arch: 'amd64', os.version: '10.0', java.version: '1.8.0_131'
Driver info: org.openqa.selenium.chrome.ChromeDriver
Capabilities [{applicationCacheEnabled=false, rotatable=false, mobileEmulationEnabled=false, networkConnectionEnabled=false, chrome={chromedriverVersion=2.30.477700 (0057494ad8732195794a7b32078424f92a5fce41), userDataDir=C:\Users\pablo\AppData\Local\Temp\scoped_dir14292_13259}, takesHeapSnapshot=true, pageLoadStrategy=normal, databaseEnabled=false, handlesAlerts=true, hasTouchScreen=false, version=62.0.3202.94, platform=XP, browserConnectionEnabled=false, nativeEvents=true, acceptSslCerts=true, locationContextEnabled=true, webStorageEnabled=true, browserName=chrome, takesScreenshot=true, javascriptEnabled=true, cssSelectorsEnabled=true, unexpectedAlertBehaviour=}]
Session ID: 186b8ca387a6633b9fa565f7b682e346
	at sun.reflect.NativeConstructorAccessorImpl.newInstance0(Native Method)
	at sun.reflect.NativeConstructorAccessorImpl.newInstance(Unknown Source)
	at sun.reflect.DelegatingConstructorAccessorImpl.newInstance(Unknown Source)
	at java.lang.reflect.Constructor.newInstance(Unknown Source)
	at org.openqa.selenium.remote.ErrorHandler.createThrowable(ErrorHandler.java:215)
	at org.openqa.selenium.remote.ErrorHandler.throwIfResponseFailed(ErrorHandler.java:167)
	at org.openqa.selenium.remote.RemoteWebDriver.execute(RemoteWebDriver.java:671)
	at org.openqa.selenium.remote.RemoteWebElement.execute(RemoteWebElement.java:272)
	at org.openqa.selenium.remote.RemoteWebElement.click(RemoteWebElement.java:82)
	at Tests.TestsJ.irAGestion(TestsJ.java:181)
	at Tests.TestsJ.TS38186_360_View_360_View_Historial_de_Packs_Fecha_Desde_y_Hasta_no_superan_los_30_dias(TestsJ.java:346)
	at sun.reflect.NativeMethodAccessorImpl.invoke0(Native Method)
	at sun.reflect.NativeMethodAccessorImpl.invoke(Unknown Source)
	at sun.reflect.DelegatingMethodAccessorImpl.invoke(Unknown Source)
	at java.lang.reflect.Method.invoke(Unknown Source)
	at org.testng.internal.MethodInvocationHelper.invokeMethod(MethodInvocationHelper.java:108)
	at org.testng.internal.Invoker.invokeMethod(Invoker.java:661)
	at org.testng.internal.Invoker.invokeTestMethod(Invoker.java:869)
	at org.testng.internal.Invoker.invokeTestMethods(Invoker.java:1193)
	at org.testng.internal.TestMethodWorker.invokeTestMethods(TestMethodWorker.java:126)
	at org.testng.internal.TestMethodWorker.run(TestMethodWorker.java:109)
	at java.util.concurrent.ThreadPoolExecutor.runWorker(Unknown Source)
	at java.util.concurrent.ThreadPoolExecutor$Worker.run(Unknown Source)
	at java.lang.Thread.run(Unknown Source)
]]>
    </error>
  </testcase> <!-- TS38186_360_View_360_View_Historial_de_Packs_Fecha_Desde_y_Hasta_no_superan_los_30_dias -->
  <testcase name="TS38628_360_View_360_View_Card_Pre_pago_Acción_sobre_Historiales_Visualizar_Ultimas_5_recargas_desde_el_dia_de_la_fecha" time="4.732" classname="Tests.TestsJ">
    <failure type="java.lang.AssertionError" message="expected [true] but found [false]">
      <![CDATA[java.lang.AssertionError: expected [true] but found [false]
	at org.testng.Assert.fail(Assert.java:93)
	at org.testng.Assert.failNotEquals(Assert.java:512)
	at org.testng.Assert.assertTrue(Assert.java:41)
	at org.testng.Assert.assertTrue(Assert.java:51)
	at Tests.TestsJ.TS38628_360_View_360_View_Card_Pre_pago_Acción_sobre_Historiales_Visualizar_Ultimas_5_recargas_desde_el_dia_de_la_fecha(TestsJ.java:512)
	at sun.reflect.NativeMethodAccessorImpl.invoke0(Native Method)
	at sun.reflect.NativeMethodAccessorImpl.invoke(Unknown Source)
	at sun.reflect.DelegatingMethodAccessorImpl.invoke(Unknown Source)
	at java.lang.reflect.Method.invoke(Unknown Source)
	at org.testng.internal.MethodInvocationHelper.invokeMethod(MethodInvocationHelper.java:108)
	at org.testng.internal.Invoker.invokeMethod(Invoker.java:661)
	at org.testng.internal.Invoker.invokeTestMethod(Invoker.java:869)
	at org.testng.internal.Invoker.invokeTestMethods(Invoker.java:1193)
	at org.testng.internal.TestMethodWorker.invokeTestMethods(TestMethodWorker.java:126)
	at org.testng.internal.TestMethodWorker.run(TestMethodWorker.java:109)
	at java.util.concurrent.ThreadPoolExecutor.runWorker(Unknown Source)
	at java.util.concurrent.ThreadPoolExecutor$Worker.run(Unknown Source)
	at java.lang.Thread.run(Unknown Source)
]]>
    </failure>
  </testcase> <!-- TS38628_360_View_360_View_Card_Pre_pago_Acción_sobre_Historiales_Visualizar_Ultimas_5_recargas_desde_el_dia_de_la_fecha -->
  <testcase name="TS38169_360_View_UX_360_Card_Historiales_Visualizar_botón_Ver_Detalle_HISTORIAL_DE_RECARGAS_SOS" time="4.696" classname="Tests.TestsJ">
    <error type="java.lang.NullPointerException">
      <![CDATA[java.lang.NullPointerException
	at Tests.TestsJ.TS38169_360_View_UX_360_Card_Historiales_Visualizar_botón_Ver_Detalle_HISTORIAL_DE_RECARGAS_SOS(TestsJ.java:277)
	at sun.reflect.NativeMethodAccessorImpl.invoke0(Native Method)
	at sun.reflect.NativeMethodAccessorImpl.invoke(Unknown Source)
	at sun.reflect.DelegatingMethodAccessorImpl.invoke(Unknown Source)
	at java.lang.reflect.Method.invoke(Unknown Source)
	at org.testng.internal.MethodInvocationHelper.invokeMethod(MethodInvocationHelper.java:108)
	at org.testng.internal.Invoker.invokeMethod(Invoker.java:661)
	at org.testng.internal.Invoker.invokeTestMethod(Invoker.java:869)
	at org.testng.internal.Invoker.invokeTestMethods(Invoker.java:1193)
	at org.testng.internal.TestMethodWorker.invokeTestMethods(TestMethodWorker.java:126)
	at org.testng.internal.TestMethodWorker.run(TestMethodWorker.java:109)
	at java.util.concurrent.ThreadPoolExecutor.runWorker(Unknown Source)
	at java.util.concurrent.ThreadPoolExecutor$Worker.run(Unknown Source)
	at java.lang.Thread.run(Unknown Source)
]]>
    </error>
  </testcase> <!-- TS38169_360_View_UX_360_Card_Historiales_Visualizar_botón_Ver_Detalle_HISTORIAL_DE_RECARGAS_SOS -->
</testsuite> <!-- Tests.TestsJ -->
