<?xml version="1.0" encoding="UTF-8"?>
<!-- Generated by org.testng.reporters.JUnitReportReporter -->
<testsuite skipped="7" hostname="LAPTOP-ADMPVVC9" name="Tests.TechnicalCareCSRSTT2" tests="8" failures="0" timestamp="01 dic 2017 04:20:56 GMT" time="34.716" errors="1">
  <testcase name="TS16160_CRM_Fase2_TechnicalCare_CSR_STT2_Vista1_Mantención_de_datos" time="0.000" classname="Tests.TechnicalCareCSRSTT2">
    <skipped/>
  </testcase> <!-- TS16160_CRM_Fase2_TechnicalCare_CSR_STT2_Vista1_Mantención_de_datos -->
  <testcase name="TS16345_CRM_Fase2_TechnicalCare_CSR_STT2_Vista1_Visualizacion_Del_Comentario_Anterior" time="0.000" classname="Tests.TechnicalCareCSRSTT2">
    <skipped/>
  </testcase> <!-- TS16345_CRM_Fase2_TechnicalCare_CSR_STT2_Vista1_Visualizacion_Del_Comentario_Anterior -->
  <testcase name="TS16150_CRM_Fase2_TechnicalCare_CSR_STT2_Vista5_Listar_Todas_Las_Reparaciones" time="0.000" classname="Tests.TechnicalCareCSRSTT2">
    <skipped/>
  </testcase> <!-- TS16150_CRM_Fase2_TechnicalCare_CSR_STT2_Vista5_Listar_Todas_Las_Reparaciones -->
  <testcase name="TS16161_CRM_Fase2_TechnicalCare_CSR_STT2_Vista1_Mantención_De_Datos_Solo_Lectura" time="0.000" classname="Tests.TechnicalCareCSRSTT2">
    <skipped/>
  </testcase> <!-- TS16161_CRM_Fase2_TechnicalCare_CSR_STT2_Vista1_Mantención_De_Datos_Solo_Lectura -->
  <testcase name="setUp" time="34.716" classname="Tests.TechnicalCareCSRSTT2">
    <error type="org.openqa.selenium.InvalidElementStateException" message="invalid element state: Element is not currently interactable and may not be manipulated
  (Session info: chrome=62.0.3202.94)
  (Driver info: chromedriver=2.30.477700 (0057494ad8732195794a7b32078424f92a5fce41),platform=Windows NT 10.0.15063 x86_64) (WARNING: The server did not provide any stacktrace information)
Command duration or timeout: 45 milliseconds
Build info: version: &#039;3.4.0&#039;, revision: &#039;unknown&#039;, time: &#039;unknown&#039;
System info: host: &#039;LAPTOP-ADMPVVC9&#039;, ip: &#039;10.112.4.196&#039;, os.name: &#039;Windows 10&#039;, os.arch: &#039;amd64&#039;, os.version: &#039;10.0&#039;, java.version: &#039;1.8.0_131&#039;
Driver info: org.openqa.selenium.chrome.ChromeDriver
Capabilities [{applicationCacheEnabled=false, rotatable=false, mobileEmulationEnabled=false, networkConnectionEnabled=false, chrome={chromedriverVersion=2.30.477700 (0057494ad8732195794a7b32078424f92a5fce41), userDataDir=C:\Users\pablo\AppData\Local\Temp\scoped_dir13092_39}, takesHeapSnapshot=true, pageLoadStrategy=normal, databaseEnabled=false, handlesAlerts=true, hasTouchScreen=false, version=62.0.3202.94, platform=XP, browserConnectionEnabled=false, nativeEvents=true, acceptSslCerts=true, locationContextEnabled=true, webStorageEnabled=true, browserName=chrome, takesScreenshot=true, javascriptEnabled=true, cssSelectorsEnabled=true, unexpectedAlertBehaviour=}]
Session ID: 5c0725375ee58359a33ce7bf13956983">
      <![CDATA[org.openqa.selenium.InvalidElementStateException: invalid element state: Element is not currently interactable and may not be manipulated
  (Session info: chrome=62.0.3202.94)
  (Driver info: chromedriver=2.30.477700 (0057494ad8732195794a7b32078424f92a5fce41),platform=Windows NT 10.0.15063 x86_64) (WARNING: The server did not provide any stacktrace information)
Command duration or timeout: 45 milliseconds
Build info: version: '3.4.0', revision: 'unknown', time: 'unknown'
System info: host: 'LAPTOP-ADMPVVC9', ip: '10.112.4.196', os.name: 'Windows 10', os.arch: 'amd64', os.version: '10.0', java.version: '1.8.0_131'
Driver info: org.openqa.selenium.chrome.ChromeDriver
Capabilities [{applicationCacheEnabled=false, rotatable=false, mobileEmulationEnabled=false, networkConnectionEnabled=false, chrome={chromedriverVersion=2.30.477700 (0057494ad8732195794a7b32078424f92a5fce41), userDataDir=C:\Users\pablo\AppData\Local\Temp\scoped_dir13092_39}, takesHeapSnapshot=true, pageLoadStrategy=normal, databaseEnabled=false, handlesAlerts=true, hasTouchScreen=false, version=62.0.3202.94, platform=XP, browserConnectionEnabled=false, nativeEvents=true, acceptSslCerts=true, locationContextEnabled=true, webStorageEnabled=true, browserName=chrome, takesScreenshot=true, javascriptEnabled=true, cssSelectorsEnabled=true, unexpectedAlertBehaviour=}]
Session ID: 5c0725375ee58359a33ce7bf13956983
	at sun.reflect.NativeConstructorAccessorImpl.newInstance0(Native Method)
	at sun.reflect.NativeConstructorAccessorImpl.newInstance(Unknown Source)
	at sun.reflect.DelegatingConstructorAccessorImpl.newInstance(Unknown Source)
	at java.lang.reflect.Constructor.newInstance(Unknown Source)
	at org.openqa.selenium.remote.ErrorHandler.createThrowable(ErrorHandler.java:215)
	at org.openqa.selenium.remote.ErrorHandler.throwIfResponseFailed(ErrorHandler.java:167)
	at org.openqa.selenium.remote.RemoteWebDriver.execute(RemoteWebDriver.java:671)
	at org.openqa.selenium.remote.RemoteWebElement.execute(RemoteWebElement.java:272)
	at org.openqa.selenium.remote.RemoteWebElement.clear(RemoteWebElement.java:114)
	at Pages.Accounts.findAndClickButton(Accounts.java:167)
	at Tests.TechnicalCareCSRSTT2.setUp(TechnicalCareCSRSTT2.java:67)
	at sun.reflect.NativeMethodAccessorImpl.invoke0(Native Method)
	at sun.reflect.NativeMethodAccessorImpl.invoke(Unknown Source)
	at sun.reflect.DelegatingMethodAccessorImpl.invoke(Unknown Source)
	at java.lang.reflect.Method.invoke(Unknown Source)
	at org.testng.internal.MethodInvocationHelper.invokeMethod(MethodInvocationHelper.java:108)
	at org.testng.internal.Invoker.invokeConfigurationMethod(Invoker.java:523)
	at org.testng.internal.Invoker.invokeConfigurations(Invoker.java:224)
	at org.testng.internal.Invoker.invokeMethod(Invoker.java:599)
	at org.testng.internal.Invoker.invokeTestMethod(Invoker.java:869)
	at org.testng.internal.Invoker.invokeTestMethods(Invoker.java:1193)
	at org.testng.internal.TestMethodWorker.invokeTestMethods(TestMethodWorker.java:126)
	at org.testng.internal.TestMethodWorker.run(TestMethodWorker.java:109)
	at java.util.concurrent.ThreadPoolExecutor.runWorker(Unknown Source)
	at java.util.concurrent.ThreadPoolExecutor$Worker.run(Unknown Source)
	at java.lang.Thread.run(Unknown Source)
]]>
    </error>
  </testcase> <!-- setUp -->
  <testcase name="TS16144_CRM_Fase2_TechnicalCare_CSR_STT2_Vista1_Resumen_De_Gesiton_creada" time="0.000" classname="Tests.TechnicalCareCSRSTT2">
    <skipped/>
  </testcase> <!-- TS16144_CRM_Fase2_TechnicalCare_CSR_STT2_Vista1_Resumen_De_Gesiton_creada -->
  <testcase name="TS16138_CRM_Fase2_TechnicalCare_CSR_STT2_Vista5_Comentario_Error" time="0.000" classname="Tests.TechnicalCareCSRSTT2">
    <skipped/>
  </testcase> <!-- TS16138_CRM_Fase2_TechnicalCare_CSR_STT2_Vista5_Comentario_Error -->
  <testcase name="TS16141_CRM_Fase2_TechnicalCare_CSR_STT2_Vista3_Descarga" time="0.000" classname="Tests.TechnicalCareCSRSTT2">
    <skipped/>
  </testcase> <!-- TS16141_CRM_Fase2_TechnicalCare_CSR_STT2_Vista3_Descarga -->
</testsuite> <!-- Tests.TechnicalCareCSRSTT2 -->
